2025-05-01 21:17:48.550 [info] [main] Log level: Info
2025-05-01 21:17:48.550 [info] [main] Validating found git in: "git"
2025-05-01 21:17:48.550 [info] [main] Using git "2.49.0" from "git"
2025-05-01 21:17:48.550 [info] [Model][doInitialScan] Initial repository scan started
2025-05-01 21:17:48.550 [info] > git rev-parse --show-toplevel [5ms]
2025-05-01 21:17:48.550 [info] > git rev-parse --git-dir --git-common-dir [2ms]
2025-05-01 21:17:48.550 [info] [Model][openRepository] Opened repository: /home/mochi/portfolio
2025-05-01 21:17:48.607 [info] > git rev-parse --show-toplevel [36ms]
2025-05-01 21:17:48.608 [info] > git config --get commit.template [49ms]
2025-05-01 21:17:48.637 [info] > git rev-parse --show-toplevel [14ms]
2025-05-01 21:17:48.643 [info] > git for-each-ref --format=%(refname)%00%(upstream:short)%00%(objectname)%00%(upstream:track)%00%(upstream:remotename)%00%(upstream:remoteref) refs/heads/main refs/remotes/main [8ms]
2025-05-01 21:17:48.648 [warning] [Git][revParse] Unable to read file: ENOENT: no such file or directory, open '/home/mochi/portfolio/.git/refs/remotes/origin/main'
2025-05-01 21:17:48.649 [info] > git rev-parse --show-toplevel [7ms]
2025-05-01 21:17:48.661 [info] > git rev-parse refs/remotes/origin/main [13ms]
2025-05-01 21:17:48.691 [info] > git for-each-ref --sort -committerdate --format %(refname)%00%(objectname)%00%(*objectname) [12ms]
2025-05-01 21:17:48.694 [info] > git rev-parse --show-toplevel [34ms]
2025-05-01 21:17:48.704 [info] > git rev-parse --show-toplevel [2ms]
2025-05-01 21:17:48.717 [info] > git rev-parse --show-toplevel [1ms]
2025-05-01 21:17:48.718 [info] [Model][doInitialScan] Initial repository scan completed - repositories (1), closed repositories (0), parent repositories (0), unsafe repositories (0)
2025-05-01 21:17:48.831 [info] > git status -z -uall [165ms]
2025-05-01 21:17:48.860 [info] > git for-each-ref --format=%(refname)%00%(upstream:short)%00%(objectname)%00%(upstream:track)%00%(upstream:remotename)%00%(upstream:remoteref) refs/heads/main refs/remotes/main [9ms]
2025-05-01 21:17:48.865 [info] > git config --get commit.template [6ms]
2025-05-01 21:17:48.866 [info] > git config --get --local branch.main.vscode-merge-base [2ms]
2025-05-01 21:17:48.888 [info] > git for-each-ref --format=%(refname)%00%(upstream:short)%00%(objectname)%00%(upstream:track)%00%(upstream:remotename)%00%(upstream:remoteref) refs/heads/main refs/remotes/main [14ms]
2025-05-01 21:17:48.888 [info] > git for-each-ref --format=%(refname)%00%(upstream:short)%00%(objectname)%00%(upstream:track)%00%(upstream:remotename)%00%(upstream:remoteref) refs/heads/origin/main refs/remotes/origin/main [18ms]
2025-05-01 21:17:48.904 [warning] [Git][revParse] Unable to read file: ENOENT: no such file or directory, open '/home/mochi/portfolio/.git/refs/remotes/origin/main'
2025-05-01 21:17:48.905 [info] > git merge-base refs/heads/main refs/remotes/origin/main [9ms]
2025-05-01 21:17:48.936 [info] > git diff --name-status -z --diff-filter=ADMR 3f272894dc4c06209bff9ef5f660452ba415e85e...refs/remotes/origin/main [25ms]
2025-05-01 21:17:48.937 [info] > git rev-parse refs/remotes/origin/main [33ms]
2025-05-01 21:17:48.963 [info] > git show --textconv :src/routes/+page.svelte [7ms]
2025-05-01 21:17:48.963 [info] > git ls-files --stage -- src/routes/+page.svelte [2ms]
2025-05-01 21:17:48.970 [info] > git for-each-ref --sort -committerdate --format %(refname)%00%(objectname)%00%(*objectname) [25ms]
2025-05-01 21:17:48.974 [info] > git cat-file -s e32c2e254d6471df2319b7cb03158eba487f1331 [7ms]
2025-05-01 21:17:49.057 [info] > git blame --root --incremental 3f272894dc4c06209bff9ef5f660452ba415e85e -- src/routes/+page.svelte [2ms]
2025-05-01 21:17:49.096 [info] > git status -z -uall [156ms]
2025-05-01 21:17:49.123 [info] > git check-ignore -v -z --stdin [2ms]
2025-05-01 21:18:02.251 [info] > git config --get commit.template [6ms]
2025-05-01 21:18:02.252 [info] > git for-each-ref --format=%(refname)%00%(upstream:short)%00%(objectname)%00%(upstream:track)%00%(upstream:remotename)%00%(upstream:remoteref) refs/heads/main refs/remotes/main [2ms]
2025-05-01 21:18:02.256 [warning] [Git][revParse] Unable to read file: ENOENT: no such file or directory, open '/home/mochi/portfolio/.git/refs/remotes/origin/main'
2025-05-01 21:18:02.257 [info] > git rev-parse refs/remotes/origin/main [1ms]
2025-05-01 21:18:02.267 [info] > git for-each-ref --sort -committerdate --format %(refname)%00%(objectname)%00%(*objectname) [1ms]
2025-05-01 21:18:02.377 [info] > git status -z -uall [116ms]
2025-05-01 21:48:39.014 [info] > git config --get commit.template [2ms]
2025-05-01 21:48:39.027 [info] > git for-each-ref --format=%(refname)%00%(upstream:short)%00%(objectname)%00%(upstream:track)%00%(upstream:remotename)%00%(upstream:remoteref) refs/heads/main refs/remotes/main [3ms]
2025-05-01 21:48:39.032 [warning] [Git][revParse] Unable to read file: ENOENT: no such file or directory, open '/home/mochi/portfolio/.git/refs/remotes/origin/main'
2025-05-01 21:48:39.034 [info] > git rev-parse refs/remotes/origin/main [2ms]
2025-05-01 21:48:39.054 [info] > git for-each-ref --sort -committerdate --format %(refname)%00%(objectname)%00%(*objectname) [2ms]
2025-05-01 21:48:39.187 [info] > git status -z -uall [144ms]
2025-05-01 21:57:22.813 [info] > git config --get commit.template [7ms]
2025-05-01 21:57:22.814 [info] > git for-each-ref --format=%(refname)%00%(upstream:short)%00%(objectname)%00%(upstream:track)%00%(upstream:remotename)%00%(upstream:remoteref) refs/heads/main refs/remotes/main [2ms]
2025-05-01 21:57:22.819 [warning] [Git][revParse] Unable to read file: ENOENT: no such file or directory, open '/home/mochi/portfolio/.git/refs/remotes/origin/main'
2025-05-01 21:57:22.820 [info] > git rev-parse refs/remotes/origin/main [2ms]
2025-05-01 21:57:22.848 [info] > git for-each-ref --sort -committerdate --format %(refname)%00%(objectname)%00%(*objectname) [3ms]
2025-05-01 21:57:22.992 [info] > git status -z -uall [160ms]
2025-05-01 21:57:47.919 [info] > git config --get commit.template [11ms]
2025-05-01 21:57:47.921 [info] > git for-each-ref --format=%(refname)%00%(upstream:short)%00%(objectname)%00%(upstream:track)%00%(upstream:remotename)%00%(upstream:remoteref) refs/heads/main refs/remotes/main [3ms]
2025-05-01 21:57:47.935 [warning] [Git][revParse] Unable to read file: ENOENT: no such file or directory, open '/home/mochi/portfolio/.git/refs/remotes/origin/main'
2025-05-01 21:57:47.938 [info] > git rev-parse refs/remotes/origin/main [3ms]
2025-05-01 21:57:47.968 [info] > git for-each-ref --sort -committerdate --format %(refname)%00%(objectname)%00%(*objectname) [4ms]
2025-05-01 21:57:48.091 [info] > git status -z -uall [143ms]
2025-05-01 21:58:02.237 [info] > git config --get commit.template [3ms]
2025-05-01 21:58:02.253 [info] > git for-each-ref --format=%(refname)%00%(upstream:short)%00%(objectname)%00%(upstream:track)%00%(upstream:remotename)%00%(upstream:remoteref) refs/heads/main refs/remotes/main [3ms]
2025-05-01 21:58:02.261 [warning] [Git][revParse] Unable to read file: ENOENT: no such file or directory, open '/home/mochi/portfolio/.git/refs/remotes/origin/main'
2025-05-01 21:58:02.263 [info] > git rev-parse refs/remotes/origin/main [2ms]
2025-05-01 21:58:02.282 [info] > git for-each-ref --sort -committerdate --format %(refname)%00%(objectname)%00%(*objectname) [1ms]
2025-05-01 21:58:02.393 [info] > git status -z -uall [120ms]
2025-05-01 21:58:09.359 [info] > git config --get commit.template [2ms]
2025-05-01 21:58:09.365 [info] > git for-each-ref --format=%(refname)%00%(upstream:short)%00%(objectname)%00%(upstream:track)%00%(upstream:remotename)%00%(upstream:remoteref) refs/heads/main refs/remotes/main [2ms]
2025-05-01 21:58:09.370 [warning] [Git][revParse] Unable to read file: ENOENT: no such file or directory, open '/home/mochi/portfolio/.git/refs/remotes/origin/main'
2025-05-01 21:58:09.372 [info] > git rev-parse refs/remotes/origin/main [2ms]
2025-05-01 21:58:09.386 [info] > git for-each-ref --sort -committerdate --format %(refname)%00%(objectname)%00%(*objectname) [2ms]
2025-05-01 21:58:09.511 [info] > git status -z -uall [132ms]
2025-05-01 21:59:23.379 [info] > git config --get commit.template [3ms]
2025-05-01 21:59:23.392 [info] > git for-each-ref --format=%(refname)%00%(upstream:short)%00%(objectname)%00%(upstream:track)%00%(upstream:remotename)%00%(upstream:remoteref) refs/heads/main refs/remotes/main [3ms]
2025-05-01 21:59:23.398 [warning] [Git][revParse] Unable to read file: ENOENT: no such file or directory, open '/home/mochi/portfolio/.git/refs/remotes/origin/main'
2025-05-01 21:59:23.399 [info] > git rev-parse refs/remotes/origin/main [1ms]
2025-05-01 21:59:23.416 [info] > git for-each-ref --sort -committerdate --format %(refname)%00%(objectname)%00%(*objectname) [2ms]
2025-05-01 21:59:23.539 [info] > git status -z -uall [131ms]
2025-05-01 21:59:40.346 [info] > git config --get commit.template [5ms]
2025-05-01 21:59:40.347 [info] > git for-each-ref --format=%(refname)%00%(upstream:short)%00%(objectname)%00%(upstream:track)%00%(upstream:remotename)%00%(upstream:remoteref) refs/heads/main refs/remotes/main [1ms]
2025-05-01 21:59:40.352 [warning] [Git][revParse] Unable to read file: ENOENT: no such file or directory, open '/home/mochi/portfolio/.git/refs/remotes/origin/main'
2025-05-01 21:59:40.353 [info] > git rev-parse refs/remotes/origin/main [1ms]
2025-05-01 21:59:40.365 [info] > git for-each-ref --sort -committerdate --format %(refname)%00%(objectname)%00%(*objectname) [1ms]
2025-05-01 21:59:40.477 [info] > git status -z -uall [117ms]
2025-05-01 21:59:58.585 [info] > git config --get commit.template [7ms]
2025-05-01 21:59:58.586 [info] > git for-each-ref --format=%(refname)%00%(upstream:short)%00%(objectname)%00%(upstream:track)%00%(upstream:remotename)%00%(upstream:remoteref) refs/heads/main refs/remotes/main [2ms]
2025-05-01 21:59:58.592 [warning] [Git][revParse] Unable to read file: ENOENT: no such file or directory, open '/home/mochi/portfolio/.git/refs/remotes/origin/main'
2025-05-01 21:59:58.594 [info] > git rev-parse refs/remotes/origin/main [1ms]
2025-05-01 21:59:58.607 [info] > git for-each-ref --sort -committerdate --format %(refname)%00%(objectname)%00%(*objectname) [1ms]
2025-05-01 21:59:58.717 [info] > git status -z -uall [117ms]
2025-05-01 22:00:22.316 [info] > git config --get commit.template [4ms]
2025-05-01 22:00:22.326 [info] > git for-each-ref --format=%(refname)%00%(upstream:short)%00%(objectname)%00%(upstream:track)%00%(upstream:remotename)%00%(upstream:remoteref) refs/heads/main refs/remotes/main [2ms]
2025-05-01 22:00:22.330 [warning] [Git][revParse] Unable to read file: ENOENT: no such file or directory, open '/home/mochi/portfolio/.git/refs/remotes/origin/main'
2025-05-01 22:00:22.331 [info] > git rev-parse refs/remotes/origin/main [1ms]
2025-05-01 22:00:22.350 [info] > git for-each-ref --sort -committerdate --format %(refname)%00%(objectname)%00%(*objectname) [2ms]
2025-05-01 22:00:22.473 [info] > git status -z -uall [135ms]
2025-05-01 22:00:53.804 [info] > git config --get commit.template [1ms]
2025-05-01 22:00:53.811 [info] > git for-each-ref --format=%(refname)%00%(upstream:short)%00%(objectname)%00%(upstream:track)%00%(upstream:remotename)%00%(upstream:remoteref) refs/heads/main refs/remotes/main [2ms]
2025-05-01 22:00:53.817 [warning] [Git][revParse] Unable to read file: ENOENT: no such file or directory, open '/home/mochi/portfolio/.git/refs/remotes/origin/main'
2025-05-01 22:00:53.818 [info] > git rev-parse refs/remotes/origin/main [1ms]
2025-05-01 22:00:53.831 [info] > git for-each-ref --sort -committerdate --format %(refname)%00%(objectname)%00%(*objectname) [1ms]
2025-05-01 22:00:53.945 [info] > git status -z -uall [121ms]
2025-05-01 22:05:36.494 [info] > git show --textconv :src/app.css [6ms]
2025-05-01 22:05:36.494 [info] > git ls-files --stage -- src/app.css [1ms]
2025-05-01 22:05:36.500 [info] > git cat-file -s a35b86dd9fe9b58e676c26d5fd881f0aba337877 [1ms]
2025-05-01 22:05:41.581 [info] > git show --textconv :src/app.html [6ms]
2025-05-01 22:05:41.581 [info] > git ls-files --stage -- src/app.html [1ms]
2025-05-01 22:05:41.587 [info] > git cat-file -s c17352e780b3527e6e4896f91c2145027c2fa5fd [2ms]
2025-05-01 22:05:44.168 [info] > git show --textconv :src/routes/+layout.svelte [12ms]
2025-05-01 22:05:44.168 [info] > git ls-files --stage -- src/routes/+layout.svelte [1ms]
2025-05-01 22:05:44.175 [info] > git cat-file -s 35b3a000433abceca0f8e801c8ec3a470e107f9c [1ms]
2025-05-01 22:06:03.786 [info] > git blame --root --incremental 3f272894dc4c06209bff9ef5f660452ba415e85e -- src/routes/+layout.svelte [6ms]
2025-05-01 22:06:25.126 [info] > git config --get commit.template [2ms]
2025-05-01 22:06:25.139 [info] > git for-each-ref --format=%(refname)%00%(upstream:short)%00%(objectname)%00%(upstream:track)%00%(upstream:remotename)%00%(upstream:remoteref) refs/heads/main refs/remotes/main [2ms]
2025-05-01 22:06:25.150 [warning] [Git][revParse] Unable to read file: ENOENT: no such file or directory, open '/home/mochi/portfolio/.git/refs/remotes/origin/main'
2025-05-01 22:06:25.153 [info] > git rev-parse refs/remotes/origin/main [4ms]
2025-05-01 22:06:25.175 [info] > git for-each-ref --sort -committerdate --format %(refname)%00%(objectname)%00%(*objectname) [3ms]
2025-05-01 22:06:25.287 [info] > git status -z -uall [128ms]
2025-05-01 22:06:31.689 [info] > git show --textconv :src/routes/+page.svelte [10ms]
2025-05-01 22:06:31.690 [info] > git ls-files --stage -- src/routes/+page.svelte [2ms]
2025-05-01 22:06:31.701 [info] > git cat-file -s e32c2e254d6471df2319b7cb03158eba487f1331 [2ms]
2025-05-01 22:08:05.648 [info] > git config --get commit.template [7ms]
2025-05-01 22:08:05.651 [info] > git for-each-ref --format=%(refname)%00%(upstream:short)%00%(objectname)%00%(upstream:track)%00%(upstream:remotename)%00%(upstream:remoteref) refs/heads/main refs/remotes/main [3ms]
2025-05-01 22:08:05.657 [warning] [Git][revParse] Unable to read file: ENOENT: no such file or directory, open '/home/mochi/portfolio/.git/refs/remotes/origin/main'
2025-05-01 22:08:05.658 [info] > git rev-parse refs/remotes/origin/main [1ms]
2025-05-01 22:08:05.671 [info] > git for-each-ref --sort -committerdate --format %(refname)%00%(objectname)%00%(*objectname) [1ms]
2025-05-01 22:08:05.790 [info] > git status -z -uall [126ms]
2025-05-01 22:08:29.250 [info] > git show --textconv :src/routes/+layout.svelte [9ms]
2025-05-01 22:08:29.252 [info] > git ls-files --stage -- src/routes/+layout.svelte [3ms]
2025-05-01 22:08:29.264 [info] > git cat-file -s 35b3a000433abceca0f8e801c8ec3a470e107f9c [3ms]
2025-05-01 22:08:58.623 [info] > git show --textconv :src/routes/+page.svelte [9ms]
2025-05-01 22:08:58.624 [info] > git ls-files --stage -- src/routes/+page.svelte [1ms]
2025-05-01 22:08:58.631 [info] > git cat-file -s e32c2e254d6471df2319b7cb03158eba487f1331 [2ms]
2025-05-01 22:09:38.272 [info] > git config --get commit.template [2ms]
2025-05-01 22:09:38.282 [info] > git for-each-ref --format=%(refname)%00%(upstream:short)%00%(objectname)%00%(upstream:track)%00%(upstream:remotename)%00%(upstream:remoteref) refs/heads/main refs/remotes/main [1ms]
2025-05-01 22:09:38.287 [warning] [Git][revParse] Unable to read file: ENOENT: no such file or directory, open '/home/mochi/portfolio/.git/refs/remotes/origin/main'
2025-05-01 22:09:38.288 [info] > git rev-parse refs/remotes/origin/main [1ms]
2025-05-01 22:09:38.308 [info] > git for-each-ref --sort -committerdate --format %(refname)%00%(objectname)%00%(*objectname) [3ms]
2025-05-01 22:09:38.459 [info] > git status -z -uall [161ms]
2025-05-01 22:10:03.375 [info] > git config --get commit.template [9ms]
2025-05-01 22:10:03.377 [info] > git for-each-ref --format=%(refname)%00%(upstream:short)%00%(objectname)%00%(upstream:track)%00%(upstream:remotename)%00%(upstream:remoteref) refs/heads/main refs/remotes/main [3ms]
2025-05-01 22:10:03.384 [warning] [Git][revParse] Unable to read file: ENOENT: no such file or directory, open '/home/mochi/portfolio/.git/refs/remotes/origin/main'
2025-05-01 22:10:03.385 [info] > git rev-parse refs/remotes/origin/main [1ms]
2025-05-01 22:10:03.401 [info] > git for-each-ref --sort -committerdate --format %(refname)%00%(objectname)%00%(*objectname) [2ms]
2025-05-01 22:10:03.525 [info] > git status -z -uall [135ms]
2025-05-01 22:10:06.769 [info] > git show --textconv :src/routes/+layout.svelte [6ms]
2025-05-01 22:10:06.770 [info] > git ls-files --stage -- src/routes/+layout.svelte [1ms]
2025-05-01 22:10:06.779 [info] > git cat-file -s 35b3a000433abceca0f8e801c8ec3a470e107f9c [1ms]
2025-05-01 22:11:25.641 [info] > git ls-files --stage -- src/app.css [2ms]
2025-05-01 22:11:25.648 [info] > git show --textconv :src/app.css [19ms]
2025-05-01 22:11:25.649 [info] > git cat-file -s a35b86dd9fe9b58e676c26d5fd881f0aba337877 [2ms]
2025-05-01 22:11:26.867 [info] > git blame --root --incremental 3f272894dc4c06209bff9ef5f660452ba415e85e -- src/app.css [4ms]
2025-05-01 22:11:44.887 [info] > git config --get commit.template [5ms]
2025-05-01 22:11:44.890 [info] > git for-each-ref --format=%(refname)%00%(upstream:short)%00%(objectname)%00%(upstream:track)%00%(upstream:remotename)%00%(upstream:remoteref) refs/heads/main refs/remotes/main [4ms]
2025-05-01 22:11:44.896 [warning] [Git][revParse] Unable to read file: ENOENT: no such file or directory, open '/home/mochi/portfolio/.git/refs/remotes/origin/main'
2025-05-01 22:11:44.898 [info] > git rev-parse refs/remotes/origin/main [1ms]
2025-05-01 22:11:44.910 [info] > git for-each-ref --sort -committerdate --format %(refname)%00%(objectname)%00%(*objectname) [1ms]
2025-05-01 22:11:45.025 [info] > git status -z -uall [122ms]
2025-05-01 22:11:50.242 [info] > git config --get commit.template [7ms]
2025-05-01 22:11:50.244 [info] > git for-each-ref --format=%(refname)%00%(upstream:short)%00%(objectname)%00%(upstream:track)%00%(upstream:remotename)%00%(upstream:remoteref) refs/heads/main refs/remotes/main [2ms]
2025-05-01 22:11:50.249 [warning] [Git][revParse] Unable to read file: ENOENT: no such file or directory, open '/home/mochi/portfolio/.git/refs/remotes/origin/main'
2025-05-01 22:11:50.251 [info] > git rev-parse refs/remotes/origin/main [1ms]
2025-05-01 22:11:50.262 [info] > git for-each-ref --sort -committerdate --format %(refname)%00%(objectname)%00%(*objectname) [1ms]
2025-05-01 22:11:50.379 [info] > git status -z -uall [123ms]
2025-05-01 22:12:11.487 [info] > git show --textconv :src/routes/+page.svelte [10ms]
2025-05-01 22:12:11.488 [info] > git ls-files --stage -- src/routes/+page.svelte [2ms]
2025-05-01 22:12:11.498 [info] > git cat-file -s e32c2e254d6471df2319b7cb03158eba487f1331 [2ms]
2025-05-01 22:12:12.452 [info] > git show --textconv :src/routes/+layout.svelte [8ms]
2025-05-01 22:12:12.454 [info] > git ls-files --stage -- src/routes/+layout.svelte [3ms]
2025-05-01 22:12:12.464 [info] > git cat-file -s 35b3a000433abceca0f8e801c8ec3a470e107f9c [3ms]
2025-05-01 22:12:15.458 [info] > git show --textconv :src/app.css [11ms]
2025-05-01 22:12:15.458 [info] > git ls-files --stage -- src/app.css [1ms]
2025-05-01 22:12:15.468 [info] > git cat-file -s a35b86dd9fe9b58e676c26d5fd881f0aba337877 [2ms]
2025-05-01 22:12:22.736 [info] > git show --textconv :src/routes/+page.svelte [8ms]
2025-05-01 22:12:22.738 [info] > git ls-files --stage -- src/routes/+page.svelte [2ms]
2025-05-01 22:12:22.746 [info] > git cat-file -s e32c2e254d6471df2319b7cb03158eba487f1331 [2ms]
2025-05-01 22:12:24.479 [info] > git show --textconv :src/routes/+layout.svelte [9ms]
2025-05-01 22:12:24.481 [info] > git ls-files --stage -- src/routes/+layout.svelte [2ms]
2025-05-01 22:12:24.494 [info] > git cat-file -s 35b3a000433abceca0f8e801c8ec3a470e107f9c [3ms]
2025-05-01 22:12:49.347 [info] > git config --get commit.template [11ms]
2025-05-01 22:12:49.348 [info] > git for-each-ref --format=%(refname)%00%(upstream:short)%00%(objectname)%00%(upstream:track)%00%(upstream:remotename)%00%(upstream:remoteref) refs/heads/main refs/remotes/main [4ms]
2025-05-01 22:12:49.358 [warning] [Git][revParse] Unable to read file: ENOENT: no such file or directory, open '/home/mochi/portfolio/.git/refs/remotes/origin/main'
2025-05-01 22:12:49.361 [info] > git rev-parse refs/remotes/origin/main [4ms]
2025-05-01 22:12:49.383 [info] > git for-each-ref --sort -committerdate --format %(refname)%00%(objectname)%00%(*objectname) [3ms]
2025-05-01 22:12:49.513 [info] > git status -z -uall [143ms]
2025-05-01 22:12:51.802 [info] > git show --textconv :src/app.css [11ms]
2025-05-01 22:12:51.803 [info] > git ls-files --stage -- src/app.css [2ms]
2025-05-01 22:12:51.811 [info] > git cat-file -s a35b86dd9fe9b58e676c26d5fd881f0aba337877 [2ms]
2025-05-01 22:12:56.025 [info] > git show --textconv :src/routes/+layout.svelte [8ms]
2025-05-01 22:12:56.026 [info] > git ls-files --stage -- src/routes/+layout.svelte [2ms]
2025-05-01 22:12:56.037 [info] > git cat-file -s 35b3a000433abceca0f8e801c8ec3a470e107f9c [3ms]
2025-05-01 22:13:05.074 [info] > git show --textconv :src/app.css [11ms]
2025-05-01 22:13:05.075 [info] > git ls-files --stage -- src/app.css [2ms]
2025-05-01 22:13:05.085 [info] > git cat-file -s a35b86dd9fe9b58e676c26d5fd881f0aba337877 [3ms]
2025-05-01 22:13:27.579 [info] > git config --get commit.template [5ms]
2025-05-01 22:13:27.580 [info] > git for-each-ref --format=%(refname)%00%(upstream:short)%00%(objectname)%00%(upstream:track)%00%(upstream:remotename)%00%(upstream:remoteref) refs/heads/main refs/remotes/main [2ms]
2025-05-01 22:13:27.584 [warning] [Git][revParse] Unable to read file: ENOENT: no such file or directory, open '/home/mochi/portfolio/.git/refs/remotes/origin/main'
2025-05-01 22:13:27.585 [info] > git rev-parse refs/remotes/origin/main [1ms]
2025-05-01 22:13:27.596 [info] > git for-each-ref --sort -committerdate --format %(refname)%00%(objectname)%00%(*objectname) [1ms]
2025-05-01 22:13:27.751 [info] > git status -z -uall [161ms]
2025-05-01 22:13:34.618 [info] > git show --textconv :src/routes/+layout.svelte [9ms]
2025-05-01 22:13:34.619 [info] > git ls-files --stage -- src/routes/+layout.svelte [2ms]
2025-05-01 22:13:34.627 [info] > git cat-file -s 35b3a000433abceca0f8e801c8ec3a470e107f9c [2ms]
2025-05-01 22:14:10.632 [info] > git config --get commit.template [9ms]
2025-05-01 22:14:10.633 [info] > git for-each-ref --format=%(refname)%00%(upstream:short)%00%(objectname)%00%(upstream:track)%00%(upstream:remotename)%00%(upstream:remoteref) refs/heads/main refs/remotes/main [1ms]
2025-05-01 22:14:10.639 [warning] [Git][revParse] Unable to read file: ENOENT: no such file or directory, open '/home/mochi/portfolio/.git/refs/remotes/origin/main'
2025-05-01 22:14:10.640 [info] > git rev-parse refs/remotes/origin/main [1ms]
2025-05-01 22:14:10.651 [info] > git for-each-ref --sort -committerdate --format %(refname)%00%(objectname)%00%(*objectname) [1ms]
2025-05-01 22:14:10.777 [info] > git status -z -uall [131ms]
2025-05-01 22:14:15.788 [info] > git config --get commit.template [2ms]
2025-05-01 22:14:15.793 [info] > git for-each-ref --format=%(refname)%00%(upstream:short)%00%(objectname)%00%(upstream:track)%00%(upstream:remotename)%00%(upstream:remoteref) refs/heads/main refs/remotes/main [1ms]
2025-05-01 22:14:15.798 [warning] [Git][revParse] Unable to read file: ENOENT: no such file or directory, open '/home/mochi/portfolio/.git/refs/remotes/origin/main'
2025-05-01 22:14:15.799 [info] > git rev-parse refs/remotes/origin/main [1ms]
2025-05-01 22:14:15.809 [info] > git for-each-ref --sort -committerdate --format %(refname)%00%(objectname)%00%(*objectname) [1ms]
2025-05-01 22:14:15.942 [info] > git status -z -uall [138ms]
2025-05-01 22:14:30.400 [info] > git config --get commit.template [8ms]
2025-05-01 22:14:30.402 [info] > git for-each-ref --format=%(refname)%00%(upstream:short)%00%(objectname)%00%(upstream:track)%00%(upstream:remotename)%00%(upstream:remoteref) refs/heads/main refs/remotes/main [2ms]
2025-05-01 22:14:30.408 [warning] [Git][revParse] Unable to read file: ENOENT: no such file or directory, open '/home/mochi/portfolio/.git/refs/remotes/origin/main'
2025-05-01 22:14:30.409 [info] > git rev-parse refs/remotes/origin/main [1ms]
2025-05-01 22:14:30.419 [info] > git for-each-ref --sort -committerdate --format %(refname)%00%(objectname)%00%(*objectname) [1ms]
2025-05-01 22:14:30.529 [info] > git status -z -uall [116ms]
2025-05-01 22:14:35.778 [info] > git config --get commit.template [2ms]
2025-05-01 22:14:35.793 [info] > git for-each-ref --format=%(refname)%00%(upstream:short)%00%(objectname)%00%(upstream:track)%00%(upstream:remotename)%00%(upstream:remoteref) refs/heads/main refs/remotes/main [5ms]
2025-05-01 22:14:35.804 [warning] [Git][revParse] Unable to read file: ENOENT: no such file or directory, open '/home/mochi/portfolio/.git/refs/remotes/origin/main'
2025-05-01 22:14:35.805 [info] > git rev-parse refs/remotes/origin/main [1ms]
2025-05-01 22:14:35.815 [info] > git for-each-ref --sort -committerdate --format %(refname)%00%(objectname)%00%(*objectname) [1ms]
2025-05-01 22:14:35.966 [info] > git status -z -uall [156ms]
2025-05-01 22:14:53.343 [info] > git config --get commit.template [7ms]
2025-05-01 22:14:53.344 [info] > git for-each-ref --format=%(refname)%00%(upstream:short)%00%(objectname)%00%(upstream:track)%00%(upstream:remotename)%00%(upstream:remoteref) refs/heads/main refs/remotes/main [1ms]
2025-05-01 22:14:53.347 [warning] [Git][revParse] Unable to read file: ENOENT: no such file or directory, open '/home/mochi/portfolio/.git/refs/remotes/origin/main'
2025-05-01 22:14:53.348 [info] > git rev-parse refs/remotes/origin/main [1ms]
2025-05-01 22:14:53.361 [info] > git for-each-ref --sort -committerdate --format %(refname)%00%(objectname)%00%(*objectname) [1ms]
2025-05-01 22:14:53.485 [info] > git status -z -uall [131ms]
2025-05-01 22:17:01.516 [info] > git config --get commit.template [12ms]
2025-05-01 22:17:01.519 [info] > git for-each-ref --format=%(refname)%00%(upstream:short)%00%(objectname)%00%(upstream:track)%00%(upstream:remotename)%00%(upstream:remoteref) refs/heads/main refs/remotes/main [4ms]
2025-05-01 22:17:01.524 [warning] [Git][revParse] Unable to read file: ENOENT: no such file or directory, open '/home/mochi/portfolio/.git/refs/remotes/origin/main'
2025-05-01 22:17:01.525 [info] > git rev-parse refs/remotes/origin/main [1ms]
2025-05-01 22:17:01.547 [info] > git for-each-ref --sort -committerdate --format %(refname)%00%(objectname)%00%(*objectname) [3ms]
2025-05-01 22:17:01.676 [info] > git status -z -uall [146ms]
2025-05-01 22:18:05.409 [info] > git config --get commit.template [13ms]
2025-05-01 22:18:05.412 [info] > git for-each-ref --format=%(refname)%00%(upstream:short)%00%(objectname)%00%(upstream:track)%00%(upstream:remotename)%00%(upstream:remoteref) refs/heads/main refs/remotes/main [5ms]
2025-05-01 22:18:05.425 [warning] [Git][revParse] Unable to read file: ENOENT: no such file or directory, open '/home/mochi/portfolio/.git/refs/remotes/origin/main'
2025-05-01 22:18:05.429 [info] > git rev-parse refs/remotes/origin/main [4ms]
2025-05-01 22:18:05.453 [info] > git for-each-ref --sort -committerdate --format %(refname)%00%(objectname)%00%(*objectname) [3ms]
2025-05-01 22:18:05.570 [info] > git status -z -uall [130ms]
