2025-05-02 09:30:43.703 [info] [main] Log level: Info
2025-05-02 09:30:43.703 [info] [main] Validating found git in: "git"
2025-05-02 09:30:43.703 [info] [main] Using git "2.49.0" from "git"
2025-05-02 09:30:43.703 [info] [Model][doInitialScan] Initial repository scan started
2025-05-02 09:30:43.703 [info] > git rev-parse --show-toplevel [3ms]
2025-05-02 09:30:43.703 [info] > git rev-parse --git-dir --git-common-dir [2ms]
2025-05-02 09:30:43.703 [info] [Model][openRepository] Opened repository: /home/mochi/portfolio
2025-05-02 09:30:43.720 [info] > git rev-parse --show-toplevel [3ms]
2025-05-02 09:30:43.721 [info] > git config --get commit.template [12ms]
2025-05-02 09:30:43.790 [info] > git rev-parse --show-toplevel [18ms]
2025-05-02 09:30:43.803 [info] > git for-each-ref --format=%(refname)%00%(upstream:short)%00%(objectname)%00%(upstream:track)%00%(upstream:remotename)%00%(upstream:remoteref) refs/heads/main refs/remotes/main [15ms]
2025-05-02 09:30:43.804 [info] > git rev-parse --show-toplevel [2ms]
2025-05-02 09:30:43.836 [info] > git status -z -uall [11ms]
2025-05-02 09:30:43.836 [info] > git rev-parse --show-toplevel [25ms]
2025-05-02 09:30:43.846 [info] > git rev-parse --show-toplevel [4ms]
2025-05-02 09:30:43.846 [info] > git for-each-ref --sort -committerdate --format %(refname)%00%(objectname)%00%(*objectname) [11ms]
2025-05-02 09:30:43.910 [info] > git for-each-ref --format=%(refname)%00%(upstream:short)%00%(objectname)%00%(upstream:track)%00%(upstream:remotename)%00%(upstream:remoteref) refs/heads/main refs/remotes/main [33ms]
2025-05-02 09:30:43.929 [info] > git config --get --local branch.main.vscode-merge-base [7ms]
2025-05-02 09:30:43.937 [info] > git config --get commit.template [28ms]
2025-05-02 09:30:43.937 [info] > git rev-parse --show-toplevel [39ms]
2025-05-02 09:30:43.938 [info] [Model][doInitialScan] Initial repository scan completed - repositories (1), closed repositories (0), parent repositories (0), unsafe repositories (0)
2025-05-02 09:30:43.940 [info] > git for-each-ref --format=%(refname)%00%(upstream:short)%00%(objectname)%00%(upstream:track)%00%(upstream:remotename)%00%(upstream:remoteref) refs/heads/origin/main refs/remotes/origin/main [3ms]
2025-05-02 09:30:43.957 [info] > git merge-base refs/heads/main refs/remotes/origin/main [9ms]
2025-05-02 09:30:43.971 [info] > git for-each-ref --format=%(refname)%00%(upstream:short)%00%(objectname)%00%(upstream:track)%00%(upstream:remotename)%00%(upstream:remoteref) refs/heads/main refs/remotes/main [15ms]
2025-05-02 09:30:43.972 [info] > git diff --name-status -z --diff-filter=ADMR dfae819cfb28e188b237a24f5742c9eb5c680f15...refs/remotes/origin/main [2ms]
2025-05-02 09:30:43.993 [info] > git status -z -uall [9ms]
2025-05-02 09:30:44.056 [info] > git for-each-ref --sort -committerdate --format %(refname)%00%(objectname)%00%(*objectname) [64ms]
2025-05-02 09:30:44.223 [info] > git show --textconv :src/routes/+layout.svelte [119ms]
2025-05-02 09:30:44.223 [info] > git ls-files --stage -- src/routes/+layout.svelte [106ms]
2025-05-02 09:30:44.238 [info] > git cat-file -s 6bcd9cac127cdc76a5d2ade332b9a5fd7bbf21b8 [7ms]
2025-05-02 09:30:44.288 [info] > git check-ignore -v -z --stdin [2ms]
2025-05-02 09:30:44.311 [info] > git blame --root --incremental dfae819cfb28e188b237a24f5742c9eb5c680f15 -- src/routes/+layout.svelte [5ms]
2025-05-02 09:30:44.408 [info] > git fetch [708ms]
2025-05-02 09:30:44.408 [info] Missing or invalid credentials.
Skip silent fetch commands
git@github.com: Permission denied (publickey).
fatal: Could not read from remote repository.

Please make sure you have the correct access rights
and the repository exists.
2025-05-02 09:30:44.422 [info] > git config --get commit.template [7ms]
2025-05-02 09:30:44.423 [info] > git for-each-ref --format=%(refname)%00%(upstream:short)%00%(objectname)%00%(upstream:track)%00%(upstream:remotename)%00%(upstream:remoteref) refs/heads/main refs/remotes/main [1ms]
2025-05-02 09:30:44.438 [info] > git status -z -uall [8ms]
2025-05-02 09:30:44.439 [info] > git for-each-ref --sort -committerdate --format %(refname)%00%(objectname)%00%(*objectname) [1ms]
2025-05-02 09:30:47.298 [info] > git config --get commit.template [6ms]
2025-05-02 09:30:47.299 [info] > git for-each-ref --format=%(refname)%00%(upstream:short)%00%(objectname)%00%(upstream:track)%00%(upstream:remotename)%00%(upstream:remoteref) refs/heads/main refs/remotes/main [1ms]
2025-05-02 09:30:47.313 [info] > git status -z -uall [8ms]
2025-05-02 09:30:47.313 [info] > git for-each-ref --sort -committerdate --format %(refname)%00%(objectname)%00%(*objectname) [4ms]
2025-05-02 09:31:48.628 [info] > git show --textconv :src/routes/+layout.svelte [13ms]
2025-05-02 09:31:48.630 [info] > git ls-files --stage -- src/routes/+layout.svelte [4ms]
2025-05-02 09:31:48.649 [info] > git cat-file -s 6bcd9cac127cdc76a5d2ade332b9a5fd7bbf21b8 [6ms]
2025-05-02 09:35:32.586 [info] > git fetch [709ms]
2025-05-02 09:35:32.586 [info] Missing or invalid credentials.
Skip silent fetch commands
git@github.com: Permission denied (publickey).
fatal: Could not read from remote repository.

Please make sure you have the correct access rights
and the repository exists.
2025-05-02 09:35:32.603 [info] > git config --get commit.template [6ms]
2025-05-02 09:35:32.603 [info] > git for-each-ref --format=%(refname)%00%(upstream:short)%00%(objectname)%00%(upstream:track)%00%(upstream:remotename)%00%(upstream:remoteref) refs/heads/main refs/remotes/main [1ms]
2025-05-02 09:35:32.617 [info] > git status -z -uall [5ms]
2025-05-02 09:35:32.618 [info] > git for-each-ref --sort -committerdate --format %(refname)%00%(objectname)%00%(*objectname) [1ms]
2025-05-02 09:35:33.085 [info] > git ls-files --stage -- src/routes/+layout.svelte [3ms]
2025-05-02 09:35:33.097 [info] > git cat-file -s 6bcd9cac127cdc76a5d2ade332b9a5fd7bbf21b8 [2ms]
2025-05-02 09:35:33.109 [info] > git show --textconv :src/routes/+layout.svelte [3ms]
2025-05-02 09:36:03.158 [info] > git check-ignore -v -z --stdin [2ms]
2025-05-02 09:36:23.110 [info] [main] Log level: Info
2025-05-02 09:36:23.110 [info] [main] Validating found git in: "git"
2025-05-02 09:36:23.110 [info] [main] Using git "2.49.0" from "git"
2025-05-02 09:36:23.111 [info] [Model][doInitialScan] Initial repository scan started
2025-05-02 09:36:23.111 [info] > git rev-parse --show-toplevel [6ms]
2025-05-02 09:36:23.126 [info] > git rev-parse --git-dir --git-common-dir [6ms]
2025-05-02 09:36:23.146 [info] [Model][openRepository] Opened repository: /home/mochi/portfolio
2025-05-02 09:36:23.174 [info] > git rev-parse --show-toplevel [4ms]
2025-05-02 09:36:23.176 [info] > git config --get commit.template [19ms]
2025-05-02 09:36:23.193 [info] > git rev-parse --show-toplevel [9ms]
2025-05-02 09:36:23.194 [info] > git for-each-ref --format=%(refname)%00%(upstream:short)%00%(objectname)%00%(upstream:track)%00%(upstream:remotename)%00%(upstream:remoteref) refs/heads/main refs/remotes/main [5ms]
2025-05-02 09:36:23.216 [info] > git status -z -uall [11ms]
2025-05-02 09:36:23.216 [info] > git rev-parse --show-toplevel [17ms]
2025-05-02 09:36:23.222 [info] > git for-each-ref --sort -committerdate --format %(refname)%00%(objectname)%00%(*objectname) [7ms]
2025-05-02 09:36:23.252 [info] > git for-each-ref --format=%(refname)%00%(upstream:short)%00%(objectname)%00%(upstream:track)%00%(upstream:remotename)%00%(upstream:remoteref) refs/heads/main refs/remotes/main [3ms]
2025-05-02 09:36:23.262 [info] > git rev-parse --show-toplevel [41ms]
2025-05-02 09:36:23.270 [info] > git config --get --local branch.main.vscode-merge-base [8ms]
2025-05-02 09:36:23.280 [info] > git rev-parse --show-toplevel [11ms]
2025-05-02 09:36:23.285 [info] > git for-each-ref --format=%(refname)%00%(upstream:short)%00%(objectname)%00%(upstream:track)%00%(upstream:remotename)%00%(upstream:remoteref) refs/heads/origin/main refs/remotes/origin/main [7ms]
2025-05-02 09:36:23.293 [info] > git rev-parse --show-toplevel [9ms]
2025-05-02 09:36:23.293 [info] [Model][doInitialScan] Initial repository scan completed - repositories (1), closed repositories (0), parent repositories (0), unsafe repositories (0)
2025-05-02 09:36:23.318 [info] > git ls-files --stage -- src/routes/+layout.svelte [18ms]
2025-05-02 09:36:23.325 [info] > git merge-base refs/heads/main refs/remotes/origin/main [33ms]
2025-05-02 09:36:23.348 [info] > git diff --name-status -z --diff-filter=ADMR dfae819cfb28e188b237a24f5742c9eb5c680f15...refs/remotes/origin/main [8ms]
2025-05-02 09:36:23.349 [info] > git cat-file -s 6bcd9cac127cdc76a5d2ade332b9a5fd7bbf21b8 [24ms]
2025-05-02 09:36:23.398 [info] > git show --textconv :src/routes/+layout.svelte [13ms]
2025-05-02 09:36:23.402 [info] > git config --get commit.template [3ms]
2025-05-02 09:36:23.429 [info] > git for-each-ref --format=%(refname)%00%(upstream:short)%00%(objectname)%00%(upstream:track)%00%(upstream:remotename)%00%(upstream:remoteref) refs/heads/main refs/remotes/main [1ms]
2025-05-02 09:36:23.440 [info] > git status -z -uall [6ms]
2025-05-02 09:36:23.441 [info] > git for-each-ref --sort -committerdate --format %(refname)%00%(objectname)%00%(*objectname) [1ms]
2025-05-02 09:36:23.471 [info] > git blame --root --incremental dfae819cfb28e188b237a24f5742c9eb5c680f15 -- src/routes/+layout.svelte [2ms]
2025-05-02 09:36:23.687 [info] > git check-ignore -v -z --stdin [1ms]
2025-05-02 09:36:23.782 [info] > git fetch [635ms]
2025-05-02 09:36:23.782 [info] Missing or invalid credentials.
Skip silent fetch commands
git@github.com: Permission denied (publickey).
fatal: Could not read from remote repository.

Please make sure you have the correct access rights
and the repository exists.
2025-05-02 09:36:23.793 [info] > git config --get commit.template [6ms]
2025-05-02 09:36:23.794 [info] > git for-each-ref --format=%(refname)%00%(upstream:short)%00%(objectname)%00%(upstream:track)%00%(upstream:remotename)%00%(upstream:remoteref) refs/heads/main refs/remotes/main [1ms]
2025-05-02 09:36:23.807 [info] > git status -z -uall [7ms]
2025-05-02 09:36:23.809 [info] > git for-each-ref --sort -committerdate --format %(refname)%00%(objectname)%00%(*objectname) [1ms]
2025-05-02 09:36:24.365 [info] > git ls-files --stage -- src/routes/+layout.svelte [0ms]
2025-05-02 09:36:24.371 [info] > git cat-file -s 6bcd9cac127cdc76a5d2ade332b9a5fd7bbf21b8 [2ms]
2025-05-02 09:36:24.383 [info] > git show --textconv :src/routes/+layout.svelte [3ms]
2025-05-02 09:36:26.436 [info] > git config --get commit.template [7ms]
2025-05-02 09:36:26.437 [info] > git for-each-ref --format=%(refname)%00%(upstream:short)%00%(objectname)%00%(upstream:track)%00%(upstream:remotename)%00%(upstream:remoteref) refs/heads/main refs/remotes/main [2ms]
2025-05-02 09:36:26.455 [info] > git status -z -uall [11ms]
2025-05-02 09:36:26.455 [info] > git for-each-ref --sort -committerdate --format %(refname)%00%(objectname)%00%(*objectname) [3ms]
2025-05-02 09:36:40.785 [info] > git show --textconv :.gitignore [8ms]
2025-05-02 09:36:40.786 [info] > git ls-files --stage -- .gitignore [2ms]
2025-05-02 09:36:40.794 [info] > git cat-file -s 5ca44cf7941193d3eef70a789f7ec87c25c1cc26 [2ms]
2025-05-02 09:36:41.051 [info] > git check-ignore -v -z --stdin [2ms]
2025-05-02 09:39:24.438 [info] > git fetch [615ms]
2025-05-02 09:39:24.438 [info] Missing or invalid credentials.
Skip silent fetch commands
git@github.com: Permission denied (publickey).
fatal: Could not read from remote repository.

Please make sure you have the correct access rights
and the repository exists.
2025-05-02 09:39:24.448 [info] > git config --get commit.template [4ms]
2025-05-02 09:39:24.448 [info] > git for-each-ref --format=%(refname)%00%(upstream:short)%00%(objectname)%00%(upstream:track)%00%(upstream:remotename)%00%(upstream:remoteref) refs/heads/main refs/remotes/main [1ms]
2025-05-02 09:39:24.459 [info] > git status -z -uall [6ms]
2025-05-02 09:39:24.460 [info] > git for-each-ref --sort -committerdate --format %(refname)%00%(objectname)%00%(*objectname) [2ms]
2025-05-02 09:39:25.018 [info] > git ls-files --stage -- .gitignore [2ms]
2025-05-02 09:39:25.024 [info] > git cat-file -s 5ca44cf7941193d3eef70a789f7ec87c25c1cc26 [1ms]
2025-05-02 09:39:25.033 [info] > git show --textconv :.gitignore [1ms]
