2025-05-02 09:47:14.269 [info] [main] Log level: Info
2025-05-02 09:47:14.269 [info] [main] Validating found git in: "git"
2025-05-02 09:47:14.269 [info] [main] Using git "2.49.0" from "git"
2025-05-02 09:47:14.269 [info] [Model][doInitialScan] Initial repository scan started
2025-05-02 09:47:14.269 [info] > git rev-parse --show-toplevel [99ms]
2025-05-02 09:47:14.269 [info] > git rev-parse --git-dir --git-common-dir [12ms]
2025-05-02 09:47:14.269 [info] [Model][openRepository] Opened repository: /home/mochi/portfolio
2025-05-02 09:47:14.317 [info] > git rev-parse --show-toplevel [33ms]
2025-05-02 09:47:14.318 [info] > git config --get commit.template [41ms]
2025-05-02 09:47:14.345 [info] > git for-each-ref --format=%(refname)%00%(upstream:short)%00%(objectname)%00%(upstream:track)%00%(upstream:remotename)%00%(upstream:remoteref) refs/heads/main refs/remotes/main [4ms]
2025-05-02 09:47:14.345 [info] > git rev-parse --show-toplevel [12ms]
2025-05-02 09:47:14.352 [info] > git rev-parse --show-toplevel [1ms]
2025-05-02 09:47:14.371 [info] > git status -z -uall [11ms]
2025-05-02 09:47:14.371 [info] > git for-each-ref --sort -committerdate --format %(refname)%00%(objectname)%00%(*objectname) [6ms]
2025-05-02 09:47:14.404 [info] > git for-each-ref --format=%(refname)%00%(upstream:short)%00%(objectname)%00%(upstream:track)%00%(upstream:remotename)%00%(upstream:remoteref) refs/heads/main refs/remotes/main [8ms]
2025-05-02 09:47:14.411 [info] > git rev-parse --show-toplevel [42ms]
2025-05-02 09:47:14.421 [info] > git config --get --local branch.main.vscode-merge-base [10ms]
2025-05-02 09:47:14.427 [info] > git config --get commit.template [24ms]
2025-05-02 09:47:14.430 [info] > git for-each-ref --format=%(refname)%00%(upstream:short)%00%(objectname)%00%(upstream:track)%00%(upstream:remotename)%00%(upstream:remoteref) refs/heads/origin/main refs/remotes/origin/main [4ms]
2025-05-02 09:47:14.436 [info] > git rev-parse --show-toplevel [15ms]
2025-05-02 09:47:14.437 [info] [Model][doInitialScan] Initial repository scan completed - repositories (1), closed repositories (0), parent repositories (0), unsafe repositories (0)
2025-05-02 09:47:14.442 [info] > git merge-base refs/heads/main refs/remotes/origin/main [6ms]
2025-05-02 09:47:14.461 [info] > git for-each-ref --format=%(refname)%00%(upstream:short)%00%(objectname)%00%(upstream:track)%00%(upstream:remotename)%00%(upstream:remoteref) refs/heads/main refs/remotes/main [20ms]
2025-05-02 09:47:14.465 [info] > git diff --name-status -z --diff-filter=ADMR dfae819cfb28e188b237a24f5742c9eb5c680f15...refs/remotes/origin/main [19ms]
2025-05-02 09:47:14.501 [info] > git status -z -uall [6ms]
2025-05-02 09:47:14.503 [info] > git for-each-ref --sort -committerdate --format %(refname)%00%(objectname)%00%(*objectname) [3ms]
2025-05-02 09:47:14.594 [info] > git show --textconv :.gitignore [7ms]
2025-05-02 09:47:14.595 [info] > git ls-files --stage -- .gitignore [2ms]
2025-05-02 09:47:14.603 [info] > git cat-file -s 5ca44cf7941193d3eef70a789f7ec87c25c1cc26 [1ms]
2025-05-02 09:47:14.828 [info] > git check-ignore -v -z --stdin [1ms]
2025-05-02 09:47:14.883 [info] > git fetch [630ms]
2025-05-02 09:47:14.883 [info] Missing or invalid credentials.
Skip silent fetch commands
git@github.com: Permission denied (publickey).
fatal: Could not read from remote repository.

Please make sure you have the correct access rights
and the repository exists.
2025-05-02 09:47:14.892 [info] > git config --get commit.template [4ms]
2025-05-02 09:47:14.893 [info] > git for-each-ref --format=%(refname)%00%(upstream:short)%00%(objectname)%00%(upstream:track)%00%(upstream:remotename)%00%(upstream:remoteref) refs/heads/main refs/remotes/main [1ms]
2025-05-02 09:47:14.905 [info] > git status -z -uall [8ms]
2025-05-02 09:47:14.906 [info] > git for-each-ref --sort -committerdate --format %(refname)%00%(objectname)%00%(*objectname) [1ms]
2025-05-02 09:47:22.224 [info] [main] Log level: Info
2025-05-02 09:47:22.224 [info] [main] Validating found git in: "git"
2025-05-02 09:47:22.224 [info] [main] Using git "2.49.0" from "git"
2025-05-02 09:47:22.224 [info] [Model][doInitialScan] Initial repository scan started
2025-05-02 09:47:22.224 [info] > git rev-parse --show-toplevel [4ms]
2025-05-02 09:47:22.224 [info] fatal: not a git repository (or any of the parent directories): .git
2025-05-02 09:47:22.229 [info] > git rev-parse --show-toplevel [1ms]
2025-05-02 09:47:22.229 [info] fatal: not a git repository (or any of the parent directories): .git
2025-05-02 09:47:22.234 [info] > git rev-parse --show-toplevel [1ms]
2025-05-02 09:47:22.234 [info] fatal: not a git repository (or any of the parent directories): .git
2025-05-02 09:47:22.234 [info] [Model][doInitialScan] Initial repository scan completed - repositories (0), closed repositories (0), parent repositories (0), unsafe repositories (0)
2025-05-02 09:47:23.732 [info] > git rev-parse --show-toplevel [1ms]
2025-05-02 09:47:23.732 [info] fatal: not a git repository (or any of the parent directories): .git
2025-05-02 09:47:23.926 [info] > git rev-parse --show-toplevel [2ms]
2025-05-02 09:47:23.926 [info] fatal: not a git repository (or any of the parent directories): .git
2025-05-02 09:49:41.058 [info] > git rev-parse --show-toplevel [1ms]
2025-05-02 09:49:41.058 [info] fatal: not a git repository (or any of the parent directories): .git
2025-05-02 09:50:17.594 [info] > git rev-parse --show-toplevel [4ms]
2025-05-02 09:50:17.594 [info] fatal: not a git repository (or any of the parent directories): .git
2025-05-02 09:52:00.396 [info] > git rev-parse --show-toplevel [2ms]
2025-05-02 09:52:00.396 [info] fatal: not a git repository (or any of the parent directories): .git
