Starting OmniSharp server at 5/2/2025, 9:49:51 AM
    Target: /home/mochi/2dgame/2dGame.sln

OmniSharp server started with .NET 9.0.105
.
    Path: /home/mochi/.vscode-oss/extensions/muhammad-sammy.csharp-2.72.27-universal/.omnisharp/1.39.12-net6.0/OmniSharp.dll
    PID: 608342

[info]: OmniSharp.Stdio.Host
        Starting OmniSharp on Unknown 0.0 (Unknown)
[info]: OmniSharp.Services.DotNetCliService
        Checking the 'DOTNET_ROOT' environment variable to find a .NET SDK
[info]: OmniSharp.Services.DotNetCliService
        Using the 'dotnet' on the PATH.
[info]: OmniSharp.Services.DotNetCliService
        DotNetPath set to dotnet
[info]: OmniSharp.MSBuild.Discovery.MSBuildLocator
        Located 1 MSBuild instance(s)
            1: .NET Core SDK 9.0.105 17.12.32 - "/usr/share/dotnet/sdk/9.0.105"
[info]: OmniSharp.MSBuild.Discovery.MSBuildLocator
        Registered MSBuild instance: .NET Core SDK 9.0.105 17.12.32 - "/usr/share/dotnet/sdk/9.0.105"
[info]: OmniSharp.WorkspaceInitializer
        Invoking Workspace Options Provider: OmniSharp.Roslyn.CSharp.Services.CSharpFormattingWorkspaceOptionsProvider, Order: 0
[info]: OmniSharp.Cake.CakeProjectSystem
        Detecting Cake files in '/home/mochi/2dgame/'.
[info]: OmniSharp.Cake.CakeProjectSystem
        Did not find any Cake files
[info]: OmniSharp.MSBuild.ProjectSystem
        Detecting projects in '/home/mochi/2dgame/2dGame.sln'.
[info]: OmniSharp.MSBuild.ProjectManager
        Queue project update for '/home/mochi/2dgame/2dGame.csproj'
[info]: OmniSharp.Script.ScriptProjectSystem
        Detecting CSX files in '/home/mochi/2dgame/'.
[info]: OmniSharp.Script.ScriptProjectSystem
        Did not find any CSX files
[info]: OmniSharp.WorkspaceInitializer
        Configuration finished.
[info]: OmniSharp.Stdio.Host
        Omnisharp server running using Stdio at location '/home/mochi/2dgame/' on host 608005.
[info]: OmniSharp.MSBuild.ProjectManager
        Loading project: /home/mochi/2dgame/2dGame.csproj
[info]: OmniSharp.MSBuild.ProjectManager
        Successfully loaded project file '/home/mochi/2dgame/2dGame.csproj'.
[info]: OmniSharp.MSBuild.ProjectManager
        Adding project '/home/mochi/2dgame/2dGame.csproj'
[info]: OmniSharp.MSBuild.ProjectManager
        Update project: 2dGame
[info]: OmniSharp.Roslyn.CSharp.Services.Diagnostics.CSharpDiagnosticWorkerWithAnalyzers
        Solution initialized -> queue all documents for code analysis. Initial document count: 1.
[info]: OmniSharp.Roslyn.CSharp.Services.Diagnostics.CSharpDiagnosticWorkerWithAnalyzers
        Analyzer work cancelled.
[warn]: OmniSharp.Roslyn.CSharp.Services.Navigation.FindUsagesService
        No symbol found. File: /home/mochi/2dgame/Sprite2d.cs, Line: 5, Column: 0.
[warn]: OmniSharp.Roslyn.CSharp.Services.Navigation.FindUsagesService
        No symbol found. File: /home/mochi/2dgame/Sprite2d.cs, Line: 3, Column: 1.
[info]: OmniSharp.Roslyn.CSharp.Services.Diagnostics.CSharpDiagnosticWorkerWithAnalyzers
        Analyzer work cancelled.
[warn]: OmniSharp.Roslyn.CSharp.Services.Navigation.FindUsagesService
        No symbol found. File: /home/mochi/2dgame/Sprite2d.cs, Line: 5, Column: 10.
[info]: OmniSharp.Roslyn.CSharp.Services.Diagnostics.CSharpDiagnosticWorkerWithAnalyzers
        Analyzer work cancelled.
[warn]: OmniSharp.Roslyn.CSharp.Services.Navigation.FindUsagesService
        No symbol found. File: /home/mochi/2dgame/Sprite2d.cs, Line: 5, Column: 17.
[warn]: OmniSharp.Roslyn.CSharp.Services.Navigation.FindUsagesService
        No symbol found. File: /home/mochi/2dgame/Sprite2d.cs, Line: 5, Column: 17.
[warn]: OmniSharp.Roslyn.CSharp.Services.Navigation.FindUsagesService
        No symbol found. File: /home/mochi/2dgame/Sprite2d.cs, Line: 5, Column: 17.
[warn]: OmniSharp.Roslyn.CSharp.Services.Navigation.FindUsagesService
        No symbol found. File: /home/mochi/2dgame/Sprite2d.cs, Line: 5, Column: 17.
[warn]: OmniSharp.Roslyn.CSharp.Services.Navigation.FindUsagesService
        No symbol found. File: /home/mochi/2dgame/Sprite2d.cs, Line: 5, Column: 17.
[warn]: OmniSharp.Roslyn.CSharp.Services.Navigation.FindUsagesService
        No symbol found. File: /home/mochi/2dgame/Sprite2d.cs, Line: 5, Column: 17.
[warn]: OmniSharp.Roslyn.CSharp.Services.Navigation.FindUsagesService
        No symbol found. File: /home/mochi/2dgame/Sprite2d.cs, Line: 0, Column: 0.
[warn]: OmniSharp.Roslyn.CSharp.Services.Navigation.FindUsagesService
        No symbol found. File: /home/mochi/2dgame/Sprite2d.cs, Line: 5, Column: 21.
[warn]: OmniSharp.Roslyn.CSharp.Services.Navigation.FindUsagesService
        No symbol found. File: /home/mochi/2dgame/Sprite2d.cs, Line: 5, Column: 9.
[info]: OmniSharp.Roslyn.CSharp.Services.Diagnostics.CSharpDiagnosticWorkerWithAnalyzers
        Analyzer work cancelled.
[warn]: OmniSharp.Roslyn.CSharp.Services.Navigation.FindUsagesService
        No symbol found. File: /home/mochi/2dgame/Sprite2d.cs, Line: 5, Column: 21.
[warn]: OmniSharp.Roslyn.CSharp.Services.Navigation.FindUsagesService
        No symbol found. File: /home/mochi/2dgame/Sprite2d.cs, Line: 5, Column: 21.
[warn]: OmniSharp.Roslyn.CSharp.Services.Navigation.FindUsagesService
        No symbol found. File: /home/mochi/2dgame/Sprite2d.cs, Line: 5, Column: 21.
[warn]: OmniSharp.Roslyn.CSharp.Services.Navigation.FindUsagesService
        No symbol found. File: /home/mochi/2dgame/Sprite2d.cs, Line: 5, Column: 21.
