2025-05-02 21:05:43.327 [info] [main] Log level: Info
2025-05-02 21:05:43.327 [info] [main] Validating found git in: "git"
2025-05-02 21:05:43.327 [info] [main] Using git "2.49.0" from "git"
2025-05-02 21:05:43.327 [info] [Model][doInitialScan] Initial repository scan started
2025-05-02 21:05:43.327 [info] > git rev-parse --show-toplevel [12ms]
2025-05-02 21:05:43.327 [info] fatal: not a git repository (or any of the parent directories): .git
2025-05-02 21:05:43.327 [info] > git rev-parse --show-toplevel [3ms]
2025-05-02 21:05:43.327 [info] fatal: not a git repository (or any of the parent directories): .git
2025-05-02 21:05:43.328 [info] > git rev-parse --show-toplevel [3ms]
2025-05-02 21:05:43.328 [info] fatal: not a git repository (or any of the parent directories): .git
2025-05-02 21:05:43.398 [info] > git rev-parse --show-toplevel [10ms]
2025-05-02 21:05:43.398 [info] fatal: not a git repository (or any of the parent directories): .git
2025-05-02 21:05:43.416 [info] > git rev-parse --show-toplevel [3ms]
2025-05-02 21:05:43.416 [info] fatal: not a git repository (or any of the parent directories): .git
2025-05-02 21:05:43.417 [info] [Model][doInitialScan] Initial repository scan completed - repositories (0), closed repositories (0), parent repositories (0), unsafe repositories (0)
2025-05-02 21:05:55.903 [info] [main] Log level: Info
2025-05-02 21:05:55.903 [info] [main] Validating found git in: "git"
2025-05-02 21:05:55.903 [info] [main] Using git "2.49.0" from "git"
2025-05-02 21:05:55.903 [info] [Model][doInitialScan] Initial repository scan started
2025-05-02 21:05:55.903 [info] > git rev-parse --show-toplevel [4ms]
2025-05-02 21:05:55.913 [info] > git rev-parse --git-dir --git-common-dir [4ms]
2025-05-02 21:05:55.937 [info] [Model][openRepository] Opened repository: /home/mochi/portfolio
2025-05-02 21:05:56.300 [info] > git config --get commit.template [348ms]
2025-05-02 21:05:56.390 [info] > git rev-parse --show-toplevel [93ms]
2025-05-02 21:05:56.426 [info] > git for-each-ref --format=%(refname)%00%(upstream:short)%00%(objectname)%00%(upstream:track)%00%(upstream:remotename)%00%(upstream:remoteref) refs/heads/main refs/remotes/main [12ms]
2025-05-02 21:05:56.443 [info] > git rev-parse --show-toplevel [21ms]
2025-05-02 21:05:56.506 [info] > git status -z -uall [19ms]
2025-05-02 21:05:56.507 [info] > git rev-parse --show-toplevel [33ms]
2025-05-02 21:05:56.527 [info] > git for-each-ref --sort -committerdate --format %(refname)%00%(objectname)%00%(*objectname) [26ms]
2025-05-02 21:05:56.572 [info] > git for-each-ref --format=%(refname)%00%(upstream:short)%00%(objectname)%00%(upstream:track)%00%(upstream:remotename)%00%(upstream:remoteref) refs/heads/main refs/remotes/main [20ms]
2025-05-02 21:05:56.585 [info] > git rev-parse --show-toplevel [63ms]
2025-05-02 21:05:56.600 [info] > git config --get --local branch.main.vscode-merge-base [16ms]
2025-05-02 21:05:56.612 [info] > git config --get commit.template [42ms]
2025-05-02 21:05:56.614 [info] > git for-each-ref --format=%(refname)%00%(upstream:short)%00%(objectname)%00%(upstream:track)%00%(upstream:remotename)%00%(upstream:remoteref) refs/heads/origin/main refs/remotes/origin/main [3ms]
2025-05-02 21:05:56.624 [info] > git rev-parse --show-toplevel [25ms]
2025-05-02 21:05:56.625 [info] [Model][doInitialScan] Initial repository scan completed - repositories (1), closed repositories (0), parent repositories (0), unsafe repositories (0)
2025-05-02 21:05:56.727 [info] > git show --textconv :.gitignore [91ms]
2025-05-02 21:05:56.727 [info] > git ls-files --stage -- .gitignore [80ms]
2025-05-02 21:05:56.738 [info] > git merge-base refs/heads/main refs/remotes/origin/main [115ms]
2025-05-02 21:05:56.756 [info] > git diff --name-status -z --diff-filter=ADMR dfae819cfb28e188b237a24f5742c9eb5c680f15...refs/remotes/origin/main [7ms]
2025-05-02 21:05:56.758 [info] > git cat-file -s 5ca44cf7941193d3eef70a789f7ec87c25c1cc26 [22ms]
2025-05-02 21:05:56.759 [info] > git for-each-ref --format=%(refname)%00%(upstream:short)%00%(objectname)%00%(upstream:track)%00%(upstream:remotename)%00%(upstream:remoteref) refs/heads/main refs/remotes/main [36ms]
2025-05-02 21:05:56.816 [info] > git status -z -uall [29ms]
2025-05-02 21:05:56.816 [info] > git check-ignore -v -z --stdin [9ms]
2025-05-02 21:05:56.818 [info] > git for-each-ref --sort -committerdate --format %(refname)%00%(objectname)%00%(*objectname) [20ms]
2025-05-02 21:05:57.181 [info] > git fetch [1244ms]
2025-05-02 21:05:57.181 [info] Missing or invalid credentials.
Skip silent fetch commands
git@github.com: Permission denied (publickey).
fatal: Could not read from remote repository.

Please make sure you have the correct access rights
and the repository exists.
2025-05-02 21:05:57.199 [info] > git config --get commit.template [9ms]
2025-05-02 21:05:57.199 [info] > git for-each-ref --format=%(refname)%00%(upstream:short)%00%(objectname)%00%(upstream:track)%00%(upstream:remotename)%00%(upstream:remoteref) refs/heads/main refs/remotes/main [1ms]
2025-05-02 21:05:57.215 [info] > git status -z -uall [7ms]
2025-05-02 21:05:57.217 [info] > git for-each-ref --sort -committerdate --format %(refname)%00%(objectname)%00%(*objectname) [3ms]
2025-05-02 21:06:13.919 [info] > git config --get commit.template [8ms]
2025-05-02 21:06:13.919 [info] > git for-each-ref --format=%(refname)%00%(upstream:short)%00%(objectname)%00%(upstream:track)%00%(upstream:remotename)%00%(upstream:remoteref) refs/heads/main refs/remotes/main [1ms]
2025-05-02 21:06:13.933 [info] > git status -z -uall [7ms]
2025-05-02 21:06:13.934 [info] > git for-each-ref --sort -committerdate --format %(refname)%00%(objectname)%00%(*objectname) [2ms]
2025-05-02 21:07:22.960 [info] > git config --get commit.template [7ms]
2025-05-02 21:07:22.961 [info] > git for-each-ref --format=%(refname)%00%(upstream:short)%00%(objectname)%00%(upstream:track)%00%(upstream:remotename)%00%(upstream:remoteref) refs/heads/main refs/remotes/main [2ms]
2025-05-02 21:07:22.975 [info] > git status -z -uall [7ms]
2025-05-02 21:07:22.976 [info] > git for-each-ref --sort -committerdate --format %(refname)%00%(objectname)%00%(*objectname) [2ms]
2025-05-02 21:07:27.997 [info] > git config --get commit.template [8ms]
2025-05-02 21:07:27.998 [info] > git for-each-ref --format=%(refname)%00%(upstream:short)%00%(objectname)%00%(upstream:track)%00%(upstream:remotename)%00%(upstream:remoteref) refs/heads/main refs/remotes/main [2ms]
2025-05-02 21:07:28.011 [info] > git status -z -uall [7ms]
2025-05-02 21:07:28.012 [info] > git for-each-ref --sort -committerdate --format %(refname)%00%(objectname)%00%(*objectname) [2ms]
2025-05-02 21:07:33.036 [info] > git config --get commit.template [6ms]
2025-05-02 21:07:33.037 [info] > git for-each-ref --format=%(refname)%00%(upstream:short)%00%(objectname)%00%(upstream:track)%00%(upstream:remotename)%00%(upstream:remoteref) refs/heads/main refs/remotes/main [2ms]
2025-05-02 21:07:33.050 [info] > git status -z -uall [7ms]
2025-05-02 21:07:33.052 [info] > git for-each-ref --sort -committerdate --format %(refname)%00%(objectname)%00%(*objectname) [3ms]
2025-05-02 21:07:54.165 [info] > git config --get commit.template [9ms]
2025-05-02 21:07:54.167 [info] > git for-each-ref --format=%(refname)%00%(upstream:short)%00%(objectname)%00%(upstream:track)%00%(upstream:remotename)%00%(upstream:remoteref) refs/heads/main refs/remotes/main [3ms]
2025-05-02 21:07:54.185 [info] > git status -z -uall [9ms]
2025-05-02 21:07:54.187 [info] > git for-each-ref --sort -committerdate --format %(refname)%00%(objectname)%00%(*objectname) [3ms]
2025-05-02 21:08:13.020 [info] > git show --textconv :package-lock.json [15ms]
2025-05-02 21:08:13.023 [info] > git ls-files --stage -- package-lock.json [4ms]
2025-05-02 21:08:13.042 [info] > git cat-file -s 1d44b9635cc7c0378656be58024394968ec3a7dc [4ms]
2025-05-02 21:08:20.026 [info] > git log --format=%H%n%aN%n%aE%n%at%n%ct%n%P%n%D%n%B -z --shortstat --diff-merges=first-parent -n50 --skip=0 --topo-order --decorate=full --stdin [131ms]
2025-05-02 21:08:34.748 [info] > git add -A -- . [18ms]
2025-05-02 21:08:34.769 [info] > git -c user.useConfigOnly=true commit --quiet --allow-empty-message --file - [11ms]
2025-05-02 21:08:34.779 [info] > git config --get commit.template [2ms]
2025-05-02 21:08:34.803 [info] > git config --get commit.template [13ms]
2025-05-02 21:08:34.805 [info] > git for-each-ref --format=%(refname)%00%(upstream:short)%00%(objectname)%00%(upstream:track)%00%(upstream:remotename)%00%(upstream:remoteref) refs/heads/main refs/remotes/main [3ms]
2025-05-02 21:08:34.826 [info] > git status -z -uall [9ms]
2025-05-02 21:08:34.828 [info] > git for-each-ref --sort -committerdate --format %(refname)%00%(objectname)%00%(*objectname) [4ms]
2025-05-02 21:08:34.851 [info] > git merge-base refs/heads/main refs/remotes/origin/main [9ms]
2025-05-02 21:08:34.861 [info] > git diff --name-status -z --diff-filter=ADMR dfae819cfb28e188b237a24f5742c9eb5c680f15...refs/remotes/origin/main [3ms]
2025-05-02 21:08:34.909 [info] > git config --get commit.template [3ms]
2025-05-02 21:08:34.923 [info] > git for-each-ref --format=%(refname)%00%(upstream:short)%00%(objectname)%00%(upstream:track)%00%(upstream:remotename)%00%(upstream:remoteref) refs/heads/main refs/remotes/main [3ms]
2025-05-02 21:08:34.949 [info] > git status -z -uall [13ms]
2025-05-02 21:08:34.951 [info] > git for-each-ref --sort -committerdate --format %(refname)%00%(objectname)%00%(*objectname) [5ms]
2025-05-02 21:08:35.004 [info] > git log --format=%H%n%aN%n%aE%n%at%n%ct%n%P%n%D%n%B -z --shortstat --diff-merges=first-parent -n50 --skip=0 --topo-order --decorate=full --stdin [130ms]
2025-05-02 21:08:36.029 [info] > git ls-files --stage -- package-lock.json [2ms]
2025-05-02 21:08:36.043 [info] > git cat-file -s cd30290ec95280d49eefaea8ec3b82d7ddbe8741 [2ms]
2025-05-02 21:08:36.066 [info] > git show --textconv :package-lock.json [7ms]
2025-05-02 21:08:39.034 [info] > git log --oneline --cherry main...main@{upstream} -- [3ms]
2025-05-02 21:08:40.270 [info] > git ls-files --stage -- package-lock.json [2ms]
2025-05-02 21:08:40.285 [info] > git cat-file -s cd30290ec95280d49eefaea8ec3b82d7ddbe8741 [5ms]
2025-05-02 21:08:40.307 [info] > git show --textconv :package-lock.json [5ms]
2025-05-02 21:08:44.294 [info] > git pull --tags origin main [5241ms]
2025-05-02 21:08:44.294 [info] From github.com:no53488/portfolio
 * branch            main       -> FETCH_HEAD
2025-05-02 21:08:45.546 [info] > git ls-files --stage -- package-lock.json [3ms]
2025-05-02 21:08:45.563 [info] > git cat-file -s cd30290ec95280d49eefaea8ec3b82d7ddbe8741 [4ms]
2025-05-02 21:08:45.586 [info] > git show --textconv :package-lock.json [6ms]
2025-05-02 21:08:49.911 [info] > git push origin main:main [5602ms]
2025-05-02 21:08:49.911 [info] To github.com:no53488/portfolio.git
   dfae819..618e724  main -> main
2025-05-02 21:08:49.934 [info] > git for-each-ref --format=%(refname)%00%(upstream:short)%00%(objectname)%00%(upstream:track)%00%(upstream:remotename)%00%(upstream:remoteref) refs/heads/main refs/remotes/main [5ms]
2025-05-02 21:08:49.935 [info] > git config --get commit.template [14ms]
2025-05-02 21:08:49.962 [info] > git status -z -uall [16ms]
2025-05-02 21:08:49.964 [info] > git for-each-ref --sort -committerdate --format %(refname)%00%(objectname)%00%(*objectname) [3ms]
2025-05-02 21:08:49.989 [info] > git merge-base refs/heads/main refs/remotes/origin/main [5ms]
2025-05-02 21:08:50.021 [info] > git diff --name-status -z --diff-filter=ADMR 618e7245754697ab8f6233515e933019cf053f5e...refs/remotes/origin/main [17ms]
2025-05-02 21:08:50.158 [info] > git log --format=%H%n%aN%n%aE%n%at%n%ct%n%P%n%D%n%B -z --shortstat --diff-merges=first-parent -n50 --skip=0 --topo-order --decorate=full --stdin [138ms]
2025-05-02 21:08:51.018 [info] > git config --get commit.template [1ms]
2025-05-02 21:08:51.038 [info] > git for-each-ref --format=%(refname)%00%(upstream:short)%00%(objectname)%00%(upstream:track)%00%(upstream:remotename)%00%(upstream:remoteref) refs/heads/main refs/remotes/main [3ms]
2025-05-02 21:08:51.060 [info] > git status -z -uall [10ms]
2025-05-02 21:08:51.063 [info] > git for-each-ref --sort -committerdate --format %(refname)%00%(objectname)%00%(*objectname) [4ms]
2025-05-02 21:08:51.139 [info] > git ls-files --stage -- package-lock.json [5ms]
2025-05-02 21:08:51.158 [info] > git cat-file -s cd30290ec95280d49eefaea8ec3b82d7ddbe8741 [3ms]
2025-05-02 21:08:51.179 [info] > git show --textconv :package-lock.json [5ms]
2025-05-02 21:10:36.464 [info] > git fetch [1096ms]
2025-05-02 21:10:36.464 [info] Missing or invalid credentials.
Skip silent fetch commands
git@github.com: Permission denied (publickey).
fatal: Could not read from remote repository.

Please make sure you have the correct access rights
and the repository exists.
2025-05-02 21:10:36.477 [info] > git config --get commit.template [6ms]
2025-05-02 21:10:36.478 [info] > git for-each-ref --format=%(refname)%00%(upstream:short)%00%(objectname)%00%(upstream:track)%00%(upstream:remotename)%00%(upstream:remoteref) refs/heads/main refs/remotes/main [2ms]
2025-05-02 21:10:36.492 [info] > git status -z -uall [8ms]
2025-05-02 21:10:36.492 [info] > git for-each-ref --sort -committerdate --format %(refname)%00%(objectname)%00%(*objectname) [2ms]
2025-05-02 21:10:36.568 [info] > git ls-files --stage -- package-lock.json [1ms]
2025-05-02 21:10:36.575 [info] > git cat-file -s cd30290ec95280d49eefaea8ec3b82d7ddbe8741 [1ms]
2025-05-02 21:10:36.588 [info] > git show --textconv :package-lock.json [3ms]
2025-05-02 21:10:39.788 [info] > git check-ignore -v -z --stdin [1ms]
2025-05-02 21:10:41.351 [info] > git show --textconv :.github/workflows/main_nathan-portfolio.yml [8ms]
2025-05-02 21:10:41.353 [info] > git ls-files --stage -- .github/workflows/main_nathan-portfolio.yml [3ms]
2025-05-02 21:10:41.363 [info] > git cat-file -s e6f0f6b372cf8da03a28dbe3679cd01637b078f7 [2ms]
2025-05-02 21:11:29.812 [info] > git show --textconv :src/routes/+layout.svelte [16ms]
2025-05-02 21:11:29.813 [info] > git ls-files --stage -- src/routes/+layout.svelte [3ms]
2025-05-02 21:11:29.829 [info] > git cat-file -s 6bcd9cac127cdc76a5d2ade332b9a5fd7bbf21b8 [5ms]
2025-05-02 21:11:30.171 [info] > git blame --root --incremental 618e7245754697ab8f6233515e933019cf053f5e -- src/routes/+layout.svelte [6ms]
2025-05-02 21:11:30.252 [info] > git check-ignore -v -z --stdin [1ms]
2025-05-02 21:11:34.675 [info] > git config --get commit.template [7ms]
2025-05-02 21:11:34.675 [info] > git for-each-ref --format=%(refname)%00%(upstream:short)%00%(objectname)%00%(upstream:track)%00%(upstream:remotename)%00%(upstream:remoteref) refs/heads/main refs/remotes/main [1ms]
2025-05-02 21:11:34.688 [info] > git status -z -uall [7ms]
2025-05-02 21:11:34.689 [info] > git for-each-ref --sort -committerdate --format %(refname)%00%(objectname)%00%(*objectname) [2ms]
2025-05-02 21:13:37.462 [info] > git fetch [946ms]
2025-05-02 21:13:37.462 [info] Missing or invalid credentials.
Skip silent fetch commands
git@github.com: Permission denied (publickey).
fatal: Could not read from remote repository.

Please make sure you have the correct access rights
and the repository exists.
2025-05-02 21:13:37.480 [info] > git config --get commit.template [12ms]
2025-05-02 21:13:37.481 [info] > git for-each-ref --format=%(refname)%00%(upstream:short)%00%(objectname)%00%(upstream:track)%00%(upstream:remotename)%00%(upstream:remoteref) refs/heads/main refs/remotes/main [2ms]
2025-05-02 21:13:37.498 [info] > git status -z -uall [7ms]
2025-05-02 21:13:37.499 [info] > git for-each-ref --sort -committerdate --format %(refname)%00%(objectname)%00%(*objectname) [1ms]
2025-05-02 21:13:37.718 [info] > git ls-files --stage -- src/routes/+layout.svelte [2ms]
2025-05-02 21:13:37.730 [info] > git cat-file -s 6bcd9cac127cdc76a5d2ade332b9a5fd7bbf21b8 [3ms]
2025-05-02 21:13:37.754 [info] > git show --textconv :src/routes/+layout.svelte [4ms]
2025-05-02 21:17:28.517 [info] > git fetch [816ms]
2025-05-02 21:17:28.517 [info] Missing or invalid credentials.
Skip silent fetch commands
git@github.com: Permission denied (publickey).
fatal: Could not read from remote repository.

Please make sure you have the correct access rights
and the repository exists.
2025-05-02 21:17:28.533 [info] > git config --get commit.template [9ms]
2025-05-02 21:17:28.535 [info] > git for-each-ref --format=%(refname)%00%(upstream:short)%00%(objectname)%00%(upstream:track)%00%(upstream:remotename)%00%(upstream:remoteref) refs/heads/main refs/remotes/main [3ms]
2025-05-02 21:17:28.567 [info] > git status -z -uall [13ms]
2025-05-02 21:17:28.571 [info] > git for-each-ref --sort -committerdate --format %(refname)%00%(objectname)%00%(*objectname) [5ms]
2025-05-02 21:17:28.925 [info] > git ls-files --stage -- src/routes/+layout.svelte [3ms]
2025-05-02 21:17:28.947 [info] > git cat-file -s 6bcd9cac127cdc76a5d2ade332b9a5fd7bbf21b8 [3ms]
2025-05-02 21:17:28.963 [info] > git show --textconv :src/routes/+layout.svelte [1ms]
2025-05-02 21:27:21.454 [info] > git fetch [1070ms]
2025-05-02 21:27:21.455 [info] Missing or invalid credentials.
Skip silent fetch commands
git@github.com: Permission denied (publickey).
fatal: Could not read from remote repository.

Please make sure you have the correct access rights
and the repository exists.
2025-05-02 21:27:21.467 [info] > git config --get commit.template [5ms]
2025-05-02 21:27:21.468 [info] > git for-each-ref --format=%(refname)%00%(upstream:short)%00%(objectname)%00%(upstream:track)%00%(upstream:remotename)%00%(upstream:remoteref) refs/heads/main refs/remotes/main [1ms]
2025-05-02 21:27:21.481 [info] > git status -z -uall [7ms]
2025-05-02 21:27:21.483 [info] > git for-each-ref --sort -committerdate --format %(refname)%00%(objectname)%00%(*objectname) [3ms]
2025-05-02 21:27:21.612 [info] > git ls-files --stage -- src/routes/+layout.svelte [2ms]
2025-05-02 21:27:21.620 [info] > git cat-file -s 6bcd9cac127cdc76a5d2ade332b9a5fd7bbf21b8 [2ms]
2025-05-02 21:27:21.630 [info] > git show --textconv :src/routes/+layout.svelte [2ms]
