Initialize language server at  file:///home/mochi/portfolio
Initialize new ts service at  /home/mochi/portfolio/tsconfig.json
Trying to load configs for /home/mochi/portfolio
Loaded config at  /home/mochi/portfolio/svelte.config.js
SnapshotManager File Statistics:
Project files: 14
Svelte files: 5
From node_modules: 0
Total: 14
Reloading ts service at  /home/mochi/portfolio/tsconfig.json  due to config updated
Trying to load configs for /home/mochi/portfolio
SnapshotManager File Statistics:
Project files: 14
Svelte files: 5
From node_modules: 134
Total: 148
SnapshotManager File Statistics:
Project files: 14
Svelte files: 5
From node_modules: 167
Total: 181
Reloading ts service at  /home/mochi/portfolio/tsconfig.json  due to config updated
Trying to load configs for /home/mochi/portfolio
SnapshotManager File Statistics:
Project files: 14
Svelte files: 5
From node_modules: 0
Total: 14
TypeError: Cannot read properties of undefined (reading 'start')
    at getSvelteIgnoreEdit (/home/mochi/.vscode-oss/extensions/svelte.svelte-vscode-109.5.4-universal/node_modules/svelte-language-server/dist/src/plugins/svelte/features/getCodeActions/getQuickfixes.js:100:64)
    at createSvelteIgnoreQuickfixAction (/home/mochi/.vscode-oss/extensions/svelte.svelte-vscode-109.5.4-universal/node_modules/svelte-language-server/dist/src/plugins/svelte/features/getCodeActions/getQuickfixes.js:73:17)
    at createQuickfixActions (/home/mochi/.vscode-oss/extensions/svelte.svelte-vscode-109.5.4-universal/node_modules/svelte-language-server/dist/src/plugins/svelte/features/getCodeActions/getQuickfixes.js:51:22)
    at getQuickfixActions (/home/mochi/.vscode-oss/extensions/svelte.svelte-vscode-109.5.4-universal/node_modules/svelte-language-server/dist/src/plugins/svelte/features/getCodeActions/getQuickfixes.js:21:36)
    at async getCodeActions (/home/mochi/.vscode-oss/extensions/svelte.svelte-vscode-109.5.4-universal/node_modules/svelte-language-server/dist/src/plugins/svelte/features/getCodeActions/index.js:12:16)
    at async PluginHost.tryExecutePlugin (/home/mochi/.vscode-oss/extensions/svelte.svelte-vscode-109.5.4-universal/node_modules/svelte-language-server/dist/src/plugins/PluginHost.js:394:20)
    at async Promise.all (index 0)
    at async PluginHost.execute (/home/mochi/.vscode-oss/extensions/svelte.svelte-vscode-109.5.4-universal/node_modules/svelte-language-server/dist/src/plugins/PluginHost.js:371:24)
    at async PluginHost.getCodeActions (/home/mochi/.vscode-oss/extensions/svelte.svelte-vscode-109.5.4-universal/node_modules/svelte-language-server/dist/src/plugins/PluginHost.js:168:47)
SnapshotManager File Statistics:
Project files: 14
Svelte files: 5
From node_modules: 134
Total: 148
TypeError: Cannot read properties of undefined (reading 'start')
    at getSvelteIgnoreEdit (/home/mochi/.vscode-oss/extensions/svelte.svelte-vscode-109.5.4-universal/node_modules/svelte-language-server/dist/src/plugins/svelte/features/getCodeActions/getQuickfixes.js:100:64)
    at createSvelteIgnoreQuickfixAction (/home/mochi/.vscode-oss/extensions/svelte.svelte-vscode-109.5.4-universal/node_modules/svelte-language-server/dist/src/plugins/svelte/features/getCodeActions/getQuickfixes.js:73:17)
    at createQuickfixActions (/home/mochi/.vscode-oss/extensions/svelte.svelte-vscode-109.5.4-universal/node_modules/svelte-language-server/dist/src/plugins/svelte/features/getCodeActions/getQuickfixes.js:51:22)
    at getQuickfixActions (/home/mochi/.vscode-oss/extensions/svelte.svelte-vscode-109.5.4-universal/node_modules/svelte-language-server/dist/src/plugins/svelte/features/getCodeActions/getQuickfixes.js:21:36)
    at async getCodeActions (/home/mochi/.vscode-oss/extensions/svelte.svelte-vscode-109.5.4-universal/node_modules/svelte-language-server/dist/src/plugins/svelte/features/getCodeActions/index.js:12:16)
    at async PluginHost.tryExecutePlugin (/home/mochi/.vscode-oss/extensions/svelte.svelte-vscode-109.5.4-universal/node_modules/svelte-language-server/dist/src/plugins/PluginHost.js:394:20)
    at async Promise.all (index 0)
    at async PluginHost.execute (/home/mochi/.vscode-oss/extensions/svelte.svelte-vscode-109.5.4-universal/node_modules/svelte-language-server/dist/src/plugins/PluginHost.js:371:24)
    at async PluginHost.getCodeActions (/home/mochi/.vscode-oss/extensions/svelte.svelte-vscode-109.5.4-universal/node_modules/svelte-language-server/dist/src/plugins/PluginHost.js:168:47)
TypeError: Cannot read properties of undefined (reading 'start')
    at getSvelteIgnoreEdit (/home/mochi/.vscode-oss/extensions/svelte.svelte-vscode-109.5.4-universal/node_modules/svelte-language-server/dist/src/plugins/svelte/features/getCodeActions/getQuickfixes.js:100:64)
    at createSvelteIgnoreQuickfixAction (/home/mochi/.vscode-oss/extensions/svelte.svelte-vscode-109.5.4-universal/node_modules/svelte-language-server/dist/src/plugins/svelte/features/getCodeActions/getQuickfixes.js:73:17)
    at createQuickfixActions (/home/mochi/.vscode-oss/extensions/svelte.svelte-vscode-109.5.4-universal/node_modules/svelte-language-server/dist/src/plugins/svelte/features/getCodeActions/getQuickfixes.js:51:22)
    at getQuickfixActions (/home/mochi/.vscode-oss/extensions/svelte.svelte-vscode-109.5.4-universal/node_modules/svelte-language-server/dist/src/plugins/svelte/features/getCodeActions/getQuickfixes.js:21:36)
    at async getCodeActions (/home/mochi/.vscode-oss/extensions/svelte.svelte-vscode-109.5.4-universal/node_modules/svelte-language-server/dist/src/plugins/svelte/features/getCodeActions/index.js:12:16)
    at async PluginHost.tryExecutePlugin (/home/mochi/.vscode-oss/extensions/svelte.svelte-vscode-109.5.4-universal/node_modules/svelte-language-server/dist/src/plugins/PluginHost.js:394:20)
    at async Promise.all (index 0)
    at async PluginHost.execute (/home/mochi/.vscode-oss/extensions/svelte.svelte-vscode-109.5.4-universal/node_modules/svelte-language-server/dist/src/plugins/PluginHost.js:371:24)
    at async PluginHost.getCodeActions (/home/mochi/.vscode-oss/extensions/svelte.svelte-vscode-109.5.4-universal/node_modules/svelte-language-server/dist/src/plugins/PluginHost.js:168:47)
TypeError: Cannot read properties of undefined (reading 'start')
    at getSvelteIgnoreEdit (/home/mochi/.vscode-oss/extensions/svelte.svelte-vscode-109.5.4-universal/node_modules/svelte-language-server/dist/src/plugins/svelte/features/getCodeActions/getQuickfixes.js:100:64)
    at createSvelteIgnoreQuickfixAction (/home/mochi/.vscode-oss/extensions/svelte.svelte-vscode-109.5.4-universal/node_modules/svelte-language-server/dist/src/plugins/svelte/features/getCodeActions/getQuickfixes.js:73:17)
    at createQuickfixActions (/home/mochi/.vscode-oss/extensions/svelte.svelte-vscode-109.5.4-universal/node_modules/svelte-language-server/dist/src/plugins/svelte/features/getCodeActions/getQuickfixes.js:51:22)
    at getQuickfixActions (/home/mochi/.vscode-oss/extensions/svelte.svelte-vscode-109.5.4-universal/node_modules/svelte-language-server/dist/src/plugins/svelte/features/getCodeActions/getQuickfixes.js:21:36)
    at async getCodeActions (/home/mochi/.vscode-oss/extensions/svelte.svelte-vscode-109.5.4-universal/node_modules/svelte-language-server/dist/src/plugins/svelte/features/getCodeActions/index.js:12:16)
    at async PluginHost.tryExecutePlugin (/home/mochi/.vscode-oss/extensions/svelte.svelte-vscode-109.5.4-universal/node_modules/svelte-language-server/dist/src/plugins/PluginHost.js:394:20)
    at async Promise.all (index 0)
    at async PluginHost.execute (/home/mochi/.vscode-oss/extensions/svelte.svelte-vscode-109.5.4-universal/node_modules/svelte-language-server/dist/src/plugins/PluginHost.js:371:24)
    at async PluginHost.getCodeActions (/home/mochi/.vscode-oss/extensions/svelte.svelte-vscode-109.5.4-universal/node_modules/svelte-language-server/dist/src/plugins/PluginHost.js:168:47)
TypeError: Cannot read properties of undefined (reading 'start')
    at getSvelteIgnoreEdit (/home/mochi/.vscode-oss/extensions/svelte.svelte-vscode-109.5.4-universal/node_modules/svelte-language-server/dist/src/plugins/svelte/features/getCodeActions/getQuickfixes.js:100:64)
    at createSvelteIgnoreQuickfixAction (/home/mochi/.vscode-oss/extensions/svelte.svelte-vscode-109.5.4-universal/node_modules/svelte-language-server/dist/src/plugins/svelte/features/getCodeActions/getQuickfixes.js:73:17)
    at createQuickfixActions (/home/mochi/.vscode-oss/extensions/svelte.svelte-vscode-109.5.4-universal/node_modules/svelte-language-server/dist/src/plugins/svelte/features/getCodeActions/getQuickfixes.js:51:22)
    at getQuickfixActions (/home/mochi/.vscode-oss/extensions/svelte.svelte-vscode-109.5.4-universal/node_modules/svelte-language-server/dist/src/plugins/svelte/features/getCodeActions/getQuickfixes.js:21:36)
    at async getCodeActions (/home/mochi/.vscode-oss/extensions/svelte.svelte-vscode-109.5.4-universal/node_modules/svelte-language-server/dist/src/plugins/svelte/features/getCodeActions/index.js:12:16)
    at async PluginHost.tryExecutePlugin (/home/mochi/.vscode-oss/extensions/svelte.svelte-vscode-109.5.4-universal/node_modules/svelte-language-server/dist/src/plugins/PluginHost.js:394:20)
    at async Promise.all (index 0)
    at async PluginHost.execute (/home/mochi/.vscode-oss/extensions/svelte.svelte-vscode-109.5.4-universal/node_modules/svelte-language-server/dist/src/plugins/PluginHost.js:371:24)
    at async PluginHost.getCodeActions (/home/mochi/.vscode-oss/extensions/svelte.svelte-vscode-109.5.4-universal/node_modules/svelte-language-server/dist/src/plugins/PluginHost.js:168:47)
SnapshotManager File Statistics:
Project files: 14
Svelte files: 5
From node_modules: 167
Total: 181
SnapshotManager File Statistics:
Project files: 14
Svelte files: 5
From node_modules: 167
Total: 181
SnapshotManager File Statistics:
Project files: 14
Svelte files: 5
From node_modules: 167
Total: 181
SnapshotManager File Statistics:
Project files: 14
Svelte files: 5
From node_modules: 167
Total: 181
SnapshotManager File Statistics:
Project files: 14
Svelte files: 5
From node_modules: 167
Total: 181
SnapshotManager File Statistics:
Project files: 14
Svelte files: 5
From node_modules: 167
Total: 181
SnapshotManager File Statistics:
Project files: 14
Svelte files: 5
From node_modules: 167
Total: 181
SnapshotManager File Statistics:
Project files: 14
Svelte files: 5
From node_modules: 167
Total: 181
Reloading ts service at  /home/mochi/portfolio/tsconfig.json  due to config updated
Trying to load configs for /home/mochi/portfolio
SnapshotManager File Statistics:
Project files: 14
Svelte files: 5
From node_modules: 134
Total: 148
SnapshotManager File Statistics:
Project files: 14
Svelte files: 5
From node_modules: 167
Total: 181
SnapshotManager File Statistics:
Project files: 14
Svelte files: 5
From node_modules: 167
Total: 181
SnapshotManager File Statistics:
Project files: 14
Svelte files: 5
From node_modules: 167
Total: 181
Reloading ts service at  /home/mochi/portfolio/tsconfig.json  due to config updated
Trying to load configs for /home/mochi/portfolio
SnapshotManager File Statistics:
Project files: 14
Svelte files: 5
From node_modules: 134
Total: 148
SnapshotManager File Statistics:
Project files: 14
Svelte files: 5
From node_modules: 167
Total: 181
SnapshotManager File Statistics:
Project files: 14
Svelte files: 5
From node_modules: 167
Total: 181
Error: length < 0
    at createTextSpan (/home/mochi/.vscode-oss/extensions/svelte.svelte-vscode-109.5.4-universal/node_modules/typescript/lib/typescript.js:14753:11)
    at createTextSpanFromBounds (/home/mochi/.vscode-oss/extensions/svelte.svelte-vscode-109.5.4-universal/node_modules/typescript/lib/typescript.js:14758:10)
    at Object.getCodeFixesAtPosition (/home/mochi/.vscode-oss/extensions/svelte.svelte-vscode-109.5.4-universal/node_modules/typescript/lib/typescript.js:152520:18)
    at CodeActionsProviderImpl.applyQuickfix (/home/mochi/.vscode-oss/extensions/svelte.svelte-vscode-109.5.4-universal/node_modules/svelte-language-server/dist/src/plugins/typescript/features/CodeActionsProvider.js:336:50)
    at async CodeActionsProviderImpl.getCodeActions (/home/mochi/.vscode-oss/extensions/svelte.svelte-vscode-109.5.4-universal/node_modules/svelte-language-server/dist/src/plugins/typescript/features/CodeActionsProvider.js:50:20)
    at async PluginHost.tryExecutePlugin (/home/mochi/.vscode-oss/extensions/svelte.svelte-vscode-109.5.4-universal/node_modules/svelte-language-server/dist/src/plugins/PluginHost.js:394:20)
    at async Promise.all (index 1)
    at async PluginHost.execute (/home/mochi/.vscode-oss/extensions/svelte.svelte-vscode-109.5.4-universal/node_modules/svelte-language-server/dist/src/plugins/PluginHost.js:371:24)
    at async PluginHost.getCodeActions (/home/mochi/.vscode-oss/extensions/svelte.svelte-vscode-109.5.4-universal/node_modules/svelte-language-server/dist/src/plugins/PluginHost.js:168:47)
Error: length < 0
    at createTextSpan (/home/mochi/.vscode-oss/extensions/svelte.svelte-vscode-109.5.4-universal/node_modules/typescript/lib/typescript.js:14753:11)
    at createTextSpanFromBounds (/home/mochi/.vscode-oss/extensions/svelte.svelte-vscode-109.5.4-universal/node_modules/typescript/lib/typescript.js:14758:10)
    at Object.getCodeFixesAtPosition (/home/mochi/.vscode-oss/extensions/svelte.svelte-vscode-109.5.4-universal/node_modules/typescript/lib/typescript.js:152520:18)
    at CodeActionsProviderImpl.applyQuickfix (/home/mochi/.vscode-oss/extensions/svelte.svelte-vscode-109.5.4-universal/node_modules/svelte-language-server/dist/src/plugins/typescript/features/CodeActionsProvider.js:336:50)
    at async CodeActionsProviderImpl.getCodeActions (/home/mochi/.vscode-oss/extensions/svelte.svelte-vscode-109.5.4-universal/node_modules/svelte-language-server/dist/src/plugins/typescript/features/CodeActionsProvider.js:50:20)
    at async PluginHost.tryExecutePlugin (/home/mochi/.vscode-oss/extensions/svelte.svelte-vscode-109.5.4-universal/node_modules/svelte-language-server/dist/src/plugins/PluginHost.js:394:20)
    at async Promise.all (index 1)
    at async PluginHost.execute (/home/mochi/.vscode-oss/extensions/svelte.svelte-vscode-109.5.4-universal/node_modules/svelte-language-server/dist/src/plugins/PluginHost.js:371:24)
    at async PluginHost.getCodeActions (/home/mochi/.vscode-oss/extensions/svelte.svelte-vscode-109.5.4-universal/node_modules/svelte-language-server/dist/src/plugins/PluginHost.js:168:47)
Error: length < 0
    at createTextSpan (/home/mochi/.vscode-oss/extensions/svelte.svelte-vscode-109.5.4-universal/node_modules/typescript/lib/typescript.js:14753:11)
    at createTextSpanFromBounds (/home/mochi/.vscode-oss/extensions/svelte.svelte-vscode-109.5.4-universal/node_modules/typescript/lib/typescript.js:14758:10)
    at Object.getCodeFixesAtPosition (/home/mochi/.vscode-oss/extensions/svelte.svelte-vscode-109.5.4-universal/node_modules/typescript/lib/typescript.js:152520:18)
    at CodeActionsProviderImpl.applyQuickfix (/home/mochi/.vscode-oss/extensions/svelte.svelte-vscode-109.5.4-universal/node_modules/svelte-language-server/dist/src/plugins/typescript/features/CodeActionsProvider.js:336:50)
    at async CodeActionsProviderImpl.getCodeActions (/home/mochi/.vscode-oss/extensions/svelte.svelte-vscode-109.5.4-universal/node_modules/svelte-language-server/dist/src/plugins/typescript/features/CodeActionsProvider.js:50:20)
    at async PluginHost.tryExecutePlugin (/home/mochi/.vscode-oss/extensions/svelte.svelte-vscode-109.5.4-universal/node_modules/svelte-language-server/dist/src/plugins/PluginHost.js:394:20)
    at async Promise.all (index 1)
    at async PluginHost.execute (/home/mochi/.vscode-oss/extensions/svelte.svelte-vscode-109.5.4-universal/node_modules/svelte-language-server/dist/src/plugins/PluginHost.js:371:24)
    at async PluginHost.getCodeActions (/home/mochi/.vscode-oss/extensions/svelte.svelte-vscode-109.5.4-universal/node_modules/svelte-language-server/dist/src/plugins/PluginHost.js:168:47)
