2025-05-22 13:21:23.330 [info] [main] Log level: Info
2025-05-22 13:21:23.330 [info] [main] Validating found git in: "git"
2025-05-22 13:21:23.330 [info] [main] Using git "2.49.0" from "git"
2025-05-22 13:21:23.330 [info] [Model][doInitialScan] Initial repository scan started
2025-05-22 13:21:23.331 [info] > git rev-parse --show-toplevel [5ms]
2025-05-22 13:21:23.332 [info] > git rev-parse --git-dir --git-common-dir [4ms]
2025-05-22 13:21:23.362 [info] [Model][openRepository] Opened repository (path): /home/mochi/portfolio
2025-05-22 13:21:23.362 [info] [Model][openRepository] Opened repository (real path): /home/mochi/portfolio
2025-05-22 13:21:23.394 [info] > git rev-parse --show-toplevel [5ms]
2025-05-22 13:21:23.395 [info] > git config --get commit.template [14ms]
2025-05-22 13:21:23.708 [info] > git rev-parse --show-toplevel [296ms]
2025-05-22 13:21:23.885 [info] > git for-each-ref --format=%(refname)%00%(upstream:short)%00%(objectname)%00%(upstream:track)%00%(upstream:remotename)%00%(upstream:remoteref) refs/heads/main refs/remotes/main [236ms]
2025-05-22 13:21:23.918 [info] > git rev-parse --show-toplevel [43ms]
2025-05-22 13:21:23.986 [info] > git status -z -uall [24ms]
2025-05-22 13:21:23.987 [info] > git for-each-ref --sort -committerdate --format %(refname)%00%(objectname)%00%(*objectname) [7ms]
2025-05-22 13:21:24.022 [info] > git rev-parse --show-toplevel [80ms]
2025-05-22 13:21:24.066 [info] > git for-each-ref --format=%(refname)%00%(upstream:short)%00%(objectname)%00%(upstream:track)%00%(upstream:remotename)%00%(upstream:remoteref) refs/heads/main refs/remotes/main [53ms]
2025-05-22 13:21:24.088 [info] > git config --get --local branch.main.vscode-merge-base [8ms]
2025-05-22 13:21:24.100 [info] > git rev-parse --show-toplevel [36ms]
2025-05-22 13:21:24.102 [info] > git config --get commit.template [47ms]
2025-05-22 13:21:24.116 [info] > git for-each-ref --format=%(refname)%00%(upstream:short)%00%(objectname)%00%(upstream:track)%00%(upstream:remotename)%00%(upstream:remoteref) refs/heads/origin/main refs/remotes/origin/main [16ms]
2025-05-22 13:21:24.145 [info] > git merge-base refs/heads/main refs/remotes/origin/main [16ms]
2025-05-22 13:21:24.156 [info] > git rev-parse --show-toplevel [41ms]
2025-05-22 13:21:24.158 [info] [Model][doInitialScan] Initial repository scan completed - repositories (1), closed repositories (0), parent repositories (0), unsafe repositories (0)
2025-05-22 13:21:24.211 [info] > git show --textconv :src/routes/+layout.svelte [35ms]
2025-05-22 13:21:24.211 [info] > git ls-files --stage -- src/routes/+layout.svelte [21ms]
2025-05-22 13:21:24.226 [info] > git diff --name-status -z --diff-filter=ADMR 618e7245754697ab8f6233515e933019cf053f5e...refs/remotes/origin/main [71ms]
2025-05-22 13:21:24.227 [info] > git for-each-ref --format=%(refname)%00%(upstream:short)%00%(objectname)%00%(upstream:track)%00%(upstream:remotename)%00%(upstream:remoteref) refs/heads/main refs/remotes/main [83ms]
2025-05-22 13:21:24.288 [info] > git check-ignore -v -z --stdin [49ms]
2025-05-22 13:21:24.291 [info] > git cat-file -s 6bcd9cac127cdc76a5d2ade332b9a5fd7bbf21b8 [67ms]
2025-05-22 13:21:24.469 [info] > git status -z -uall [144ms]
2025-05-22 13:21:24.470 [info] > git for-each-ref --sort -committerdate --format %(refname)%00%(objectname)%00%(*objectname) [136ms]
2025-05-22 13:21:24.564 [info] > git blame --root --incremental 618e7245754697ab8f6233515e933019cf053f5e -- src/routes/+layout.svelte [9ms]
2025-05-22 13:21:24.823 [info] > git fetch [1463ms]
2025-05-22 13:21:24.823 [info] Missing or invalid credentials.
Skip silent fetch commands
git@github.com: Permission denied (publickey).
fatal: Could not read from remote repository.

Please make sure you have the correct access rights
and the repository exists.
2025-05-22 13:21:24.848 [info] > git for-each-ref --format=%(refname)%00%(upstream:short)%00%(objectname)%00%(upstream:track)%00%(upstream:remotename)%00%(upstream:remoteref) refs/heads/main refs/remotes/main [3ms]
2025-05-22 13:21:24.849 [info] > git config --get commit.template [17ms]
2025-05-22 13:21:24.885 [info] > git status -z -uall [18ms]
2025-05-22 13:21:24.908 [info] > git for-each-ref --sort -committerdate --format %(refname)%00%(objectname)%00%(*objectname) [30ms]
2025-05-22 13:21:27.549 [info] > git config --get commit.template [7ms]
2025-05-22 13:21:27.551 [info] > git for-each-ref --format=%(refname)%00%(upstream:short)%00%(objectname)%00%(upstream:track)%00%(upstream:remotename)%00%(upstream:remoteref) refs/heads/main refs/remotes/main [2ms]
2025-05-22 13:21:27.565 [info] > git status -z -uall [7ms]
2025-05-22 13:21:27.567 [info] > git for-each-ref --sort -committerdate --format %(refname)%00%(objectname)%00%(*objectname) [3ms]
2025-05-22 13:21:32.593 [info] > git config --get commit.template [3ms]
2025-05-22 13:21:32.605 [info] > git for-each-ref --format=%(refname)%00%(upstream:short)%00%(objectname)%00%(upstream:track)%00%(upstream:remotename)%00%(upstream:remoteref) refs/heads/main refs/remotes/main [2ms]
2025-05-22 13:21:32.625 [info] > git status -z -uall [10ms]
2025-05-22 13:21:32.628 [info] > git for-each-ref --sort -committerdate --format %(refname)%00%(objectname)%00%(*objectname) [4ms]
2025-05-22 13:21:37.660 [info] > git config --get commit.template [13ms]
2025-05-22 13:21:37.661 [info] > git for-each-ref --format=%(refname)%00%(upstream:short)%00%(objectname)%00%(upstream:track)%00%(upstream:remotename)%00%(upstream:remoteref) refs/heads/main refs/remotes/main [2ms]
2025-05-22 13:21:37.686 [info] > git status -z -uall [13ms]
2025-05-22 13:21:37.691 [info] > git for-each-ref --sort -committerdate --format %(refname)%00%(objectname)%00%(*objectname) [6ms]
2025-05-22 13:21:48.001 [info] > git config --get commit.template [6ms]
2025-05-22 13:21:48.051 [info] > git for-each-ref --format=%(refname)%00%(upstream:short)%00%(objectname)%00%(upstream:track)%00%(upstream:remotename)%00%(upstream:remoteref) refs/heads/main refs/remotes/main [23ms]
2025-05-22 13:21:48.126 [info] > git status -z -uall [37ms]
2025-05-22 13:21:48.129 [info] > git for-each-ref --sort -committerdate --format %(refname)%00%(objectname)%00%(*objectname) [14ms]
2025-05-22 13:21:54.880 [info] > git show --textconv :src/lib/Button.svelte [19ms]
2025-05-22 13:21:54.882 [info] > git ls-files --stage -- src/lib/Button.svelte [6ms]
2025-05-22 13:21:54.897 [info] > git cat-file -s 9ebfd7df21c46b97692cbb60eca25e1b2d8fd67b [3ms]
2025-05-22 13:21:55.000 [info] > git blame --root --incremental 618e7245754697ab8f6233515e933019cf053f5e -- src/lib/Button.svelte [9ms]
2025-05-22 13:21:55.461 [info] > git check-ignore -v -z --stdin [8ms]
2025-05-22 13:21:55.566 [info] > git show --textconv :src/routes/titanfall/+page.svelte [20ms]
2025-05-22 13:21:55.574 [info] > git ls-files --stage -- src/routes/titanfall/+page.svelte [9ms]
2025-05-22 13:21:55.600 [info] > git cat-file -s 50a2dfd265754ab71559065189197717f7f4f792 [4ms]
2025-05-22 13:21:55.745 [info] > git blame --root --incremental 618e7245754697ab8f6233515e933019cf053f5e -- src/routes/titanfall/+page.svelte [11ms]
2025-05-22 13:21:57.832 [info] > git show --textconv :src/lib/Button.svelte [16ms]
2025-05-22 13:21:57.835 [info] > git ls-files --stage -- src/lib/Button.svelte [5ms]
2025-05-22 13:21:57.853 [info] > git cat-file -s 9ebfd7df21c46b97692cbb60eca25e1b2d8fd67b [4ms]
2025-05-22 13:22:02.398 [info] > git check-ignore -v -z --stdin [2ms]
2025-05-22 13:22:02.944 [info] > git show --textconv :src/routes/about/+page.svelte [15ms]
2025-05-22 13:22:02.946 [info] > git ls-files --stage -- src/routes/about/+page.svelte [3ms]
2025-05-22 13:22:02.959 [info] > git cat-file -s 86970cbcafe2376712b3f7df13961d379c58ce2f [3ms]
2025-05-22 13:22:02.981 [info] > git blame --root --incremental 618e7245754697ab8f6233515e933019cf053f5e -- src/routes/about/+page.svelte [4ms]
2025-05-22 13:22:04.950 [info] > git show --textconv :src/routes/+layout.svelte [14ms]
2025-05-22 13:22:04.952 [info] > git ls-files --stage -- src/routes/+layout.svelte [4ms]
2025-05-22 13:22:04.966 [info] > git cat-file -s 6bcd9cac127cdc76a5d2ade332b9a5fd7bbf21b8 [3ms]
2025-05-22 13:22:32.458 [info] > git show --textconv :src/routes/+page.svelte [17ms]
2025-05-22 13:22:32.460 [info] > git ls-files --stage -- src/routes/+page.svelte [4ms]
2025-05-22 13:22:32.477 [info] > git cat-file -s 54e909eba11e16640e7bd4503ced176219046527 [3ms]
2025-05-22 13:22:32.503 [info] > git blame --root --incremental 618e7245754697ab8f6233515e933019cf053f5e -- src/routes/+page.svelte [3ms]
2025-05-22 13:22:35.383 [info] > git show --textconv :src/routes/+layout.svelte [11ms]
2025-05-22 13:22:35.384 [info] > git ls-files --stage -- src/routes/+layout.svelte [2ms]
2025-05-22 13:22:35.403 [info] > git cat-file -s 6bcd9cac127cdc76a5d2ade332b9a5fd7bbf21b8 [3ms]
2025-05-22 13:24:26.138 [info] > git ls-files --stage -- src/routes/+layout.svelte [5ms]
2025-05-22 13:24:26.150 [info] > git cat-file -s 6bcd9cac127cdc76a5d2ade332b9a5fd7bbf21b8 [3ms]
2025-05-22 13:24:26.175 [info] > git show --textconv :src/routes/+layout.svelte [5ms]
2025-05-22 13:24:26.593 [info] > git fetch [1665ms]
2025-05-22 13:24:26.593 [info] Missing or invalid credentials.
Skip silent fetch commands
git@github.com: Permission denied (publickey).
fatal: Could not read from remote repository.

Please make sure you have the correct access rights
and the repository exists.
2025-05-22 13:24:26.615 [info] > git config --get commit.template [12ms]
2025-05-22 13:24:26.618 [info] > git for-each-ref --format=%(refname)%00%(upstream:short)%00%(objectname)%00%(upstream:track)%00%(upstream:remotename)%00%(upstream:remoteref) refs/heads/main refs/remotes/main [4ms]
2025-05-22 13:24:26.643 [info] > git status -z -uall [11ms]
2025-05-22 13:24:26.646 [info] > git for-each-ref --sort -committerdate --format %(refname)%00%(objectname)%00%(*objectname) [4ms]
2025-05-22 13:25:17.405 [info] > git config --get commit.template [26ms]
2025-05-22 13:25:17.406 [info] > git for-each-ref --format=%(refname)%00%(upstream:short)%00%(objectname)%00%(upstream:track)%00%(upstream:remotename)%00%(upstream:remoteref) refs/heads/main refs/remotes/main [8ms]
2025-05-22 13:25:17.447 [info] > git status -z -uall [23ms]
2025-05-22 13:25:17.451 [info] > git for-each-ref --sort -committerdate --format %(refname)%00%(objectname)%00%(*objectname) [6ms]
2025-05-22 13:25:26.724 [info] > git config --get commit.template [17ms]
2025-05-22 13:25:26.725 [info] > git for-each-ref --format=%(refname)%00%(upstream:short)%00%(objectname)%00%(upstream:track)%00%(upstream:remotename)%00%(upstream:remoteref) refs/heads/main refs/remotes/main [4ms]
2025-05-22 13:25:26.760 [info] > git status -z -uall [19ms]
2025-05-22 13:25:26.762 [info] > git for-each-ref --sort -committerdate --format %(refname)%00%(objectname)%00%(*objectname) [4ms]
2025-05-22 13:25:31.789 [info] > git config --get commit.template [3ms]
2025-05-22 13:25:31.810 [info] > git for-each-ref --format=%(refname)%00%(upstream:short)%00%(objectname)%00%(upstream:track)%00%(upstream:remotename)%00%(upstream:remoteref) refs/heads/main refs/remotes/main [7ms]
2025-05-22 13:25:31.835 [info] > git status -z -uall [13ms]
2025-05-22 13:25:31.836 [info] > git for-each-ref --sort -committerdate --format %(refname)%00%(objectname)%00%(*objectname) [3ms]
2025-05-22 13:25:36.863 [info] > git config --get commit.template [13ms]
2025-05-22 13:25:36.864 [info] > git for-each-ref --format=%(refname)%00%(upstream:short)%00%(objectname)%00%(upstream:track)%00%(upstream:remotename)%00%(upstream:remoteref) refs/heads/main refs/remotes/main [2ms]
2025-05-22 13:25:36.889 [info] > git status -z -uall [13ms]
2025-05-22 13:25:36.891 [info] > git for-each-ref --sort -committerdate --format %(refname)%00%(objectname)%00%(*objectname) [2ms]
2025-05-22 13:25:41.914 [info] > git config --get commit.template [2ms]
2025-05-22 13:25:41.928 [info] > git for-each-ref --format=%(refname)%00%(upstream:short)%00%(objectname)%00%(upstream:track)%00%(upstream:remotename)%00%(upstream:remoteref) refs/heads/main refs/remotes/main [2ms]
2025-05-22 13:25:41.955 [info] > git status -z -uall [11ms]
2025-05-22 13:25:41.956 [info] > git for-each-ref --sort -committerdate --format %(refname)%00%(objectname)%00%(*objectname) [3ms]
2025-05-22 13:50:17.440 [info] > git config --get commit.template [22ms]
2025-05-22 13:50:17.468 [info] > git for-each-ref --format=%(refname)%00%(upstream:short)%00%(objectname)%00%(upstream:track)%00%(upstream:remotename)%00%(upstream:remoteref) refs/heads/main refs/remotes/main [6ms]
2025-05-22 13:50:17.505 [info] > git status -z -uall [22ms]
2025-05-22 13:50:17.514 [info] > git for-each-ref --sort -committerdate --format %(refname)%00%(objectname)%00%(*objectname) [14ms]
2025-05-22 13:50:18.708 [info] > git ls-files --stage -- src/routes/+layout.svelte [5ms]
2025-05-22 13:50:18.726 [info] > git cat-file -s 6bcd9cac127cdc76a5d2ade332b9a5fd7bbf21b8 [5ms]
2025-05-22 13:50:18.756 [info] > git show --textconv :src/routes/+layout.svelte [11ms]
2025-05-22 13:50:19.337 [info] > git fetch [1957ms]
2025-05-22 13:50:19.337 [info] Missing or invalid credentials.
Skip silent fetch commands
git@github.com: Permission denied (publickey).
fatal: Could not read from remote repository.

Please make sure you have the correct access rights
and the repository exists.
2025-05-22 13:50:19.359 [info] > git config --get commit.template [9ms]
2025-05-22 13:50:19.361 [info] > git for-each-ref --format=%(refname)%00%(upstream:short)%00%(objectname)%00%(upstream:track)%00%(upstream:remotename)%00%(upstream:remoteref) refs/heads/main refs/remotes/main [3ms]
2025-05-22 13:50:19.381 [info] > git status -z -uall [11ms]
2025-05-22 13:50:19.382 [info] > git for-each-ref --sort -committerdate --format %(refname)%00%(objectname)%00%(*objectname) [2ms]
2025-05-22 14:00:42.997 [info] > git ls-files --stage -- src/routes/+layout.svelte [4ms]
2025-05-22 14:00:43.015 [info] > git cat-file -s 6bcd9cac127cdc76a5d2ade332b9a5fd7bbf21b8 [5ms]
2025-05-22 14:00:43.033 [info] > git show --textconv :src/routes/+layout.svelte [4ms]
2025-05-22 14:00:43.147 [info] > git fetch [1422ms]
2025-05-22 14:00:43.147 [info] Missing or invalid credentials.
Skip silent fetch commands
git@github.com: Permission denied (publickey).
fatal: Could not read from remote repository.

Please make sure you have the correct access rights
and the repository exists.
2025-05-22 14:00:43.176 [info] > git config --get commit.template [15ms]
2025-05-22 14:00:43.178 [info] > git for-each-ref --format=%(refname)%00%(upstream:short)%00%(objectname)%00%(upstream:track)%00%(upstream:remotename)%00%(upstream:remoteref) refs/heads/main refs/remotes/main [4ms]
2025-05-22 14:00:43.199 [info] > git status -z -uall [12ms]
2025-05-22 14:00:43.201 [info] > git for-each-ref --sort -committerdate --format %(refname)%00%(objectname)%00%(*objectname) [3ms]
