2025-05-02 22:33:10.704 [info] [main] Log level: Info
2025-05-02 22:33:10.704 [info] [main] Validating found git in: "git"
2025-05-02 22:33:10.704 [info] [main] Using git "2.49.0" from "git"
2025-05-02 22:33:10.704 [info] [Model][doInitialScan] Initial repository scan started
2025-05-02 22:33:10.704 [info] > git rev-parse --show-toplevel [15ms]
2025-05-02 22:33:10.704 [info] > git rev-parse --git-dir --git-common-dir [3ms]
2025-05-02 22:33:10.704 [info] [Model][openRepository] Opened repository: /home/mochi/portfolio
2025-05-02 22:33:10.706 [info] > git rev-parse --show-toplevel [9ms]
2025-05-02 22:33:10.707 [info] > git config --get commit.template [16ms]
2025-05-02 22:33:11.047 [info] > git rev-parse --show-toplevel [118ms]
2025-05-02 22:33:11.066 [info] > git for-each-ref --format=%(refname)%00%(upstream:short)%00%(objectname)%00%(upstream:track)%00%(upstream:remotename)%00%(upstream:remoteref) refs/heads/main refs/remotes/main [22ms]
2025-05-02 22:33:11.071 [info] > git rev-parse --show-toplevel [7ms]
2025-05-02 22:33:11.125 [info] > git rev-parse --show-toplevel [34ms]
2025-05-02 22:33:11.185 [info] > git status -z -uall [37ms]
2025-05-02 22:33:11.185 [info] > git rev-parse --show-toplevel [7ms]
2025-05-02 22:33:11.187 [info] > git for-each-ref --sort -committerdate --format %(refname)%00%(objectname)%00%(*objectname) [21ms]
2025-05-02 22:33:11.263 [info] > git for-each-ref --format=%(refname)%00%(upstream:short)%00%(objectname)%00%(upstream:track)%00%(upstream:remotename)%00%(upstream:remoteref) refs/heads/main refs/remotes/main [49ms]
2025-05-02 22:33:11.291 [info] > git config --get --local branch.main.vscode-merge-base [10ms]
2025-05-02 22:33:11.310 [info] > git config --get commit.template [49ms]
2025-05-02 22:33:11.310 [info] > git rev-parse --show-toplevel [65ms]
2025-05-02 22:33:11.311 [info] [Model][doInitialScan] Initial repository scan completed - repositories (1), closed repositories (0), parent repositories (0), unsafe repositories (0)
2025-05-02 22:33:11.363 [info] > git show --textconv :src/routes/+layout.svelte [30ms]
2025-05-02 22:33:11.363 [info] > git ls-files --stage -- src/routes/+layout.svelte [13ms]
2025-05-02 22:33:11.377 [info] > git for-each-ref --format=%(refname)%00%(upstream:short)%00%(objectname)%00%(upstream:track)%00%(upstream:remotename)%00%(upstream:remoteref) refs/heads/origin/main refs/remotes/origin/main [68ms]
2025-05-02 22:33:11.436 [info] > git merge-base refs/heads/main refs/remotes/origin/main [45ms]
2025-05-02 22:33:11.443 [info] > git cat-file -s 6bcd9cac127cdc76a5d2ade332b9a5fd7bbf21b8 [67ms]
2025-05-02 22:33:11.576 [info] > git check-ignore -v -z --stdin [125ms]
2025-05-02 22:33:11.578 [info] > git diff --name-status -z --diff-filter=ADMR 618e7245754697ab8f6233515e933019cf053f5e...refs/remotes/origin/main [135ms]
2025-05-02 22:33:11.580 [info] > git for-each-ref --format=%(refname)%00%(upstream:short)%00%(objectname)%00%(upstream:track)%00%(upstream:remotename)%00%(upstream:remoteref) refs/heads/main refs/remotes/main [145ms]
2025-05-02 22:33:11.673 [info] > git status -z -uall [61ms]
2025-05-02 22:33:11.673 [info] > git for-each-ref --sort -committerdate --format %(refname)%00%(objectname)%00%(*objectname) [51ms]
2025-05-02 22:33:11.717 [info] > git blame --root --incremental 618e7245754697ab8f6233515e933019cf053f5e -- src/routes/+layout.svelte [9ms]
2025-05-02 22:33:11.885 [info] > git fetch [1209ms]
2025-05-02 22:33:11.885 [info] Missing or invalid credentials.
Skip silent fetch commands
git@github.com: Permission denied (publickey).
fatal: Could not read from remote repository.

Please make sure you have the correct access rights
and the repository exists.
2025-05-02 22:33:11.919 [info] > git config --get commit.template [8ms]
2025-05-02 22:33:11.954 [info] > git for-each-ref --format=%(refname)%00%(upstream:short)%00%(objectname)%00%(upstream:track)%00%(upstream:remotename)%00%(upstream:remoteref) refs/heads/main refs/remotes/main [15ms]
2025-05-02 22:33:11.992 [info] > git status -z -uall [21ms]
2025-05-02 22:33:11.994 [info] > git for-each-ref --sort -committerdate --format %(refname)%00%(objectname)%00%(*objectname) [3ms]
2025-05-02 22:33:16.847 [info] > git config --get commit.template [9ms]
2025-05-02 22:33:16.848 [info] > git for-each-ref --format=%(refname)%00%(upstream:short)%00%(objectname)%00%(upstream:track)%00%(upstream:remotename)%00%(upstream:remoteref) refs/heads/main refs/remotes/main [3ms]
2025-05-02 22:33:16.864 [info] > git status -z -uall [9ms]
2025-05-02 22:33:16.866 [info] > git for-each-ref --sort -committerdate --format %(refname)%00%(objectname)%00%(*objectname) [3ms]
2025-05-02 22:33:40.224 [info] > git config --get commit.template [27ms]
2025-05-02 22:33:40.229 [info] > git for-each-ref --format=%(refname)%00%(upstream:short)%00%(objectname)%00%(upstream:track)%00%(upstream:remotename)%00%(upstream:remoteref) refs/heads/main refs/remotes/main [6ms]
2025-05-02 22:33:40.282 [info] > git status -z -uall [21ms]
2025-05-02 22:33:40.289 [info] > git for-each-ref --sort -committerdate --format %(refname)%00%(objectname)%00%(*objectname) [8ms]
2025-05-02 22:33:45.317 [info] > git config --get commit.template [8ms]
2025-05-02 22:33:45.318 [info] > git for-each-ref --format=%(refname)%00%(upstream:short)%00%(objectname)%00%(upstream:track)%00%(upstream:remotename)%00%(upstream:remoteref) refs/heads/main refs/remotes/main [2ms]
2025-05-02 22:33:45.332 [info] > git status -z -uall [7ms]
2025-05-02 22:33:45.333 [info] > git for-each-ref --sort -committerdate --format %(refname)%00%(objectname)%00%(*objectname) [2ms]
