2025-05-01 08:38:09.077 [info] [main] Log level: Info
2025-05-01 08:38:09.077 [info] [main] Validating found git in: "git"
2025-05-01 08:38:09.077 [info] [main] Using git "2.49.0" from "git"
2025-05-01 08:38:09.077 [info] [Model][doInitialScan] Initial repository scan started
2025-05-01 08:38:09.077 [info] > git rev-parse --show-toplevel [6ms]
2025-05-01 08:38:09.077 [info] > git rev-parse --git-dir --git-common-dir [2ms]
2025-05-01 08:38:09.077 [info] [Model][openRepository] Opened repository: /home/mochi/portfolio
2025-05-01 08:38:09.135 [info] > git config --get commit.template [50ms]
2025-05-01 08:38:09.148 [info] > git rev-parse --show-toplevel [17ms]
2025-05-01 08:38:09.188 [info] > git rev-parse --show-toplevel [27ms]
2025-05-01 08:38:09.188 [info] > git for-each-ref --format=%(refname)%00%(upstream:short)%00%(objectname)%00%(upstream:track)%00%(upstream:remotename)%00%(upstream:remoteref) refs/heads/main refs/remotes/main [35ms]
2025-05-01 08:38:09.204 [warning] [Git][revParse] Unable to read file: ENOENT: no such file or directory, open '/home/mochi/portfolio/.git/refs/remotes/origin/main'
2025-05-01 08:38:09.207 [info] > git rev-parse --show-toplevel [12ms]
2025-05-01 08:38:09.230 [info] > git rev-parse refs/remotes/origin/main [26ms]
2025-05-01 08:38:09.243 [info] > git rev-parse --show-toplevel [14ms]
2025-05-01 08:38:09.249 [info] > git for-each-ref --sort -committerdate --format %(refname)%00%(objectname)%00%(*objectname) [8ms]
2025-05-01 08:38:09.251 [info] > git rev-parse --show-toplevel [3ms]
2025-05-01 08:38:09.251 [info] [Model][doInitialScan] Initial repository scan completed - repositories (1), closed repositories (0), parent repositories (0), unsafe repositories (0)
2025-05-01 08:38:09.457 [info] > git status -z -uall [222ms]
2025-05-01 08:38:09.512 [info] > git for-each-ref --format=%(refname)%00%(upstream:short)%00%(objectname)%00%(upstream:track)%00%(upstream:remotename)%00%(upstream:remoteref) refs/heads/main refs/remotes/main [17ms]
2025-05-01 08:38:09.528 [info] > git config --get commit.template [16ms]
2025-05-01 08:38:09.529 [info] > git config --get --local branch.main.vscode-merge-base [4ms]
2025-05-01 08:38:09.547 [info] > git for-each-ref --format=%(refname)%00%(upstream:short)%00%(objectname)%00%(upstream:track)%00%(upstream:remotename)%00%(upstream:remoteref) refs/heads/main refs/remotes/main [3ms]
2025-05-01 08:38:09.547 [info] > git for-each-ref --format=%(refname)%00%(upstream:short)%00%(objectname)%00%(upstream:track)%00%(upstream:remotename)%00%(upstream:remoteref) refs/heads/origin/main refs/remotes/origin/main [8ms]
2025-05-01 08:38:09.571 [warning] [Git][revParse] Unable to read file: ENOENT: no such file or directory, open '/home/mochi/portfolio/.git/refs/remotes/origin/main'
2025-05-01 08:38:09.572 [info] > git merge-base refs/heads/main refs/remotes/origin/main [14ms]
2025-05-01 08:38:09.634 [info] > git diff --name-status -z --diff-filter=ADMR 3f272894dc4c06209bff9ef5f660452ba415e85e...refs/remotes/origin/main [57ms]
2025-05-01 08:38:09.637 [info] > git rev-parse refs/remotes/origin/main [67ms]
2025-05-01 08:38:09.676 [info] > git check-ignore -v -z --stdin [13ms]
2025-05-01 08:38:09.678 [info] > git for-each-ref --sort -committerdate --format %(refname)%00%(objectname)%00%(*objectname) [20ms]
2025-05-01 08:38:09.865 [info] > git status -z -uall [222ms]
2025-05-01 08:38:22.139 [info] > git config --get commit.template [7ms]
2025-05-01 08:38:22.141 [info] > git for-each-ref --format=%(refname)%00%(upstream:short)%00%(objectname)%00%(upstream:track)%00%(upstream:remotename)%00%(upstream:remoteref) refs/heads/main refs/remotes/main [3ms]
2025-05-01 08:38:22.147 [warning] [Git][revParse] Unable to read file: ENOENT: no such file or directory, open '/home/mochi/portfolio/.git/refs/remotes/origin/main'
2025-05-01 08:38:22.149 [info] > git rev-parse refs/remotes/origin/main [2ms]
2025-05-01 08:38:22.166 [info] > git for-each-ref --sort -committerdate --format %(refname)%00%(objectname)%00%(*objectname) [3ms]
2025-05-01 08:38:22.358 [info] > git status -z -uall [202ms]
2025-05-01 08:38:31.150 [info] > git config --get commit.template [25ms]
2025-05-01 08:38:31.154 [info] > git for-each-ref --format=%(refname)%00%(upstream:short)%00%(objectname)%00%(upstream:track)%00%(upstream:remotename)%00%(upstream:remoteref) refs/heads/main refs/remotes/main [9ms]
2025-05-01 08:38:31.165 [warning] [Git][revParse] Unable to read file: ENOENT: no such file or directory, open '/home/mochi/portfolio/.git/refs/remotes/origin/main'
2025-05-01 08:38:31.174 [info] > git rev-parse refs/remotes/origin/main [9ms]
2025-05-01 08:38:31.241 [info] > git for-each-ref --sort -committerdate --format %(refname)%00%(objectname)%00%(*objectname) [10ms]
2025-05-01 08:38:31.575 [info] > git status -z -uall [372ms]
2025-05-01 11:44:30.925 [info] > git show --textconv :src/app.html [12ms]
2025-05-01 11:44:30.927 [info] > git ls-files --stage -- src/app.html [4ms]
2025-05-01 11:44:30.935 [info] > git cat-file -s c17352e780b3527e6e4896f91c2145027c2fa5fd [2ms]
2025-05-01 11:44:33.427 [info] > git check-ignore -v -z --stdin [2ms]
2025-05-01 11:44:35.818 [info] > git show --textconv :src/routes/+layout.svelte [15ms]
2025-05-01 11:44:35.820 [info] > git ls-files --stage -- src/routes/+layout.svelte [5ms]
2025-05-01 11:44:35.832 [info] > git cat-file -s 35b3a000433abceca0f8e801c8ec3a470e107f9c [4ms]
2025-05-01 11:44:38.987 [info] > git check-ignore -v -z --stdin [2ms]
2025-05-01 11:44:39.989 [info] > git show --textconv :src/routes/about/+page.svelte [9ms]
2025-05-01 11:44:39.990 [info] > git ls-files --stage -- src/routes/about/+page.svelte [2ms]
2025-05-01 11:44:39.998 [info] > git cat-file -s 86970cbcafe2376712b3f7df13961d379c58ce2f [2ms]
2025-05-01 11:44:42.510 [info] > git check-ignore -v -z --stdin [1ms]
2025-05-01 11:44:43.372 [info] > git show --textconv :src/routes/hidden/+page.svelte [8ms]
2025-05-01 11:44:43.373 [info] > git ls-files --stage -- src/routes/hidden/+page.svelte [1ms]
2025-05-01 11:44:43.383 [info] > git cat-file -s d51c43b060b16d9ce4c34cbfbecc6bc0bb5e2bf4 [3ms]
2025-05-01 11:44:49.077 [info] > git show --textconv :src/routes/+page.svelte [7ms]
2025-05-01 11:44:49.078 [info] > git ls-files --stage -- src/routes/+page.svelte [2ms]
2025-05-01 11:44:49.085 [info] > git cat-file -s e32c2e254d6471df2319b7cb03158eba487f1331 [2ms]
2025-05-01 11:44:54.470 [info] > git show --textconv :src/routes/about/+page.svelte [9ms]
2025-05-01 11:44:54.472 [info] > git ls-files --stage -- src/routes/about/+page.svelte [2ms]
2025-05-01 11:44:54.480 [info] > git cat-file -s 86970cbcafe2376712b3f7df13961d379c58ce2f [2ms]
2025-05-01 11:44:55.267 [info] > git blame --root --incremental 3f272894dc4c06209bff9ef5f660452ba415e85e -- src/routes/about/+page.svelte [5ms]
2025-05-01 11:44:58.112 [info] > git show --textconv :src/routes/+page.svelte [10ms]
2025-05-01 11:44:58.113 [info] > git ls-files --stage -- src/routes/+page.svelte [4ms]
2025-05-01 11:44:58.123 [info] > git cat-file -s e32c2e254d6471df2319b7cb03158eba487f1331 [3ms]
2025-05-01 11:44:58.656 [info] > git blame --root --incremental 3f272894dc4c06209bff9ef5f660452ba415e85e -- src/routes/+page.svelte [3ms]
2025-05-01 11:45:45.969 [info] > git log --format=%H%n%aN%n%aE%n%at%n%ct%n%P%n%D%n%B -z --shortstat --diff-merges=first-parent -n50 --skip=0 --topo-order --decorate=full --stdin [162ms]
2025-05-01 11:46:31.073 [info] > git config --get commit.template [2ms]
2025-05-01 11:46:31.083 [info] > git for-each-ref --format=%(refname)%00%(upstream:short)%00%(objectname)%00%(upstream:track)%00%(upstream:remotename)%00%(upstream:remoteref) refs/heads/main refs/remotes/main [2ms]
2025-05-01 11:46:31.092 [warning] [Git][revParse] Unable to read file: ENOENT: no such file or directory, open '/home/mochi/portfolio/.git/refs/remotes/origin/main'
2025-05-01 11:46:31.097 [info] > git rev-parse refs/remotes/origin/main [5ms]
2025-05-01 11:46:31.125 [info] > git for-each-ref --sort -committerdate --format %(refname)%00%(objectname)%00%(*objectname) [4ms]
2025-05-01 11:46:31.342 [info] > git status -z -uall [233ms]
2025-05-01 11:46:36.183 [info] > git show --textconv :src/routes/+page.svelte [16ms]
2025-05-01 11:46:36.185 [info] > git ls-files --stage -- src/routes/+page.svelte [2ms]
2025-05-01 11:46:36.201 [info] > git cat-file -s e32c2e254d6471df2319b7cb03158eba487f1331 [2ms]
