2025-05-02 09:49:41.462 [info] Installing C# dependencies...
2025-05-02 09:49:41.462 [info] 

2025-05-02 09:49:41.462 [info] Platform: linux, x86_64, name=arch, version=unknown

2025-05-02 09:49:41.462 [info] 

2025-05-02 09:49:41.462 [info] Downloading package 'OmniSharp for Linux (.NET 6 / x64)' 
2025-05-02 09:49:42.028 [info] (48238 KB)
2025-05-02 09:49:42.028 [info] .
2025-05-02 09:49:42.305 [info] 
2025-05-02 09:49:42.441 [info] 
2025-05-02 09:49:42.497 [info] 
2025-05-02 09:49:42.594 [info] 
2025-05-02 09:49:42.675 [info] .
2025-05-02 09:49:42.724 [info] 
2025-05-02 09:49:42.782 [info] 
2025-05-02 09:49:42.830 [info] 
2025-05-02 09:49:42.922 [info] 
2025-05-02 09:49:42.969 [info] .
2025-05-02 09:49:43.020 [info] 
2025-05-02 09:49:43.068 [info] 
2025-05-02 09:49:43.117 [info] 
2025-05-02 09:49:43.166 [info] 
2025-05-02 09:49:43.196 [info] .
2025-05-02 09:49:43.217 [info] 
2025-05-02 09:49:43.307 [info] 
2025-05-02 09:49:43.314 [info] 
2025-05-02 09:49:43.355 [info] 
2025-05-02 09:49:43.418 [info] .
2025-05-02 09:49:43.424 [info] 
2025-05-02 09:49:43.471 [info] 
2025-05-02 09:49:43.485 [info] 
2025-05-02 09:49:43.530 [info] 
2025-05-02 09:49:43.565 [info] .
2025-05-02 09:49:43.626 [info] 
2025-05-02 09:49:43.634 [info] 
2025-05-02 09:49:43.683 [info] 
2025-05-02 09:49:43.688 [info] 
2025-05-02 09:49:43.734 [info] .
2025-05-02 09:49:43.755 [info] 
2025-05-02 09:49:43.793 [info] 
2025-05-02 09:49:43.816 [info] 
2025-05-02 09:49:43.914 [info] 
2025-05-02 09:49:43.921 [info] .
2025-05-02 09:49:43.924 [info] 
2025-05-02 09:49:43.964 [info] 
2025-05-02 09:49:43.974 [info] 
2025-05-02 09:49:44.006 [info] 
2025-05-02 09:49:44.023 [info] .
2025-05-02 09:49:44.034 [info] 
2025-05-02 09:49:44.060 [info] 
2025-05-02 09:49:44.128 [info] 
2025-05-02 09:49:44.133 [info] 
2025-05-02 09:49:44.139 [info] .
2025-05-02 09:49:44.179 [info] 
2025-05-02 09:49:44.191 [info] 
2025-05-02 09:49:44.215 [info] 
2025-05-02 09:49:44.228 [info] 
2025-05-02 09:49:44.248 [info] .
2025-05-02 09:49:44.460 [info] 
2025-05-02 09:49:44.465 [info] 
2025-05-02 09:49:44.470 [info] 
2025-05-02 09:49:44.505 [info] 
2025-05-02 09:49:44.520 [info] .
2025-05-02 09:49:44.526 [info] 
2025-05-02 09:49:44.529 [info] 
2025-05-02 09:49:44.568 [info] 
2025-05-02 09:49:44.580 [info] 
2025-05-02 09:49:44.652 [info] .
2025-05-02 09:49:44.659 [info] 
2025-05-02 09:49:44.666 [info] 
2025-05-02 09:49:44.697 [info] 
2025-05-02 09:49:44.722 [info] 
2025-05-02 09:49:44.729 [info] .
2025-05-02 09:49:44.734 [info] 
2025-05-02 09:49:44.771 [info] 
2025-05-02 09:49:44.839 [info] 
2025-05-02 09:49:44.845 [info] 
2025-05-02 09:49:44.850 [info] .
2025-05-02 09:49:44.858 [info] 
2025-05-02 09:49:44.899 [info] 
2025-05-02 09:49:44.908 [info] 
2025-05-02 09:49:44.916 [info] 
2025-05-02 09:49:44.918 [info] .
2025-05-02 09:49:44.971 [info] 
2025-05-02 09:49:45.033 [info] 
2025-05-02 09:49:45.039 [info] 
2025-05-02 09:49:45.044 [info] 
2025-05-02 09:49:45.061 [info] .
2025-05-02 09:49:45.115 [info] 
2025-05-02 09:49:45.132 [info] 
2025-05-02 09:49:45.144 [info] 
2025-05-02 09:49:45.152 [info] 
2025-05-02 09:49:45.233 [info] .
2025-05-02 09:49:45.235 [info] 
2025-05-02 09:49:45.239 [info] 
2025-05-02 09:49:45.247 [info] 
2025-05-02 09:49:45.255 [info] 
2025-05-02 09:49:45.304 [info] .
2025-05-02 09:49:45.319 [info] 
2025-05-02 09:49:45.323 [info] 
2025-05-02 09:49:45.326 [info] 
2025-05-02 09:49:45.385 [info] 
2025-05-02 09:49:45.397 [info] .
2025-05-02 09:49:45.405 [info] 
2025-05-02 09:49:45.407 [info] 
2025-05-02 09:49:45.439 [info] 
2025-05-02 09:49:45.448 [info] 
2025-05-02 09:49:45.503 [info]  Done!

2025-05-02 09:49:45.531 [info] Validating download...

2025-05-02 09:49:45.531 [info] Integrity Check succeeded.

2025-05-02 09:49:45.531 [info] Installing package 'OmniSharp for Linux (.NET 6 / x64)'

2025-05-02 09:49:45.531 [info] 

2025-05-02 09:49:46.717 [info] Downloading package '.NET Core Debugger (linux / x64)' 
2025-05-02 09:49:47.476 [info] (3489 KB)
2025-05-02 09:49:47.477 [info] .
2025-05-02 09:49:47.512 [info] 
2025-05-02 09:49:47.520 [info] 
2025-05-02 09:49:47.526 [info] 
2025-05-02 09:49:47.548 [info] 
2025-05-02 09:49:47.554 [info] .
2025-05-02 09:49:47.560 [info] 
2025-05-02 09:49:47.561 [info] 
2025-05-02 09:49:47.570 [info] 
2025-05-02 09:49:47.578 [info] 
2025-05-02 09:49:47.580 [info] .
2025-05-02 09:49:47.590 [info] 
2025-05-02 09:49:47.597 [info] 
2025-05-02 09:49:47.597 [info] 
2025-05-02 09:49:47.598 [info] 
2025-05-02 09:49:47.600 [info] .
2025-05-02 09:49:47.600 [info] 
2025-05-02 09:49:47.604 [info] 
2025-05-02 09:49:47.604 [info] 
2025-05-02 09:49:47.612 [info] 
2025-05-02 09:49:47.612 [info] .
2025-05-02 09:49:47.613 [info] 
2025-05-02 09:49:47.615 [info] 
2025-05-02 09:49:47.618 [info] 
2025-05-02 09:49:47.620 [info] 
2025-05-02 09:49:47.628 [info] .
2025-05-02 09:49:47.628 [info] 
2025-05-02 09:49:47.629 [info] 
2025-05-02 09:49:47.630 [info] 
2025-05-02 09:49:47.630 [info] 
2025-05-02 09:49:47.630 [info] .
2025-05-02 09:49:47.632 [info] 
2025-05-02 09:49:47.633 [info] 
2025-05-02 09:49:47.634 [info] 
2025-05-02 09:49:47.634 [info] 
2025-05-02 09:49:47.634 [info] .
2025-05-02 09:49:47.636 [info] 
2025-05-02 09:49:47.637 [info] 
2025-05-02 09:49:47.641 [info] 
2025-05-02 09:49:47.643 [info] 
2025-05-02 09:49:47.643 [info] .
2025-05-02 09:49:47.646 [info] 
2025-05-02 09:49:47.646 [info] 
2025-05-02 09:49:47.647 [info] 
2025-05-02 09:49:47.648 [info] 
2025-05-02 09:49:47.648 [info] .
2025-05-02 09:49:47.649 [info] 
2025-05-02 09:49:47.649 [info] 
2025-05-02 09:49:47.649 [info] 
2025-05-02 09:49:47.650 [info] 
2025-05-02 09:49:47.658 [info] .
2025-05-02 09:49:47.661 [info] 
2025-05-02 09:49:47.661 [info] 
2025-05-02 09:49:47.662 [info] 
2025-05-02 09:49:47.662 [info] 
2025-05-02 09:49:47.663 [info] .
2025-05-02 09:49:47.663 [info] 
2025-05-02 09:49:47.663 [info] 
2025-05-02 09:49:47.664 [info] 
2025-05-02 09:49:47.664 [info] 
2025-05-02 09:49:47.665 [info] .
2025-05-02 09:49:47.666 [info] 
2025-05-02 09:49:47.667 [info] 
2025-05-02 09:49:47.668 [info] 
2025-05-02 09:49:47.672 [info] 
2025-05-02 09:49:47.672 [info] .
2025-05-02 09:49:47.672 [info] 
2025-05-02 09:49:47.672 [info] 
2025-05-02 09:49:47.673 [info] 
2025-05-02 09:49:47.676 [info] 
2025-05-02 09:49:47.676 [info] .
2025-05-02 09:49:47.676 [info] 
2025-05-02 09:49:47.677 [info] 
2025-05-02 09:49:47.677 [info] 
2025-05-02 09:49:47.677 [info] 
2025-05-02 09:49:47.677 [info] .
2025-05-02 09:49:47.677 [info] 
2025-05-02 09:49:47.680 [info] 
2025-05-02 09:49:47.681 [info] 
2025-05-02 09:49:47.681 [info] 
2025-05-02 09:49:47.681 [info] .
2025-05-02 09:49:47.681 [info] 
2025-05-02 09:49:47.681 [info] 
2025-05-02 09:49:47.681 [info] 
2025-05-02 09:49:47.681 [info] 
2025-05-02 09:49:47.681 [info] .
2025-05-02 09:49:47.682 [info] 
2025-05-02 09:49:47.682 [info] 
2025-05-02 09:49:47.682 [info] 
2025-05-02 09:49:47.682 [info] 
2025-05-02 09:49:47.682 [info] .
2025-05-02 09:49:47.682 [info] 
2025-05-02 09:49:47.683 [info] 
2025-05-02 09:49:47.689 [info] 
2025-05-02 09:49:47.689 [info] 
2025-05-02 09:49:47.690 [info] .
2025-05-02 09:49:47.690 [info] 
2025-05-02 09:49:47.691 [info] 
2025-05-02 09:49:47.691 [info] 
2025-05-02 09:49:47.692 [info] 
2025-05-02 09:49:47.698 [info]  Done!

2025-05-02 09:49:47.700 [info] Installing package '.NET Core Debugger (linux / x64)'

2025-05-02 09:49:47.700 [info] 

2025-05-02 09:49:47.793 [info] Finished

2025-05-02 09:49:47.793 [info] 

2025-05-02 09:49:47.807 [info] Installing Razor OmniSharp Version = 7.0.0-preview.23363.1...
2025-05-02 09:49:47.807 [info] 

2025-05-02 09:49:47.807 [info] Platform: linux, x86_64, name=arch, version=unknown

2025-05-02 09:49:47.807 [info] 

2025-05-02 09:49:47.809 [info] Downloading package 'Razor Language Server for OmniSharp (Linux / x64)' 
2025-05-02 09:49:47.954 [info] (73248 KB)
2025-05-02 09:49:47.954 [info] .
2025-05-02 09:49:48.070 [info] 
2025-05-02 09:49:48.109 [info] 
2025-05-02 09:49:48.137 [info] 
2025-05-02 09:49:48.164 [info] 
2025-05-02 09:49:48.234 [info] .
2025-05-02 09:49:48.244 [info] 
2025-05-02 09:49:48.274 [info] 
2025-05-02 09:49:48.283 [info] 
2025-05-02 09:49:48.294 [info] 
2025-05-02 09:49:48.320 [info] .
2025-05-02 09:49:48.329 [info] 
2025-05-02 09:49:48.338 [info] 
2025-05-02 09:49:48.354 [info] 
2025-05-02 09:49:48.374 [info] 
2025-05-02 09:49:48.382 [info] .
2025-05-02 09:49:48.408 [info] 
2025-05-02 09:49:48.423 [info] 
2025-05-02 09:49:48.431 [info] 
2025-05-02 09:49:48.466 [info] 
2025-05-02 09:49:48.479 [info] .
2025-05-02 09:49:48.493 [info] 
2025-05-02 09:49:48.516 [info] 
2025-05-02 09:49:48.531 [info] 
2025-05-02 09:49:48.535 [info] 
2025-05-02 09:49:48.571 [info] .
2025-05-02 09:49:48.584 [info] 
2025-05-02 09:49:48.589 [info] 
2025-05-02 09:49:48.612 [info] 
2025-05-02 09:49:48.619 [info] 
2025-05-02 09:49:48.629 [info] .
2025-05-02 09:49:48.651 [info] 
2025-05-02 09:49:48.660 [info] 
2025-05-02 09:49:48.668 [info] 
2025-05-02 09:49:48.689 [info] 
2025-05-02 09:49:48.703 [info] .
2025-05-02 09:49:48.708 [info] 
2025-05-02 09:49:48.731 [info] 
2025-05-02 09:49:48.742 [info] 
2025-05-02 09:49:48.754 [info] 
2025-05-02 09:49:48.764 [info] .
2025-05-02 09:49:48.777 [info] 
2025-05-02 09:49:48.787 [info] 
2025-05-02 09:49:48.818 [info] 
2025-05-02 09:49:48.827 [info] 
2025-05-02 09:49:48.833 [info] .
2025-05-02 09:49:48.875 [info] 
2025-05-02 09:49:48.886 [info] 
2025-05-02 09:49:48.891 [info] 
2025-05-02 09:49:48.942 [info] 
2025-05-02 09:49:48.950 [info] .
2025-05-02 09:49:48.954 [info] 
2025-05-02 09:49:48.981 [info] 
2025-05-02 09:49:48.990 [info] 
2025-05-02 09:49:48.999 [info] 
2025-05-02 09:49:49.017 [info] .
2025-05-02 09:49:49.034 [info] 
2025-05-02 09:49:49.041 [info] 
2025-05-02 09:49:49.056 [info] 
2025-05-02 09:49:49.072 [info] 
2025-05-02 09:49:49.083 [info] .
2025-05-02 09:49:49.095 [info] 
2025-05-02 09:49:49.115 [info] 
2025-05-02 09:49:49.124 [info] 
2025-05-02 09:49:49.136 [info] 
2025-05-02 09:49:49.171 [info] .
2025-05-02 09:49:49.180 [info] 
2025-05-02 09:49:49.186 [info] 
2025-05-02 09:49:49.210 [info] 
2025-05-02 09:49:49.230 [info] 
2025-05-02 09:49:49.241 [info] .
2025-05-02 09:49:49.268 [info] 
2025-05-02 09:49:49.280 [info] 
2025-05-02 09:49:49.286 [info] 
2025-05-02 09:49:49.313 [info] 
2025-05-02 09:49:49.322 [info] .
2025-05-02 09:49:49.330 [info] 
2025-05-02 09:49:49.349 [info] 
2025-05-02 09:49:49.356 [info] 
2025-05-02 09:49:49.369 [info] 
2025-05-02 09:49:49.388 [info] .
2025-05-02 09:49:49.400 [info] 
2025-05-02 09:49:49.406 [info] 
2025-05-02 09:49:49.420 [info] 
2025-05-02 09:49:49.429 [info] 
2025-05-02 09:49:49.444 [info] .
2025-05-02 09:49:49.455 [info] 
2025-05-02 09:49:49.476 [info] 
2025-05-02 09:49:49.502 [info] 
2025-05-02 09:49:49.505 [info] 
2025-05-02 09:49:49.529 [info] .
2025-05-02 09:49:49.536 [info] 
2025-05-02 09:49:49.554 [info] 
2025-05-02 09:49:49.574 [info] 
2025-05-02 09:49:49.582 [info] 
2025-05-02 09:49:49.589 [info] .
2025-05-02 09:49:49.622 [info] 
2025-05-02 09:49:49.632 [info] 
2025-05-02 09:49:49.637 [info] 
2025-05-02 09:49:49.655 [info] 
2025-05-02 09:49:49.744 [info]  Done!

2025-05-02 09:49:49.745 [info] Installing package 'Razor Language Server for OmniSharp (Linux / x64)'

2025-05-02 09:49:49.745 [info] 

2025-05-02 09:49:51.584 [info] Finished

2025-05-02 09:49:51.584 [info] 

