22:50:43  |  Platform  |  Info  |  * Initialise: RenderManager  |  /usr/src/debug/openmw/openmw-openmw-0.48.0/components/myguiplatform/myguirendermanager.cpp  |  393
22:50:43  |  Platform  |  Info  |  RenderManager successfully initialized  |  /usr/src/debug/openmw/openmw-openmw-0.48.0/components/myguiplatform/myguirendermanager.cpp  |  417
22:50:43  |  Core  |  Info  |  * Initialise: Gui  |  /usr/src/debug/mygui/mygui-MyGUI3.4.2/MyGUIEngine/src/MyGUI_Gui.cpp  |  61
22:50:43  |  Core  |  Info  |  * MyGUI version 3.4.2  |  /usr/src/debug/mygui/mygui-MyGUI3.4.2/MyGUIEngine/src/MyGUI_Gui.cpp  |  63
22:50:43  |  Core  |  Info  |  * Initialise: ResourceManager  |  /usr/src/debug/mygui/mygui-MyGUI3.4.2/MyGUIEngine/src/MyGUI_ResourceManager.cpp  |  32
22:50:43  |  Core  |  Info  |  ResourceManager successfully initialized  |  /usr/src/debug/mygui/mygui-MyGUI3.4.2/MyGUIEngine/src/MyGUI_ResourceManager.cpp  |  40
22:50:43  |  Core  |  Info  |  * Initialise: LayerManager  |  /usr/src/debug/mygui/mygui-MyGUI3.4.2/MyGUIEngine/src/MyGUI_LayerManager.cpp  |  33
22:50:43  |  Core  |  Info  |  LayerManager successfully initialized  |  /usr/src/debug/mygui/mygui-MyGUI3.4.2/MyGUIEngine/src/MyGUI_LayerManager.cpp  |  41
22:50:43  |  Core  |  Info  |  * Initialise: WidgetManager  |  /usr/src/debug/mygui/mygui-MyGUI3.4.2/MyGUIEngine/src/MyGUI_WidgetManager.cpp  |  53
22:50:43  |  Core  |  Info  |  WidgetManager successfully initialized  |  /usr/src/debug/mygui/mygui-MyGUI3.4.2/MyGUIEngine/src/MyGUI_WidgetManager.cpp  |  84
22:50:43  |  Core  |  Info  |  * Initialise: InputManager  |  /usr/src/debug/mygui/mygui-MyGUI3.4.2/MyGUIEngine/src/MyGUI_InputManager.cpp  |  48
22:50:43  |  Core  |  Info  |  InputManager successfully initialized  |  /usr/src/debug/mygui/mygui-MyGUI3.4.2/MyGUIEngine/src/MyGUI_InputManager.cpp  |  71
22:50:43  |  Core  |  Info  |  * Initialise: SubWidgetManager  |  /usr/src/debug/mygui/mygui-MyGUI3.4.2/MyGUIEngine/src/MyGUI_SubWidgetManager.cpp  |  36
22:50:43  |  Core  |  Info  |  SubWidgetManager successfully initialized  |  /usr/src/debug/mygui/mygui-MyGUI3.4.2/MyGUIEngine/src/MyGUI_SubWidgetManager.cpp  |  56
22:50:43  |  Core  |  Info  |  * Initialise: SkinManager  |  /usr/src/debug/mygui/mygui-MyGUI3.4.2/MyGUIEngine/src/MyGUI_SkinManager.cpp  |  36
22:50:43  |  Core  |  Info  |  SkinManager successfully initialized  |  /usr/src/debug/mygui/mygui-MyGUI3.4.2/MyGUIEngine/src/MyGUI_SkinManager.cpp  |  46
22:50:43  |  Core  |  Info  |  * Initialise: FontManager  |  /usr/src/debug/mygui/mygui-MyGUI3.4.2/MyGUIEngine/src/MyGUI_FontManager.cpp  |  32
22:50:43  |  Core  |  Info  |  FontManager successfully initialized  |  /usr/src/debug/mygui/mygui-MyGUI3.4.2/MyGUIEngine/src/MyGUI_FontManager.cpp  |  42
22:50:43  |  Core  |  Info  |  * Initialise: ControllerManager  |  /usr/src/debug/mygui/mygui-MyGUI3.4.2/MyGUIEngine/src/MyGUI_ControllerManager.cpp  |  33
22:50:43  |  Core  |  Info  |  ControllerManager successfully initialized  |  /usr/src/debug/mygui/mygui-MyGUI3.4.2/MyGUIEngine/src/MyGUI_ControllerManager.cpp  |  42
22:50:43  |  Core  |  Info  |  * Initialise: PointerManager  |  /usr/src/debug/mygui/mygui-MyGUI3.4.2/MyGUIEngine/src/MyGUI_PointerManager.cpp  |  43
22:50:43  |  Core  |  Info  |  PointerManager successfully initialized  |  /usr/src/debug/mygui/mygui-MyGUI3.4.2/MyGUIEngine/src/MyGUI_PointerManager.cpp  |  62
22:50:43  |  Core  |  Info  |  * Initialise: ClipboardManager  |  /usr/src/debug/mygui/mygui-MyGUI3.4.2/MyGUIEngine/src/MyGUI_ClipboardManager.cpp  |  32
22:50:43  |  Core  |  Info  |  ClipboardManager successfully initialized  |  /usr/src/debug/mygui/mygui-MyGUI3.4.2/MyGUIEngine/src/MyGUI_ClipboardManager.cpp  |  39
22:50:43  |  Core  |  Info  |  * Initialise: LayoutManager  |  /usr/src/debug/mygui/mygui-MyGUI3.4.2/MyGUIEngine/src/MyGUI_LayoutManager.cpp  |  28
22:50:43  |  Core  |  Info  |  LayoutManager successfully initialized  |  /usr/src/debug/mygui/mygui-MyGUI3.4.2/MyGUIEngine/src/MyGUI_LayoutManager.cpp  |  35
22:50:43  |  Core  |  Info  |  * Initialise: DynLibManager  |  /usr/src/debug/mygui/mygui-MyGUI3.4.2/MyGUIEngine/src/MyGUI_DynLibManager.cpp  |  26
22:50:43  |  Core  |  Info  |  DynLibManager successfully initialized  |  /usr/src/debug/mygui/mygui-MyGUI3.4.2/MyGUIEngine/src/MyGUI_DynLibManager.cpp  |  30
22:50:43  |  Core  |  Info  |  * Initialise: PluginManager  |  /usr/src/debug/mygui/mygui-MyGUI3.4.2/MyGUIEngine/src/MyGUI_PluginManager.cpp  |  29
22:50:43  |  Core  |  Info  |  PluginManager successfully initialized  |  /usr/src/debug/mygui/mygui-MyGUI3.4.2/MyGUIEngine/src/MyGUI_PluginManager.cpp  |  33
22:50:43  |  Core  |  Info  |  * Initialise: LanguageManager  |  /usr/src/debug/mygui/mygui-MyGUI3.4.2/MyGUIEngine/src/MyGUI_LanguageManager.cpp  |  30
22:50:43  |  Core  |  Info  |  LanguageManager successfully initialized  |  /usr/src/debug/mygui/mygui-MyGUI3.4.2/MyGUIEngine/src/MyGUI_LanguageManager.cpp  |  34
22:50:43  |  Core  |  Info  |  * Initialise: FactoryManager  |  /usr/src/debug/mygui/mygui-MyGUI3.4.2/MyGUIEngine/src/MyGUI_FactoryManager.cpp  |  25
22:50:43  |  Core  |  Info  |  FactoryManager successfully initialized  |  /usr/src/debug/mygui/mygui-MyGUI3.4.2/MyGUIEngine/src/MyGUI_FactoryManager.cpp  |  27
22:50:43  |  Core  |  Info  |  * Initialise: ToolTipManager  |  /usr/src/debug/mygui/mygui-MyGUI3.4.2/MyGUIEngine/src/MyGUI_ToolTipManager.cpp  |  33
22:50:43  |  Core  |  Info  |  ToolTipManager successfully initialized  |  /usr/src/debug/mygui/mygui-MyGUI3.4.2/MyGUIEngine/src/MyGUI_ToolTipManager.cpp  |  45
22:50:43  |  Core  |  Info  |  Gui successfully initialized  |  /usr/src/debug/mygui/mygui-MyGUI3.4.2/MyGUIEngine/src/MyGUI_Gui.cpp  |  111
22:50:43  |  Core  |  Info  |  ResourceTrueTypeFont: Font '' using texture size 256 x 256.  |  /usr/src/debug/mygui/mygui-MyGUI3.4.2/MyGUIEngine/src/MyGUI_ResourceTrueTypeFont.cpp  |  778
22:50:43  |  Core  |  Info  |  ResourceTrueTypeFont: Font '' using real height 16 pixels.  |  /usr/src/debug/mygui/mygui-MyGUI3.4.2/MyGUIEngine/src/MyGUI_ResourceTrueTypeFont.cpp  |  779
22:50:43  |  Core  |  Info  |  ResourceTrueTypeFont: Font '' using texture size 512 x 512.  |  /usr/src/debug/mygui/mygui-MyGUI3.4.2/MyGUIEngine/src/MyGUI_ResourceTrueTypeFont.cpp  |  778
22:50:43  |  Core  |  Info  |  ResourceTrueTypeFont: Font '' using real height 32 pixels.  |  /usr/src/debug/mygui/mygui-MyGUI3.4.2/MyGUIEngine/src/MyGUI_ResourceTrueTypeFont.cpp  |  779
22:50:43  |  Core  |  Info  |  Load ini file 'skins.xml'  |  /usr/src/debug/mygui/mygui-MyGUI3.4.2/MyGUIEngine/src/MyGUI_ResourceManager.cpp  |  114
22:50:43  |  Core  |  Info  |  Load ini file 'core.skin'  |  /usr/src/debug/mygui/mygui-MyGUI3.4.2/MyGUIEngine/src/MyGUI_ResourceManager.cpp  |  114
22:50:43  |  Core  |  Info  |  Load ini file 'openmw_resources.xml'  |  /usr/src/debug/mygui/mygui-MyGUI3.4.2/MyGUIEngine/src/MyGUI_ResourceManager.cpp  |  114
22:50:43  |  Core  |  Info  |  Load ini file 'openmw_text.skin.xml'  |  /usr/src/debug/mygui/mygui-MyGUI3.4.2/MyGUIEngine/src/MyGUI_ResourceManager.cpp  |  114
22:50:43  |  Core  |  Info  |  Load ini file 'openmw_windows.skin.xml'  |  /usr/src/debug/mygui/mygui-MyGUI3.4.2/MyGUIEngine/src/MyGUI_ResourceManager.cpp  |  114
22:50:43  |  Core  |  Info  |  Load ini file 'openmw_button.skin.xml'  |  /usr/src/debug/mygui/mygui-MyGUI3.4.2/MyGUIEngine/src/MyGUI_ResourceManager.cpp  |  114
22:50:43  |  Core  |  Info  |  Load ini file 'openmw_list.skin.xml'  |  /usr/src/debug/mygui/mygui-MyGUI3.4.2/MyGUIEngine/src/MyGUI_ResourceManager.cpp  |  114
22:50:43  |  Core  |  Info  |  Load ini file 'openmw_edit.skin.xml'  |  /usr/src/debug/mygui/mygui-MyGUI3.4.2/MyGUIEngine/src/MyGUI_ResourceManager.cpp  |  114
22:50:43  |  Core  |  Info  |  Load ini file 'openmw_box.skin.xml'  |  /usr/src/debug/mygui/mygui-MyGUI3.4.2/MyGUIEngine/src/MyGUI_ResourceManager.cpp  |  114
22:50:43  |  Core  |  Info  |  Load ini file 'openmw_progress.skin.xml'  |  /usr/src/debug/mygui/mygui-MyGUI3.4.2/MyGUIEngine/src/MyGUI_ResourceManager.cpp  |  114
22:50:43  |  Core  |  Info  |  Load ini file 'openmw_hud_energybar.skin.xml'  |  /usr/src/debug/mygui/mygui-MyGUI3.4.2/MyGUIEngine/src/MyGUI_ResourceManager.cpp  |  114
22:50:43  |  Core  |  Info  |  Load ini file 'openmw_hud_box.skin.xml'  |  /usr/src/debug/mygui/mygui-MyGUI3.4.2/MyGUIEngine/src/MyGUI_ResourceManager.cpp  |  114
22:50:43  |  Core  |  Info  |  Load ini file 'openmw_mainmenu.skin.xml'  |  /usr/src/debug/mygui/mygui-MyGUI3.4.2/MyGUIEngine/src/MyGUI_ResourceManager.cpp  |  114
22:50:43  |  Core  |  Info  |  Load ini file 'openmw_console.skin.xml'  |  /usr/src/debug/mygui/mygui-MyGUI3.4.2/MyGUIEngine/src/MyGUI_ResourceManager.cpp  |  114
22:50:43  |  Core  |  Info  |  Load ini file 'openmw_journal.skin.xml'  |  /usr/src/debug/mygui/mygui-MyGUI3.4.2/MyGUIEngine/src/MyGUI_ResourceManager.cpp  |  114
22:50:43  |  Core  |  Info  |  Load ini file 'openmw_map_window.skin.xml'  |  /usr/src/debug/mygui/mygui-MyGUI3.4.2/MyGUIEngine/src/MyGUI_ResourceManager.cpp  |  114
22:50:43  |  Core  |  Info  |  Load ini file 'openmw_dialogue_window.skin.xml'  |  /usr/src/debug/mygui/mygui-MyGUI3.4.2/MyGUIEngine/src/MyGUI_ResourceManager.cpp  |  114
22:50:43  |  Core  |  Info  |  Load ini file 'openmw_scroll.skin.xml'  |  /usr/src/debug/mygui/mygui-MyGUI3.4.2/MyGUIEngine/src/MyGUI_ResourceManager.cpp  |  114
22:50:43  |  Core  |  Info  |  Load ini file 'openmw_debug_window.skin.xml'  |  /usr/src/debug/mygui/mygui-MyGUI3.4.2/MyGUIEngine/src/MyGUI_ResourceManager.cpp  |  114
22:50:43  |  Core  |  Info  |  Load ini file 'openmw_postprocessor_hud.skin.xml'  |  /usr/src/debug/mygui/mygui-MyGUI3.4.2/MyGUIEngine/src/MyGUI_ResourceManager.cpp  |  114
22:50:43  |  Core  |  Info  |  Load ini file 'openmw_layers.xml'  |  /usr/src/debug/mygui/mygui-MyGUI3.4.2/MyGUIEngine/src/MyGUI_ResourceManager.cpp  |  114
22:50:43  |  Core  |  Info  |  Load ini file 'openmw_pointer.xml'  |  /usr/src/debug/mygui/mygui-MyGUI3.4.2/MyGUIEngine/src/MyGUI_ResourceManager.cpp  |  114
22:50:43  |  Core  |  Info  |  Load ini file 'openmw_settings.xml'  |  /usr/src/debug/mygui/mygui-MyGUI3.4.2/MyGUIEngine/src/MyGUI_ResourceManager.cpp  |  114
22:50:43  |  Core  |  Info  |  Load ini file 'openmw_lua.xml'  |  /usr/src/debug/mygui/mygui-MyGUI3.4.2/MyGUIEngine/src/MyGUI_ResourceManager.cpp  |  114
23:26:45  |  Core  |  Error  |  Skin 'Widget' not found. Replaced with default skin. []  |  /usr/src/debug/mygui/mygui-MyGUI3.4.2/MyGUIEngine/src/MyGUI_SkinManager.cpp  |  92
23:27:25  |  Core  |  Error  |  Skin 'Widget' not found. Replaced with default skin. []  |  /usr/src/debug/mygui/mygui-MyGUI3.4.2/MyGUIEngine/src/MyGUI_SkinManager.cpp  |  92
23:31:05  |  Core  |  Info  |  * Shutdown: Gui  |  /usr/src/debug/mygui/mygui-MyGUI3.4.2/MyGUIEngine/src/MyGUI_Gui.cpp  |  125
23:31:05  |  Core  |  Info  |  * Shutdown: PointerManager  |  /usr/src/debug/mygui/mygui-MyGUI3.4.2/MyGUIEngine/src/MyGUI_PointerManager.cpp  |  69
23:31:05  |  Core  |  Info  |  PointerManager successfully shutdown  |  /usr/src/debug/mygui/mygui-MyGUI3.4.2/MyGUIEngine/src/MyGUI_PointerManager.cpp  |  86
23:31:05  |  Core  |  Info  |  * Shutdown: InputManager  |  /usr/src/debug/mygui/mygui-MyGUI3.4.2/MyGUIEngine/src/MyGUI_InputManager.cpp  |  78
23:31:05  |  Core  |  Info  |  InputManager successfully shutdown  |  /usr/src/debug/mygui/mygui-MyGUI3.4.2/MyGUIEngine/src/MyGUI_InputManager.cpp  |  83
23:31:05  |  Core  |  Info  |  * Shutdown: SkinManager  |  /usr/src/debug/mygui/mygui-MyGUI3.4.2/MyGUIEngine/src/MyGUI_SkinManager.cpp  |  53
23:31:05  |  Core  |  Info  |  SkinManager successfully shutdown  |  /usr/src/debug/mygui/mygui-MyGUI3.4.2/MyGUIEngine/src/MyGUI_SkinManager.cpp  |  60
23:31:05  |  Core  |  Info  |  * Shutdown: SubWidgetManager  |  /usr/src/debug/mygui/mygui-MyGUI3.4.2/MyGUIEngine/src/MyGUI_SubWidgetManager.cpp  |  63
23:31:05  |  Core  |  Info  |  SubWidgetManager successfully shutdown  |  /usr/src/debug/mygui/mygui-MyGUI3.4.2/MyGUIEngine/src/MyGUI_SubWidgetManager.cpp  |  83
23:31:05  |  Core  |  Info  |  * Shutdown: LayerManager  |  /usr/src/debug/mygui/mygui-MyGUI3.4.2/MyGUIEngine/src/MyGUI_LayerManager.cpp  |  48
23:31:05  |  Core  |  Info  |  destroy layer 'Scene'  |  /usr/src/debug/mygui/mygui-MyGUI3.4.2/MyGUIEngine/src/MyGUI_LayerManager.cpp  |  208
23:31:05  |  Core  |  Info  |  destroy layer 'FadeToBlack'  |  /usr/src/debug/mygui/mygui-MyGUI3.4.2/MyGUIEngine/src/MyGUI_LayerManager.cpp  |  208
23:31:05  |  Core  |  Info  |  destroy layer 'HitOverlay'  |  /usr/src/debug/mygui/mygui-MyGUI3.4.2/MyGUIEngine/src/MyGUI_LayerManager.cpp  |  208
23:31:05  |  Core  |  Info  |  destroy layer 'HUD'  |  /usr/src/debug/mygui/mygui-MyGUI3.4.2/MyGUIEngine/src/MyGUI_LayerManager.cpp  |  208
23:31:05  |  Core  |  Info  |  destroy layer 'JournalBooks'  |  /usr/src/debug/mygui/mygui-MyGUI3.4.2/MyGUIEngine/src/MyGUI_LayerManager.cpp  |  208
23:31:05  |  Core  |  Info  |  destroy layer 'Windows'  |  /usr/src/debug/mygui/mygui-MyGUI3.4.2/MyGUIEngine/src/MyGUI_LayerManager.cpp  |  208
23:31:05  |  Core  |  Info  |  destroy layer 'DragAndDrop'  |  /usr/src/debug/mygui/mygui-MyGUI3.4.2/MyGUIEngine/src/MyGUI_LayerManager.cpp  |  208
23:31:05  |  Core  |  Info  |  destroy layer 'DrowningBar'  |  /usr/src/debug/mygui/mygui-MyGUI3.4.2/MyGUIEngine/src/MyGUI_LayerManager.cpp  |  208
23:31:05  |  Core  |  Info  |  destroy layer 'MainMenuBackground'  |  /usr/src/debug/mygui/mygui-MyGUI3.4.2/MyGUIEngine/src/MyGUI_LayerManager.cpp  |  208
23:31:05  |  Core  |  Info  |  destroy layer 'MainMenu'  |  /usr/src/debug/mygui/mygui-MyGUI3.4.2/MyGUIEngine/src/MyGUI_LayerManager.cpp  |  208
23:31:05  |  Core  |  Info  |  destroy layer 'LoadingScreenBackground'  |  /usr/src/debug/mygui/mygui-MyGUI3.4.2/MyGUIEngine/src/MyGUI_LayerManager.cpp  |  208
23:31:05  |  Core  |  Info  |  destroy layer 'LoadingScreen'  |  /usr/src/debug/mygui/mygui-MyGUI3.4.2/MyGUIEngine/src/MyGUI_LayerManager.cpp  |  208
23:31:05  |  Core  |  Info  |  destroy layer 'Debug'  |  /usr/src/debug/mygui/mygui-MyGUI3.4.2/MyGUIEngine/src/MyGUI_LayerManager.cpp  |  208
23:31:05  |  Core  |  Info  |  destroy layer 'Console'  |  /usr/src/debug/mygui/mygui-MyGUI3.4.2/MyGUIEngine/src/MyGUI_LayerManager.cpp  |  208
23:31:05  |  Core  |  Info  |  destroy layer 'Modal'  |  /usr/src/debug/mygui/mygui-MyGUI3.4.2/MyGUIEngine/src/MyGUI_LayerManager.cpp  |  208
23:31:05  |  Core  |  Info  |  destroy layer 'Popup'  |  /usr/src/debug/mygui/mygui-MyGUI3.4.2/MyGUIEngine/src/MyGUI_LayerManager.cpp  |  208
23:31:05  |  Core  |  Info  |  destroy layer 'Notification'  |  /usr/src/debug/mygui/mygui-MyGUI3.4.2/MyGUIEngine/src/MyGUI_LayerManager.cpp  |  208
23:31:05  |  Core  |  Info  |  destroy layer 'Video'  |  /usr/src/debug/mygui/mygui-MyGUI3.4.2/MyGUIEngine/src/MyGUI_LayerManager.cpp  |  208
23:31:05  |  Core  |  Info  |  destroy layer 'InputBlocker'  |  /usr/src/debug/mygui/mygui-MyGUI3.4.2/MyGUIEngine/src/MyGUI_LayerManager.cpp  |  208
23:31:05  |  Core  |  Info  |  destroy layer 'Pointer'  |  /usr/src/debug/mygui/mygui-MyGUI3.4.2/MyGUIEngine/src/MyGUI_LayerManager.cpp  |  208
23:31:05  |  Core  |  Info  |  LayerManager successfully shutdown  |  /usr/src/debug/mygui/mygui-MyGUI3.4.2/MyGUIEngine/src/MyGUI_LayerManager.cpp  |  59
23:31:05  |  Core  |  Info  |  * Shutdown: FontManager  |  /usr/src/debug/mygui/mygui-MyGUI3.4.2/MyGUIEngine/src/MyGUI_FontManager.cpp  |  49
23:31:05  |  Core  |  Info  |  FontManager successfully shutdown  |  /usr/src/debug/mygui/mygui-MyGUI3.4.2/MyGUIEngine/src/MyGUI_FontManager.cpp  |  57
23:31:05  |  Core  |  Info  |  * Shutdown: ControllerManager  |  /usr/src/debug/mygui/mygui-MyGUI3.4.2/MyGUIEngine/src/MyGUI_ControllerManager.cpp  |  49
23:31:05  |  Core  |  Info  |  ControllerManager successfully shutdown  |  /usr/src/debug/mygui/mygui-MyGUI3.4.2/MyGUIEngine/src/MyGUI_ControllerManager.cpp  |  59
23:31:05  |  Core  |  Info  |  * Shutdown: ClipboardManager  |  /usr/src/debug/mygui/mygui-MyGUI3.4.2/MyGUIEngine/src/MyGUI_ClipboardManager.cpp  |  46
23:31:05  |  Core  |  Info  |  ClipboardManager successfully shutdown  |  /usr/src/debug/mygui/mygui-MyGUI3.4.2/MyGUIEngine/src/MyGUI_ClipboardManager.cpp  |  54
23:31:05  |  Core  |  Info  |  * Shutdown: LayoutManager  |  /usr/src/debug/mygui/mygui-MyGUI3.4.2/MyGUIEngine/src/MyGUI_LayoutManager.cpp  |  42
23:31:05  |  Core  |  Info  |  LayoutManager successfully shutdown  |  /usr/src/debug/mygui/mygui-MyGUI3.4.2/MyGUIEngine/src/MyGUI_LayoutManager.cpp  |  49
23:31:05  |  Core  |  Info  |  * Shutdown: PluginManager  |  /usr/src/debug/mygui/mygui-MyGUI3.4.2/MyGUIEngine/src/MyGUI_PluginManager.cpp  |  40
23:31:05  |  Core  |  Info  |  PluginManager successfully shutdown  |  /usr/src/debug/mygui/mygui-MyGUI3.4.2/MyGUIEngine/src/MyGUI_PluginManager.cpp  |  45
23:31:05  |  Core  |  Info  |  * Shutdown: DynLibManager  |  /usr/src/debug/mygui/mygui-MyGUI3.4.2/MyGUIEngine/src/MyGUI_DynLibManager.cpp  |  37
23:31:05  |  Core  |  Info  |  DynLibManager successfully shutdown  |  /usr/src/debug/mygui/mygui-MyGUI3.4.2/MyGUIEngine/src/MyGUI_DynLibManager.cpp  |  44
23:31:05  |  Core  |  Info  |  * Shutdown: LanguageManager  |  /usr/src/debug/mygui/mygui-MyGUI3.4.2/MyGUIEngine/src/MyGUI_LanguageManager.cpp  |  41
23:31:05  |  Core  |  Info  |  LanguageManager successfully shutdown  |  /usr/src/debug/mygui/mygui-MyGUI3.4.2/MyGUIEngine/src/MyGUI_LanguageManager.cpp  |  45
23:31:05  |  Core  |  Info  |  * Shutdown: ResourceManager  |  /usr/src/debug/mygui/mygui-MyGUI3.4.2/MyGUIEngine/src/MyGUI_ResourceManager.cpp  |  47
23:31:05  |  Core  |  Info  |  ResourceManager successfully shutdown  |  /usr/src/debug/mygui/mygui-MyGUI3.4.2/MyGUIEngine/src/MyGUI_ResourceManager.cpp  |  57
23:31:05  |  Core  |  Info  |  * Shutdown: FactoryManager  |  /usr/src/debug/mygui/mygui-MyGUI3.4.2/MyGUIEngine/src/MyGUI_FactoryManager.cpp  |  34
23:31:05  |  Core  |  Info  |  FactoryManager successfully shutdown  |  /usr/src/debug/mygui/mygui-MyGUI3.4.2/MyGUIEngine/src/MyGUI_FactoryManager.cpp  |  36
23:31:05  |  Core  |  Info  |  * Shutdown: ToolTipManager  |  /usr/src/debug/mygui/mygui-MyGUI3.4.2/MyGUIEngine/src/MyGUI_ToolTipManager.cpp  |  52
23:31:05  |  Core  |  Info  |  ToolTipManager successfully shutdown  |  /usr/src/debug/mygui/mygui-MyGUI3.4.2/MyGUIEngine/src/MyGUI_ToolTipManager.cpp  |  57
23:31:05  |  Core  |  Info  |  * Shutdown: WidgetManager  |  /usr/src/debug/mygui/mygui-MyGUI3.4.2/MyGUIEngine/src/MyGUI_WidgetManager.cpp  |  91
23:31:05  |  Core  |  Info  |  WidgetManager successfully shutdown  |  /usr/src/debug/mygui/mygui-MyGUI3.4.2/MyGUIEngine/src/MyGUI_WidgetManager.cpp  |  100
23:31:05  |  Core  |  Info  |  Gui successfully shutdown  |  /usr/src/debug/mygui/mygui-MyGUI3.4.2/MyGUIEngine/src/MyGUI_Gui.cpp  |  171
23:31:05  |  Platform  |  Info  |  * Shutdown: RenderManager  |  /usr/src/debug/openmw/openmw-openmw-0.48.0/components/myguiplatform/myguirendermanager.cpp  |  377
23:31:05  |  Platform  |  Info  |  RenderManager successfully shutdown  |  /usr/src/debug/openmw/openmw-openmw-0.48.0/components/myguiplatform/myguirendermanager.cpp  |  385
