[22:50:42.888 I] OpenMW version 0.48.0
[22:50:42.888 I] Using default (English) font encoding.
[22:50:42.889 I] OSG version: 3.6.5
[22:50:42.889 I] SDL version: 2.32.56
[22:50:42.889 I] Loading shader settings file: "/home/mochi/.config/openmw/shaders.yaml"
[22:50:43.134 I] OpenGL Vendor: Intel
[22:50:43.134 I] OpenGL Renderer: Mesa Intel(R) Graphics (ADL GT2)
[22:50:43.134 I] OpenGL Version: 4.6 (Compatibility Profile) Mesa 25.1.4-arch1.1
[22:50:43.135 I] Using reverse-z depth buffer
[22:50:43.136 I] Adding BSA archive /home/mochi/.local/share/Steam/steamapps/common/Morrowind/Data Files/Morrowind.bsa
[22:50:43.139 I] Adding BSA archive /home/mochi/.local/share/Steam/steamapps/common/Morrowind/Data Files/Tribunal.bsa
[22:50:43.140 I] Adding BSA archive /home/mochi/.local/share/Steam/steamapps/common/Morrowind/Data Files/Bloodmoon.bsa
[22:50:43.140 I] Adding data directory /usr/share/games/openmw/resources/vfs
[22:50:43.140 I] Adding data directory /home/mochi/.local/share/Steam/steamapps/common/Morrowind/Data Files
[22:50:43.140 I] Adding data directory /home/mochi/.local/share/openmw/data
[22:50:43.185 I] Lua version: Lua 5.1.4 (LuaJIT 2.1.1741730670)
[22:50:43.185 I] Loading keybindings file: /home/mochi/.config/openmw/input_v3.xml
[22:50:43.188 I] Loading font file magic_cards_regular.fnt
[22:50:43.196 I] Loading font file daedric_font.fnt
[22:50:43.201 I] Loading font file DejaVuLGCSansMono.omwfont
[22:50:43.232 I] Initializing OpenAL...
[22:50:43.240 I] Opened "WF-1000XM4"
[22:50:43.240 I]   ALC Version: 1.1
[22:50:43.240 I]   ALC Extensions: ALC_ENUMERATE_ALL_EXT ALC_ENUMERATION_EXT ALC_EXT_CAPTURE ALC_EXT_debug ALC_EXT_DEDICATED ALC_EXT_direct_context ALC_EXT_disconnect ALC_EXT_EFX ALC_EXT_thread_local_context ALC_SOFT_device_clock ALC_SOFT_HRTF ALC_SOFT_loopback ALC_SOFT_loopback_bformat ALC_SOFT_output_limiter ALC_SOFT_output_mode ALC_SOFT_pause_device ALC_SOFT_reopen_device ALC_SOFT_system_events
[22:50:43.257 I]   Vendor: OpenAL Community
[22:50:43.257 I]   Renderer: OpenAL Soft
[22:50:43.257 I]   Version: 1.1 ALSOFT 1.24.3
[22:50:43.257 I]   Extensions: AL_EXT_ALAW AL_EXT_BFORMAT AL_EXT_debug AL_EXT_direct_context AL_EXT_DOUBLE AL_EXT_EXPONENT_DISTANCE AL_EXT_FLOAT32 AL_EXT_IMA4 AL_EXT_LINEAR_DISTANCE AL_EXT_MCFORMATS AL_EXT_MULAW AL_EXT_MULAW_BFORMAT AL_EXT_MULAW_MCFORMATS AL_EXT_OFFSET AL_EXT_source_distance_model AL_EXT_SOURCE_RADIUS AL_EXT_STATIC_BUFFER AL_EXT_STEREO_ANGLES AL_LOKI_quadriphonic AL_SOFT_bformat_ex AL_SOFT_bformat_hoa AL_SOFT_block_alignment AL_SOFT_buffer_length_query AL_SOFT_callback_buffer AL_SOFTX_convolution_effect AL_SOFT_deferred_updates AL_SOFT_direct_channels AL_SOFT_direct_channels_remix AL_SOFT_effect_target AL_SOFT_events AL_SOFT_gain_clamp_ex AL_SOFTX_hold_on_disconnect AL_SOFT_loop_points AL_SOFTX_map_buffer AL_SOFT_MSADPCM AL_SOFT_source_latency AL_SOFT_source_length AL_SOFTX_source_panning AL_SOFT_source_resampler AL_SOFT_source_spatialize AL_SOFT_source_start_delay AL_SOFT_UHJ AL_SOFT_UHJ_ex
[22:50:43.257 I] Enabled HRTF Default HRTF
[22:50:43.257 I] Allocated 256 sound sources
[22:50:43.257 I] Low-pass filter supported
[22:50:43.258 I] EAX Reverb supported
[22:50:43.258 I] Enumerated output devices:
[22:50:43.258 I]   WF-1000XM4  Built-in Audio Analog Stereo
[22:50:43.261 I] Enumerated HRTF names:
[22:50:43.261 I]   Default HRTF  Built-In HRTF
[22:50:43.279 I] Unhandled SDL event of type 0x204
[22:50:43.279 I] Unhandled SDL event of type 0x20c
[22:50:43.279 I] Unhandled SDL event of type 0x202
[22:50:43.279 I] Unhandled SDL event of type 0x207
[22:50:43.336 I] Unhandled SDL event of type 0x217
[22:50:43.338 I] Unhandled SDL event of type 0x20e
[22:50:48.268 I] Loading content file builtin.omwscripts
[22:50:48.269 I] Loading content file Morrowind.esm
[22:50:48.496 I] Loading content file Tribunal.esm
[22:50:48.524 I] Loading content file Bloodmoon.esm
[22:50:48.824 I] Using 1 async physics threads
[22:50:48.828 V] Using idle priority for thread=7fc887fff6c0
[22:50:48.829 V] Disabling Multiview (disabled by config)
[22:50:48.835 I] Reserving texture unit for sky RTT: 1e
[22:50:48.836 I] Preferred locales: en
[22:50:48.905 V] Fallback locale: en
[22:50:48.907 V] Language file "l10n/SettingsMenu/en.yaml" is enabled
[22:50:48.934 V] Fallback locale: en
[22:50:48.934 V] Language file "l10n/DebugMenu/en.yaml" is enabled
[22:50:48.935 V] Fallback locale: en
[22:50:48.935 V] Language file "l10n/PostProcessing/en.yaml" is enabled
[22:50:48.944 V] Lua scripts configuration (8 scripts):
[22:50:48.944 V] #0 PLAYER : scripts/omw/mwui/init.lua
[22:50:48.944 V] #1 GLOBAL : scripts/omw/settings/global.lua
[22:50:48.944 V] #2 PLAYER : scripts/omw/settings/player.lua
[22:50:48.944 V] #3 PLAYER : scripts/omw/camera/camera.lua
[22:50:48.944 V] #4 NPC CREATURE : scripts/omw/ai.lua
[22:50:48.944 V] #5 PLAYER : scripts/omw/console/player.lua
[22:50:48.944 V] #6 GLOBAL : scripts/omw/console/global.lua
[22:50:48.944 V] #7 CUSTOM : scripts/omw/console/local.lua
[22:50:48.944 I] Loading Lua storage ""/home/mochi/.config/openmw/global_storage.bin"" (3 bytes)
[22:50:48.944 I] Loading Lua storage ""/home/mochi/.config/openmw/player_storage.bin"" (16e bytes)
[22:50:48.947 I] Playing music/special/morrowind title.mp3
[22:50:56.949 V] Fallback locale: en
[22:50:56.949 V] Language file "l10n/SavegameMenu/en.yaml" is enabled
[22:50:59.550 I] Reading save file Sickly_Cat___Moonmoth.omwsave
[22:50:59.550 I] Loading saved game 'Sickly Cat - Moonmoth' for character 'Sickly Cat'
[22:50:59.589 V] Fallback locale: en
[22:50:59.589 V] Language file "l10n/Interface/en.yaml" is enabled
[22:50:59.591 V] Fallback locale: en
[22:50:59.592 V] Language file "l10n/OMWCamera/en.yaml" is enabled
[22:50:59.958 I] Loading cell Moonmoth Legion Fort (-1, -3)
[22:50:59.986 I] Loading cell West Gash Region (-1, -2)
[22:50:59.991 I] Loading cell Molag Mar Region (0, -3)
[22:50:59.993 I] Loading cell West Gash Region (-2, -3)
[22:50:59.995 I] Loading cell Ascadian Isles Region (-1, -4)
[22:51:00.000 I] Loading cell Molag Mar Region (0, -2)
[22:51:00.008 I] Loading cell Balmora (-2, -2)
[22:51:00.012 I] Loading cell Ascadian Isles Region (0, -4)
[22:51:00.016 I] Loading cell Ascadian Isles Region (-2, -4)
[22:51:00.020 V] Fallback locale: en
[22:51:00.021 V] Language file "l10n/Navigation/en.yaml" is enabled
[22:51:00.136 I] Warning: OutsideBanner line 38, column 6 (endif): endif without matching if/elseif
[22:51:00.993 I] Playing music/explore/mx_explore_7.mp3
[22:52:32.970 V] Controller R2_Claw02 present more than once in meshes/r/xsiltstrider.kf, ignoring later version
[22:52:42.013 I] Unloading cell Ascadian Isles Region (0, -4)
[22:52:42.018 I] Unloading cell Molag Mar Region (0, -3)
[22:52:42.020 I] Unloading cell Molag Mar Region (0, -2)
[22:52:42.023 I] Loading cell Balmora (-3, -3)
[22:52:42.033 I] Loading cell Balmora (-3, -2)
[22:52:42.046 I] Loading cell Ascadian Isles Region (-3, -4)
[22:52:42.061 W] Warning: detected OpenGL error 'invalid operation' at after RenderBin::draw(..)
[22:53:48.849 I] Unloading cell Moonmoth Legion Fort (-1, -3)
[22:53:48.853 I] Unloading cell Ascadian Isles Region (-1, -4)
[22:53:48.854 I] Unloading cell West Gash Region (-1, -2)
[22:53:48.856 I] Loading cell West Gash Region (-4, -3)
[22:53:48.860 I] Loading cell Balmora (-4, -2)
[22:53:48.865 I] Loading cell Ascadian Isles Region (-4, -4)
[22:53:48.894 W] Warning: detected OpenGL error 'invalid operation' at after RenderBin::draw(..)
[22:54:26.076 I] Unloading cell Ascadian Isles Region (-2, -4)
[22:54:26.081 I] Unloading cell Ascadian Isles Region (-4, -4)
[22:54:26.085 I] Unloading cell Ascadian Isles Region (-3, -4)
[22:54:26.087 I] Loading cell West Gash Region (-3, -1)
[22:54:26.089 I] Loading cell West Gash Region (-2, -1)
[22:54:26.093 I] Loading cell Bitter Coast Region (-4, -1)
[22:54:28.983 I] Playing music/explore/morrowind title.mp3
[22:54:38.965 I] Changing to interior
[22:54:38.965 I] Unloading cell West Gash Region (-2, -3)
[22:54:38.967 I] Unloading cell Balmora (-2, -2)
[22:54:38.971 I] Unloading cell West Gash Region (-4, -3)
[22:54:38.974 I] Unloading cell Balmora (-4, -2)
[22:54:38.975 I] Unloading cell Bitter Coast Region (-4, -1)
[22:54:38.976 I] Unloading cell Balmora (-3, -3)
[22:54:38.979 I] Unloading cell Balmora (-3, -2)
[22:54:38.982 I] Unloading cell West Gash Region (-3, -1)
[22:54:38.983 I] Unloading cell West Gash Region (-2, -1)
[22:54:38.984 I] Loading cell Balmora, Ra'Virr: Trader
[22:54:38.991 V] Added meshes/l/light_de_lamp_05.nif collision shape to navmeshdb with id 204
[22:54:38.992 V] Added meshes/f/furn_de_bar_05.nif collision shape to navmeshdb with id 205
[22:54:38.993 V] Added meshes/f/active_de_bed_10.nif collision shape to navmeshdb with id 206
[22:56:23.263 I] Playing music/explore/mx_explore_3.mp3
[22:56:46.343 I] Unloading cell Balmora, Ra'Virr: Trader
[22:56:46.345 I] Loading cell Balmora (-3, -2)
[22:56:46.358 I] Loading cell West Gash Region (-3, -1)
[22:56:46.360 I] Loading cell Balmora (-2, -2)
[22:56:46.364 I] Loading cell Balmora (-4, -2)
[22:56:46.369 I] Loading cell Balmora (-3, -3)
[22:56:46.375 I] Loading cell West Gash Region (-2, -1)
[22:56:46.379 I] Loading cell Bitter Coast Region (-4, -1)
[22:56:46.381 I] Loading cell West Gash Region (-2, -3)
[22:56:46.383 I] Loading cell West Gash Region (-4, -3)
[22:56:46.405 W] Warning: detected OpenGL error 'invalid operation' at after RenderBin::draw(..)
[22:56:57.551 I] Changing to interior
[22:56:57.551 I] Unloading cell West Gash Region (-2, -3)
[22:56:57.555 I] Unloading cell Balmora (-2, -2)
[22:56:57.558 I] Unloading cell West Gash Region (-4, -3)
[22:56:57.561 I] Unloading cell Balmora (-4, -2)
[22:56:57.564 I] Unloading cell Bitter Coast Region (-4, -1)
[22:56:57.566 I] Unloading cell Balmora (-3, -3)
[22:56:57.568 I] Unloading cell Balmora (-3, -2)
[22:56:57.573 I] Unloading cell West Gash Region (-3, -1)
[22:56:57.573 I] Unloading cell West Gash Region (-2, -1)
[22:56:57.574 I] Loading cell Balmora, Guild of Mages
[22:57:53.357 I] AiTravel: -26, -660, -750
[22:59:09.761 I] AiTravel: -545, -75, 15
[22:59:38.804 I] Playing music/explore/mx_explore_2.mp3
[23:01:41.618 I] Unloading cell Balmora, Guild of Mages
[23:01:41.624 I] Loading cell Balmora (-3, -2)
[23:01:41.641 I] Loading cell West Gash Region (-3, -1)
[23:01:41.643 I] Loading cell Balmora (-2, -2)
[23:01:41.647 I] Loading cell Balmora (-4, -2)
[23:01:41.651 I] Loading cell Balmora (-3, -3)
[23:01:41.658 I] Loading cell West Gash Region (-2, -1)
[23:01:41.662 I] Loading cell Bitter Coast Region (-4, -1)
[23:01:41.665 I] Loading cell West Gash Region (-2, -3)
[23:01:41.667 I] Loading cell West Gash Region (-4, -3)
[23:01:41.691 W] Warning: detected OpenGL error 'invalid operation' at after RenderBin::draw(..)
[23:02:19.997 I] Unloading cell West Gash Region (-4, -3)
[23:02:20.000 I] Unloading cell Balmora (-4, -2)
[23:02:20.002 I] Unloading cell Bitter Coast Region (-4, -1)
[23:02:20.003 I] Unloading cell West Gash Region (-3, -1)
[23:02:20.004 I] Unloading cell West Gash Region (-2, -1)
[23:02:20.007 I] Loading cell Moonmoth Legion Fort (-1, -3)
[23:02:20.015 I] Loading cell Ascadian Isles Region (-2, -4)
[23:02:20.016 I] Loading cell West Gash Region (-1, -2)
[23:02:20.018 I] Loading cell Ascadian Isles Region (-1, -4)
[23:02:20.021 I] Loading cell Ascadian Isles Region (-3, -4)
[23:02:44.809 I] Playing music/explore/mx_explore_5.mp3
[23:02:55.378 I] Unloading cell Ascadian Isles Region (-3, -4)
[23:02:55.384 I] Unloading cell Balmora (-3, -3)
[23:02:55.390 I] Unloading cell Balmora (-3, -2)
[23:02:55.395 I] Loading cell Molag Mar Region (0, -3)
[23:02:55.403 I] Loading cell Molag Mar Region (0, -2)
[23:02:55.407 I] Loading cell Ascadian Isles Region (0, -4)
[23:02:55.424 W] Warning: detected OpenGL error 'invalid operation' at after RenderBin::draw(..)
[23:03:33.124 I] Unloading cell Balmora (-2, -2)
[23:03:33.127 I] Unloading cell West Gash Region (-1, -2)
[23:03:33.129 I] Unloading cell Molag Mar Region (0, -2)
[23:03:33.132 I] Loading cell Ascadian Isles Region (-1, -5)
[23:03:33.137 I] Loading cell Ascadian Isles Region (0, -5)
[23:03:33.144 I] Loading cell Ascadian Isles Region (-2, -5)
[23:03:34.203 V] Added meshes/x/ex_barnacles_01.nif collision shape to navmeshdb with id 207
[23:03:35.340 I] Playing music/battle/mw battle5.mp3
[23:03:47.067 I] Playing music/explore/mx_explore_4.mp3
[23:03:58.945 V] Controller R2_Claw02 present more than once in meshes/r/xsiltstrider.kf, ignoring later version
[23:04:04.157 I] Unloading cell Ascadian Isles Region (0, -5)
[23:04:04.162 I] Unloading cell Ascadian Isles Region (0, -4)
[23:04:04.165 I] Unloading cell Molag Mar Region (0, -3)
[23:04:04.168 I] Loading cell Ascadian Isles Region (-3, -4)
[23:04:04.174 I] Loading cell Balmora (-3, -3)
[23:04:04.181 I] Loading cell Ascadian Isles Region (-3, -5)
[23:04:24.226 V] Added meshes/x/ex_ma_cave_entrance_lava.nif collision shape to navmeshdb with id 208
[23:04:55.962 I] Unloading cell Moonmoth Legion Fort (-1, -3)
[23:04:55.969 I] Unloading cell West Gash Region (-2, -3)
[23:04:55.972 I] Unloading cell Balmora (-3, -3)
[23:04:55.975 I] Loading cell Ascadian Isles Region (-2, -6)
[23:04:55.982 I] Loading cell Ascadian Isles Region (-1, -6)
[23:04:55.995 I] Loading cell Ascadian Isles Region (-3, -6)
[23:04:56.013 W] Warning: detected OpenGL error 'invalid operation' at after RenderBin::draw(..)
[23:04:57.176 V] Added meshes/f/terrain_rock_ai_05.nif collision shape to navmeshdb with id 209
[23:05:00.379 W] Warning: detected OpenGL error 'invalid operation' at after RenderBin::draw(..)
[23:05:16.001 I] Unloading cell Ascadian Isles Region (-1, -6)
[23:05:16.003 I] Unloading cell Ascadian Isles Region (-1, -4)
[23:05:16.005 I] Unloading cell Ascadian Isles Region (-1, -5)
[23:05:16.007 I] Loading cell Ascadian Isles Region (-4, -5)
[23:05:16.012 I] Loading cell Ascadian Isles Region (-4, -4)
[23:05:16.017 I] Loading cell Bitter Coast Region (-4, -6)
[23:05:16.029 W] Warning: detected OpenGL error 'invalid operation' at after RenderBin::draw(..)
[23:06:48.784 I] Changing to interior
[23:06:48.784 I] Unloading cell Ascadian Isles Region (-2, -4)
[23:06:48.787 I] Unloading cell Ascadian Isles Region (-3, -6)
[23:06:48.789 I] Unloading cell Bitter Coast Region (-4, -6)
[23:06:48.790 I] Unloading cell Ascadian Isles Region (-4, -5)
[23:06:48.793 I] Unloading cell Ascadian Isles Region (-4, -4)
[23:06:48.795 I] Unloading cell Ascadian Isles Region (-3, -5)
[23:06:48.797 I] Unloading cell Ascadian Isles Region (-3, -4)
[23:06:48.799 I] Unloading cell Ascadian Isles Region (-2, -6)
[23:06:48.800 I] Unloading cell Ascadian Isles Region (-2, -5)
[23:06:48.802 I] Loading cell Hassour
[23:06:48.820 V] Added meshes/i/in_lava_rock_16.nif collision shape to navmeshdb with id 20a
[23:06:48.822 V] Added meshes/i/in_lava_rock_10.nif collision shape to navmeshdb with id 20b
[23:06:48.823 V] Added meshes/i/in_lava_rock_06.nif collision shape to navmeshdb with id 20c
[23:06:48.824 V] Added meshes/i/in_lava_rock_03.nif collision shape to navmeshdb with id 20d
[23:06:48.825 V] Added meshes/i/in_lavacave4_s_00.nif collision shape to navmeshdb with id 20e
[23:06:48.826 V] Added meshes/i/in_lava_rock_07.nif collision shape to navmeshdb with id 20f
[23:06:48.827 V] Added meshes/i/in_lavacave_exit00.nif collision shape to navmeshdb with id 210
[23:06:48.828 V] Added meshes/i/in_lava_rock_05.nif collision shape to navmeshdb with id 211
[23:06:48.829 V] Added meshes/i/in_lavacave_17.nif collision shape to navmeshdb with id 212
[23:06:48.830 V] Added meshes/i/in_lavacave_21_1.nif collision shape to navmeshdb with id 213
[23:06:48.831 V] Added meshes/i/in_lavacave_form20.nif collision shape to navmeshdb with id 214
[23:06:48.833 V] Added meshes/i/in_lava_rock_08.nif collision shape to navmeshdb with id 215
[23:06:48.834 V] Added meshes/i/in_lava_rock_15.nif collision shape to navmeshdb with id 216
[23:06:48.835 V] Added meshes/i/in_lava_rock_17.nif collision shape to navmeshdb with id 217
[23:06:48.836 V] Added meshes/i/in_lava_rock_02.nif collision shape to navmeshdb with id 218
[23:06:48.837 V] Added meshes/i/in_lava_rock_04.nif collision shape to navmeshdb with id 219
[23:06:48.838 V] Added meshes/i/in_lavacave2_s_05.nif collision shape to navmeshdb with id 21a
[23:06:48.840 V] Added meshes/i/in_lava_rock_09.nif collision shape to navmeshdb with id 21b
[23:06:48.841 V] Added meshes/i/in_lava_rock_13.nif collision shape to navmeshdb with id 21c
[23:06:48.842 V] Added meshes/i/in_lavaboulder05.nif collision shape to navmeshdb with id 21d
[23:06:48.843 V] Added meshes/i/in_lava_rock_01.nif collision shape to navmeshdb with id 21e
[23:06:48.844 V] Added meshes/i/in_lavaboulder00.nif collision shape to navmeshdb with id 21f
[23:06:48.845 V] Added meshes/i/in_lava_rock_12.nif collision shape to navmeshdb with id 220
[23:06:48.846 V] Added meshes/i/in_lavacave_16.nif collision shape to navmeshdb with id 221
[23:06:48.847 V] Added meshes/i/in_lavacave_stal20.nif collision shape to navmeshdb with id 222
[23:06:48.849 V] Added meshes/i/in_lavaboulder03.nif collision shape to navmeshdb with id 223
[23:06:48.850 V] Added meshes/i/in_lavacave2_s_02.nif collision shape to navmeshdb with id 224
[23:06:48.851 V] Added meshes/i/in_lavaboulder02.nif collision shape to navmeshdb with id 225
[23:06:48.852 V] Added meshes/i/in_lava_rock_11.nif collision shape to navmeshdb with id 226
[23:06:48.853 V] Added meshes/i/in_lava_rock_19.nif collision shape to navmeshdb with id 227
[23:06:48.854 V] Added meshes/i/in_lavaboulder01.nif collision shape to navmeshdb with id 228
[23:06:48.855 V] Added meshes/i/in_lava_rock_18.nif collision shape to navmeshdb with id 229
[23:06:48.857 V] Added meshes/i/in_lavacave_doorway00.nif collision shape to navmeshdb with id 22a
[23:06:48.858 V] Added meshes/i/in_lavacave2_s_04.nif collision shape to navmeshdb with id 22b
[23:06:48.859 V] Added meshes/i/in_lavacave2_s_03.nif collision shape to navmeshdb with id 22c
[23:06:48.860 V] Added meshes/i/in_lavacave_13.nif collision shape to navmeshdb with id 22d
[23:06:49.016 V] Added meshes/i/in_lavacave_stal50.nif collision shape to navmeshdb with id 22e
[23:06:49.025 V] Added meshes/i/in_lavacave_26.nif collision shape to navmeshdb with id 22f
[23:06:49.032 V] Added meshes/i/in_lavacave_stal00.nif collision shape to navmeshdb with id 230
[23:06:49.034 V] Added meshes/i/in_lavacave_stal40.nif collision shape to navmeshdb with id 231
[23:06:49.076 W] Warning: detected OpenGL error 'invalid operation' at after RenderBin::draw(..)
[23:06:49.077 W] Warning: detected OpenGL error 'invalid operation' at after RenderBin::draw(..)
[23:06:56.679 I] Playing music/battle/mw battle2.mp3
[23:06:59.821 I] Unloading cell Hassour
[23:06:59.825 I] Loading cell Ascadian Isles Region (-3, -5)
[23:06:59.829 I] Loading cell Ascadian Isles Region (-3, -4)
[23:06:59.834 I] Loading cell Ascadian Isles Region (-2, -5)
[23:06:59.838 I] Loading cell Ascadian Isles Region (-4, -5)
[23:06:59.842 I] Loading cell Ascadian Isles Region (-3, -6)
[23:06:59.846 I] Loading cell Ascadian Isles Region (-2, -4)
[23:06:59.847 I] Loading cell Ascadian Isles Region (-4, -4)
[23:06:59.851 I] Loading cell Ascadian Isles Region (-2, -6)
[23:06:59.855 I] Loading cell Bitter Coast Region (-4, -6)
[23:06:59.867 W] Warning: detected OpenGL error 'invalid operation' at after RenderBin::draw(..)
[23:07:00.827 I] Playing music/explore/mx_explore_1.mp3
[23:07:06.014 I] Playing music/battle/mw battle 7.mp3
[23:08:51.048 I] Playing music/explore/mx_explore_6.mp3
[23:09:07.205 I] Unloading cell Bitter Coast Region (-4, -6)
[23:09:07.211 I] Unloading cell Ascadian Isles Region (-4, -5)
[23:09:07.215 I] Unloading cell Ascadian Isles Region (-4, -4)
[23:09:07.219 I] Loading cell Ascadian Isles Region (-1, -5)
[23:09:07.234 I] Loading cell Ascadian Isles Region (-1, -4)
[23:09:07.238 I] Loading cell Ascadian Isles Region (-1, -6)
[23:09:07.250 W] Warning: detected OpenGL error 'invalid operation' at after RenderBin::draw(..)
[23:09:22.830 V] Controller R2_Claw02 present more than once in meshes/r/xsiltstrider.kf, ignoring later version
[23:10:04.617 I] Unloading cell Ascadian Isles Region (-1, -6)
[23:10:04.622 I] Unloading cell Ascadian Isles Region (-3, -6)
[23:10:04.629 I] Unloading cell Ascadian Isles Region (-2, -6)
[23:10:04.632 I] Loading cell West Gash Region (-2, -3)
[23:10:04.637 I] Loading cell Moonmoth Legion Fort (-1, -3)
[23:10:04.650 I] Loading cell Balmora (-3, -3)
[23:10:04.669 W] Warning: detected OpenGL error 'invalid operation' at after RenderBin::draw(..)
[23:10:15.231 W] Warning: detected OpenGL error 'invalid operation' at after RenderBin::draw(..)
[23:10:34.321 I] Unloading cell Ascadian Isles Region (-3, -5)
[23:10:34.328 I] Unloading cell Ascadian Isles Region (-3, -4)
[23:10:34.332 I] Unloading cell Balmora (-3, -3)
[23:10:34.335 I] Loading cell Ascadian Isles Region (0, -4)
[23:10:34.340 I] Loading cell Molag Mar Region (0, -3)
[23:10:34.343 I] Loading cell Ascadian Isles Region (0, -5)
[23:10:34.356 W] Warning: detected OpenGL error 'invalid operation' at after RenderBin::draw(..)
[23:10:52.967 I] Playing music/battle/mw battle 8.mp3
[23:11:13.369 I] Playing music/explore/mx_explore_2.mp3
[23:11:38.025 W] Warning: detected OpenGL error 'invalid operation' at after RenderBin::draw(..)
[23:11:59.726 I] Unhandled SDL event of type 0x20f
[23:12:19.671 I] Unhandled SDL event of type 0x20e
[23:12:26.774 I] Unloading cell Ascadian Isles Region (-2, -4)
[23:12:26.777 I] Unloading cell West Gash Region (-2, -3)
[23:12:26.779 I] Unloading cell Ascadian Isles Region (-2, -5)
[23:12:26.784 I] Loading cell Ascadian Isles Region (1, -4)
[23:12:26.790 I] Loading cell Molag Mar Region (1, -3)
[23:12:26.800 I] Loading cell Fields of Kummu (1, -5)
[23:12:26.817 W] Warning: detected OpenGL error 'invalid operation' at after RenderBin::draw(..)
[23:12:34.953 V] Added meshes/f/flora_muckspunge_02.nif collision shape to navmeshdb with id 232
[23:12:34.955 V] Added meshes/f/flora_muckspunge_05.nif collision shape to navmeshdb with id 233
[23:12:34.956 V] Added meshes/f/flora_muckspunge_06.nif collision shape to navmeshdb with id 234
[23:12:37.686 I] Unloading cell Moonmoth Legion Fort (-1, -3)
[23:12:37.695 I] Unloading cell Molag Mar Region (0, -3)
[23:12:37.698 I] Unloading cell Molag Mar Region (1, -3)
[23:12:37.702 I] Loading cell Ascadian Isles Region (0, -6)
[23:12:37.715 I] Loading cell Ascadian Isles Region (-1, -6)
[23:12:37.721 I] Loading cell Ascadian Isles Region (1, -6)
[23:12:37.735 W] Warning: detected OpenGL error 'invalid operation' at after RenderBin::draw(..)
[23:12:39.241 V] Added meshes/f/flora_muckspunge_01.nif collision shape to navmeshdb with id 235
[23:12:39.243 V] Added meshes/f/flora_muckspunge_04.nif collision shape to navmeshdb with id 236
[23:12:39.244 V] Added meshes/f/flora_muckspunge_03.nif collision shape to navmeshdb with id 237
[23:12:40.733 I] Playing music/battle/mw battle1.mp3
[23:12:45.456 I] Playing music/explore/mx_explore_3.mp3
[23:13:06.990 I] Unloading cell Ascadian Isles Region (-1, -6)
[23:13:06.995 I] Unloading cell Ascadian Isles Region (1, -6)
[23:13:06.996 I] Unloading cell Ascadian Isles Region (0, -6)
[23:13:07.000 I] Loading cell Molag Mar Region (0, -3)
[23:13:07.004 I] Loading cell Moonmoth Legion Fort (-1, -3)
[23:13:07.011 I] Loading cell Molag Mar Region (1, -3)
[23:13:27.042 V] Added meshes/f/furn_shrine_vivec_01.nif collision shape to navmeshdb with id 238
[23:13:45.606 V] Added meshes/x/terrain_ma_20.nif collision shape to navmeshdb with id 239
[23:14:26.926 W] Warning: detected OpenGL error 'invalid operation' at after RenderBin::draw(..)
[23:14:33.103 V] Added meshes/x/terrain_ma_rock22.nif collision shape to navmeshdb with id 23a
[23:14:37.285 I] Unloading cell Moonmoth Legion Fort (-1, -3)
[23:14:37.291 I] Unloading cell Ascadian Isles Region (-1, -4)
[23:14:37.294 I] Unloading cell Ascadian Isles Region (-1, -5)
[23:14:37.298 I] Loading cell Ascadian Isles Region (2, -4)
[23:14:37.305 I] Loading cell Molag Mar Region (2, -3)
[23:14:37.309 I] Loading cell Ascadian Isles Region (2, -5)
[23:14:37.330 W] Warning: detected OpenGL error 'invalid operation' at after RenderBin::draw(..)
[23:14:37.966 V] Added meshes/x/ex_de_shack_awning_02.nif collision shape to navmeshdb with id 23b
[23:14:37.970 V] Added meshes/f/furn_coalpile00.nif collision shape to navmeshdb with id 23c
[23:14:38.295 V] Added meshes/l/light_tikitorch00.nif collision shape to navmeshdb with id 23d
[23:14:40.656 V] Added meshes/x/flora_ash_log_03.nif collision shape to navmeshdb with id 23e
[23:14:40.770 V] Added meshes/x/flora_ash_log_01.nif collision shape to navmeshdb with id 23f
[23:14:40.771 V] Added meshes/x/terrain_lavapot_03.nif collision shape to navmeshdb with id 240
[23:14:44.525 V] Added meshes/i/in_lava_oval.nif collision shape to navmeshdb with id 241
[23:14:44.527 V] Added meshes/i/in_lava_oval.nif avoid shape to navmeshdb with id 242
[23:15:26.017 I] Unloading cell Ascadian Isles Region (2, -5)
[23:15:26.021 I] Unloading cell Ascadian Isles Region (2, -4)
[23:15:26.024 I] Unloading cell Molag Mar Region (2, -3)
[23:15:26.027 I] Loading cell Ascadian Isles Region (-1, -4)
[23:15:26.034 I] Loading cell Moonmoth Legion Fort (-1, -3)
[23:15:26.044 I] Loading cell Ascadian Isles Region (-1, -5)
[23:16:00.375 I] Unloading cell Molag Mar Region (1, -3)
[23:16:00.381 I] Unloading cell Fields of Kummu (1, -5)
[23:16:00.384 I] Unloading cell Ascadian Isles Region (1, -4)
[23:16:00.387 I] Loading cell Ascadian Isles Region (-2, -4)
[23:16:00.388 I] Loading cell West Gash Region (-2, -3)
[23:16:00.391 I] Loading cell Ascadian Isles Region (-2, -5)
[23:16:00.404 W] Warning: detected OpenGL error 'invalid operation' at after RenderBin::draw(..)
[23:16:00.961 I] Playing music/explore/mx_explore_1.mp3
[23:16:34.089 I] Unloading cell Ascadian Isles Region (0, -5)
[23:16:34.095 I] Unloading cell Ascadian Isles Region (-2, -5)
[23:16:34.097 I] Unloading cell Ascadian Isles Region (-1, -5)
[23:16:34.099 I] Loading cell West Gash Region (-1, -2)
[23:16:34.102 I] Loading cell Molag Mar Region (0, -2)
[23:16:34.107 I] Loading cell Balmora (-2, -2)
[23:16:34.123 W] Warning: detected OpenGL error 'invalid operation' at after RenderBin::draw(..)
[23:16:47.926 I] Unloading cell Balmora (-2, -2)
[23:16:47.932 I] Unloading cell West Gash Region (-1, -2)
[23:16:47.937 I] Unloading cell Molag Mar Region (0, -2)
[23:16:47.941 I] Loading cell Ascadian Isles Region (-1, -5)
[23:16:47.947 I] Loading cell Ascadian Isles Region (0, -5)
[23:16:47.952 I] Loading cell Ascadian Isles Region (-2, -5)
[23:17:34.881 I] Unloading cell Ascadian Isles Region (0, -5)
[23:17:34.888 I] Unloading cell Ascadian Isles Region (-2, -5)
[23:17:34.890 I] Unloading cell Ascadian Isles Region (-1, -5)
[23:17:34.893 I] Loading cell West Gash Region (-1, -2)
[23:17:34.897 I] Loading cell Molag Mar Region (0, -2)
[23:17:34.901 I] Loading cell Balmora (-2, -2)
[23:17:58.835 W] Warning: detected OpenGL error 'invalid operation' at after RenderBin::draw(..)
[23:17:59.748 V] Controller R2_Claw02 present more than once in meshes/r/xsiltstrider.kf, ignoring later version
[23:18:02.048 W] Warning: detected OpenGL error 'invalid operation' at after RenderBin::draw(..)
[23:18:08.262 I] Unloading cell Ascadian Isles Region (0, -4)
[23:18:08.269 I] Unloading cell Molag Mar Region (0, -3)
[23:18:08.271 I] Unloading cell Molag Mar Region (0, -2)
[23:18:08.274 I] Loading cell Balmora (-3, -3)
[23:18:08.284 I] Loading cell Balmora (-3, -2)
[23:18:08.296 I] Loading cell Ascadian Isles Region (-3, -4)
[23:18:08.312 W] Warning: detected OpenGL error 'invalid operation' at after RenderBin::draw(..)
[23:18:34.715 I] Unloading cell Moonmoth Legion Fort (-1, -3)
[23:18:34.722 I] Unloading cell Ascadian Isles Region (-1, -4)
[23:18:34.724 I] Unloading cell West Gash Region (-1, -2)
[23:18:34.726 I] Loading cell West Gash Region (-4, -3)
[23:18:34.733 I] Loading cell Balmora (-4, -2)
[23:18:34.738 I] Loading cell Ascadian Isles Region (-4, -4)
[23:18:34.758 W] Warning: detected OpenGL error 'invalid operation' at after RenderBin::draw(..)
[23:19:04.304 I] Unloading cell Ascadian Isles Region (-2, -4)
[23:19:04.308 I] Unloading cell Ascadian Isles Region (-4, -4)
[23:19:04.312 I] Unloading cell Ascadian Isles Region (-3, -4)
[23:19:04.318 I] Loading cell West Gash Region (-3, -1)
[23:19:04.320 I] Loading cell West Gash Region (-2, -1)
[23:19:04.325 I] Loading cell Bitter Coast Region (-4, -1)
[23:19:05.958 I] Playing music/explore/mx_explore_7.mp3
[23:19:10.288 W] Warning: detected OpenGL error 'invalid operation' at after RenderBin::draw(..)
[23:19:11.342 I] Changing to interior
[23:19:11.342 I] Unloading cell West Gash Region (-2, -3)
[23:19:11.350 I] Unloading cell Balmora (-2, -2)
[23:19:11.352 I] Unloading cell West Gash Region (-4, -3)
[23:19:11.356 I] Unloading cell Balmora (-4, -2)
[23:19:11.359 I] Unloading cell Bitter Coast Region (-4, -1)
[23:19:11.361 I] Unloading cell Balmora (-3, -3)
[23:19:11.365 I] Unloading cell Balmora (-3, -2)
[23:19:11.368 I] Unloading cell West Gash Region (-3, -1)
[23:19:11.369 I] Unloading cell West Gash Region (-2, -1)
[23:19:11.371 I] Loading cell Balmora, Guild of Mages
[23:19:11.416 W] Warning: detected OpenGL error 'invalid operation' at after RenderBin::draw(..)
[23:20:47.274 I] Unloading cell Balmora, Guild of Mages
[23:20:47.278 I] Loading cell Balmora (-3, -2)
[23:20:47.295 I] Loading cell West Gash Region (-3, -1)
[23:20:47.297 I] Loading cell Balmora (-2, -2)
[23:20:47.301 I] Loading cell Balmora (-4, -2)
[23:20:47.305 I] Loading cell Balmora (-3, -3)
[23:20:47.310 I] Loading cell West Gash Region (-2, -1)
[23:20:47.314 I] Loading cell Bitter Coast Region (-4, -1)
[23:20:47.316 I] Loading cell West Gash Region (-2, -3)
[23:20:47.318 I] Loading cell West Gash Region (-4, -3)
[23:20:47.341 W] Warning: detected OpenGL error 'invalid operation' at after RenderBin::draw(..)
[23:22:11.435 I] Changing to interior
[23:22:11.436 I] Unloading cell West Gash Region (-2, -3)
[23:22:11.442 I] Unloading cell Balmora (-2, -2)
[23:22:11.446 I] Unloading cell West Gash Region (-4, -3)
[23:22:11.449 I] Unloading cell Balmora (-4, -2)
[23:22:11.451 I] Unloading cell Bitter Coast Region (-4, -1)
[23:22:11.452 I] Unloading cell Balmora (-3, -3)
[23:22:11.455 I] Unloading cell Balmora (-3, -2)
[23:22:11.461 I] Unloading cell West Gash Region (-3, -1)
[23:22:11.462 I] Unloading cell West Gash Region (-2, -1)
[23:22:11.463 I] Loading cell Balmora, Dralasa Nithryon: Pawnbroker
[23:22:11.473 V] Added meshes/f/furn_de_bar_04.nif collision shape to navmeshdb with id 243
[23:22:11.476 W] Warning: detected OpenGL error 'invalid operation' at after RenderBin::draw(..)
[23:22:33.972 I] Playing music/explore/mx_explore_5.mp3
[23:23:40.929 I] Unloading cell Balmora, Dralasa Nithryon: Pawnbroker
[23:23:40.932 I] Loading cell Balmora (-4, -2)
[23:23:40.940 I] Loading cell Bitter Coast Region (-4, -1)
[23:23:40.944 I] Loading cell Balmora (-3, -2)
[23:23:40.960 I] Loading cell Bitter Coast Region (-5, -2)
[23:23:40.968 I] Loading cell West Gash Region (-4, -3)
[23:23:40.972 I] Loading cell West Gash Region (-3, -1)
[23:23:40.975 I] Loading cell Bitter Coast Region (-5, -1)
[23:23:40.978 I] Loading cell Balmora (-3, -3)
[23:23:40.984 I] Loading cell Bitter Coast Region (-5, -3)
[23:23:41.012 W] Warning: detected OpenGL error 'invalid operation' at after RenderBin::draw(..)
[23:23:45.725 I] Unloading cell Bitter Coast Region (-5, -3)
[23:23:45.730 I] Unloading cell Bitter Coast Region (-5, -2)
[23:23:45.733 I] Unloading cell Bitter Coast Region (-5, -1)
[23:23:45.739 I] Loading cell Balmora (-2, -2)
[23:23:45.745 I] Loading cell West Gash Region (-2, -1)
[23:23:45.749 I] Loading cell West Gash Region (-2, -3)
[23:23:52.597 I] Changing to interior
[23:23:52.597 I] Unloading cell West Gash Region (-2, -3)
[23:23:52.601 I] Unloading cell Balmora (-2, -2)
[23:23:52.603 I] Unloading cell West Gash Region (-4, -3)
[23:23:52.607 I] Unloading cell Balmora (-4, -2)
[23:23:52.609 I] Unloading cell Bitter Coast Region (-4, -1)
[23:23:52.611 I] Unloading cell Balmora (-3, -3)
[23:23:52.614 I] Unloading cell Balmora (-3, -2)
[23:23:52.618 I] Unloading cell West Gash Region (-3, -1)
[23:23:52.619 I] Unloading cell West Gash Region (-2, -1)
[23:23:52.620 I] Loading cell Balmora, Guild of Mages
[23:25:45.345 I] Playing music/explore/morrowind title.mp3
[23:26:12.024 I] Unhandled SDL event of type 0x20f
[23:26:40.370 I] Unhandled SDL event of type 0x20e
[23:27:39.600 I] Playing music/explore/mx_explore_4.mp3
[23:29:06.098 I] Unloading cell Balmora, Guild of Mages
[23:29:06.102 I] Loading cell Balmora (-3, -2)
[23:29:06.120 I] Loading cell West Gash Region (-3, -1)
[23:29:06.122 I] Loading cell Balmora (-2, -2)
[23:29:06.128 I] Loading cell Balmora (-4, -2)
[23:29:06.133 I] Loading cell Balmora (-3, -3)
[23:29:06.141 I] Loading cell West Gash Region (-2, -1)
[23:29:06.144 I] Loading cell Bitter Coast Region (-4, -1)
[23:29:06.147 I] Loading cell West Gash Region (-2, -3)
[23:29:06.149 I] Loading cell West Gash Region (-4, -3)
[23:29:06.173 W] Warning: detected OpenGL error 'invalid operation' at after RenderBin::draw(..)
[23:29:41.933 I] Unloading cell West Gash Region (-4, -3)
[23:29:41.939 I] Unloading cell Balmora (-4, -2)
[23:29:41.944 I] Unloading cell Bitter Coast Region (-4, -1)
[23:29:41.947 I] Loading cell West Gash Region (-1, -2)
[23:29:41.951 I] Loading cell West Gash Region (-1, -1)
[23:29:41.957 I] Loading cell Moonmoth Legion Fort (-1, -3)
[23:29:43.949 I] Changing to interior
[23:29:43.949 I] Unloading cell Moonmoth Legion Fort (-1, -3)
[23:29:43.955 I] Unloading cell West Gash Region (-2, -3)
[23:29:43.961 I] Unloading cell Balmora (-2, -2)
[23:29:43.963 I] Unloading cell West Gash Region (-1, -2)
[23:29:43.965 I] Unloading cell Balmora (-3, -3)
[23:29:43.967 I] Unloading cell Balmora (-3, -2)
[23:29:43.973 I] Unloading cell West Gash Region (-3, -1)
[23:29:43.974 I] Unloading cell West Gash Region (-2, -1)
[23:29:43.975 I] Unloading cell West Gash Region (-1, -1)
[23:29:43.976 I] Loading cell Balmora, Caius Cosades' House
[23:29:43.985 W] Warning: detected OpenGL error 'invalid operation' at after RenderBin::draw(..)
[23:29:55.396 I] Making a screenshot for saved game 'Autosave'
[23:29:55.469 I] Writing saved game 'Autosave' for character 'Sickly Cat'
[23:29:55.486 I] 'Autosave' is saved in 93.2684ms
[23:29:57.118 I] Playing Music/Special/MW_Triumph.mp3
[23:30:11.904 I] Playing music/explore/mx_explore_6.mp3
[23:30:56.678 I] Making a screenshot for saved game 'Sickly Cat - Balmora'
[23:30:56.745 I] Writing saved game 'Sickly Cat - Balmora' for character 'Sickly Cat'
[23:30:56.762 I] 'Sickly Cat - Balmora' is saved in 85.6658ms
[23:31:05.509 V] Changed setting: [Windows] map h = 0.849074
[23:31:05.509 V] Changed setting: [Windows] map w = 0.796875
[23:31:05.510 V] Changed setting: [Windows] map x = 0.191667
[23:31:05.510 V] Changed setting: [Windows] map y = 0.0138889
[23:31:05.510 V] Added new setting: [Windows] container h = 0.384259
[23:31:05.510 V] Added new setting: [Windows] container w = 0.389583
[23:31:05.510 V] Added new setting: [Windows] container x = 0.489583
[23:31:05.510 V] Added new setting: [Windows] container y = 0.539815
[23:31:05.510 V] Changed setting: [Map] global = false
[23:31:05.510 I] Updating settings file: "/home/mochi/.config/openmw/settings.cfg"
[23:31:05.510 I] Saving shader settings file: "/home/mochi/.config/openmw/shaders.yaml"
[23:31:05.510 I] Saving Lua storage ""/home/mochi/.config/openmw/global_storage.bin"" (3 bytes)
[23:31:05.510 I] Saving Lua storage ""/home/mochi/.config/openmw/player_storage.bin"" (16e bytes)
[23:31:05.511 I] Quitting peacefully.
