2025-05-05 15:16:57 Loading main app package /usr/lib/obsidian/obsidian.asar
2025-05-05 15:16:57 Checking for update using Github
2025-05-05 15:16:57 Success.
2025-05-05 15:16:57 Latest version is 1.8.10
2025-05-05 15:16:57 App is up to date.
2025-05-05 16:16:57 Checking for update using Github
2025-05-05 16:16:57 Success.
2025-05-05 16:16:57 Latest version is 1.8.10
2025-05-05 16:16:57 App is up to date.
2025-05-05 17:16:57 Checking for update using Github
2025-05-05 17:16:57 Success.
2025-05-05 17:16:57 Latest version is 1.8.10
2025-05-05 17:16:57 App is up to date.
2025-05-05 20:00:02 Loading main app package /usr/lib/obsidian/obsidian.asar
2025-05-05 20:00:03 Checking for update using Github
2025-05-05 20:00:03 Success.
2025-05-05 20:00:03 Latest version is 1.8.10
2025-05-05 20:00:03 App is up to date.
2025-05-05 21:00:02 Checking for update using Github
2025-05-05 21:00:02 Success.
2025-05-05 21:00:02 Latest version is 1.8.10
2025-05-05 21:00:02 App is up to date.
2025-05-06 18:57:37 Loading main app package /usr/lib/obsidian/obsidian.asar
2025-05-06 18:57:37 Checking for update using Github
2025-05-06 18:57:37 Success.
2025-05-06 18:57:37 Latest version is 1.8.10
2025-05-06 18:57:37 App is up to date.
2025-05-06 19:57:37 Checking for update using Github
2025-05-06 19:57:37 Success.
2025-05-06 19:57:37 Latest version is 1.8.10
2025-05-06 19:57:37 App is up to date.
2025-05-06 20:57:37 Checking for update using Github
2025-05-06 20:57:37 Success.
2025-05-06 20:57:37 Latest version is 1.8.10
2025-05-06 20:57:37 App is up to date.
2025-05-08 19:20:09 Loading main app package /usr/lib/obsidian/obsidian.asar
2025-05-08 19:20:10 Checking for update using Github
2025-05-08 19:20:10 Success.
2025-05-08 19:20:10 Latest version is 1.8.10
2025-05-08 19:20:10 App is up to date.
2025-05-08 20:20:09 Checking for update using Github
2025-05-08 20:20:09 Success.
2025-05-08 20:20:09 Latest version is 1.8.10
2025-05-08 20:20:09 App is up to date.
2025-05-08 21:20:09 Checking for update using Github
2025-05-08 21:20:09 Success.
2025-05-08 21:20:09 Latest version is 1.8.10
2025-05-08 21:20:09 App is up to date.
2025-05-12 18:00:42 Loading main app package /usr/lib/obsidian/obsidian.asar
2025-05-12 18:00:42 Checking for update using Github
2025-05-12 18:00:43 Success.
2025-05-12 18:00:43 Latest version is 1.8.10
2025-05-12 18:00:43 App is up to date.
2025-05-12 19:00:42 Checking for update using Github
2025-05-12 19:00:42 Success.
2025-05-12 19:00:42 Latest version is 1.8.10
2025-05-12 19:00:42 App is up to date.
2025-05-13 18:58:04 Loading main app package /usr/lib/obsidian/obsidian.asar
2025-05-13 18:58:05 Checking for update using Github
2025-05-13 18:58:05 Success.
2025-05-13 18:58:05 Latest version is 1.8.10
2025-05-13 18:58:05 App is up to date.
2025-05-13 19:58:04 Checking for update using Github
2025-05-13 19:58:05 Success.
2025-05-13 19:58:05 Latest version is 1.8.10
2025-05-13 19:58:05 App is up to date.
2025-05-13 20:35:31 Loading main app package /usr/lib/obsidian/obsidian.asar
2025-05-13 20:35:31 Checking for update using Github
2025-05-13 20:35:32 Success.
2025-05-13 20:35:32 Latest version is 1.8.10
2025-05-13 20:35:32 App is up to date.
2025-05-13 21:35:31 Checking for update using Github
2025-05-13 21:35:31 Success.
2025-05-13 21:35:31 Latest version is 1.8.10
2025-05-13 21:35:31 App is up to date.
2025-05-13 21:37:36 Loading main app package /usr/lib/obsidian/obsidian.asar
2025-05-13 21:37:36 Checking for update using Github
2025-05-13 21:37:36 Success.
2025-05-13 21:37:36 Latest version is 1.8.10
2025-05-13 21:37:36 App is up to date.
2025-05-15 19:00:08 Loading main app package /usr/lib/obsidian/obsidian.asar
2025-05-15 19:00:08 Checking for update using Github
2025-05-15 19:00:09 Success.
2025-05-15 19:00:09 Latest version is 1.8.10
2025-05-15 19:00:09 App is up to date.
2025-05-15 20:00:08 Checking for update using Github
2025-05-15 20:00:08 Success.
2025-05-15 20:00:08 Latest version is 1.8.10
2025-05-15 20:00:08 App is up to date.
2025-05-15 21:00:08 Checking for update using Github
2025-05-15 21:00:08 Success.
2025-05-15 21:00:08 Latest version is 1.8.10
2025-05-15 21:00:08 App is up to date.
2025-05-20 18:57:51 Loading main app package /usr/lib/obsidian/obsidian.asar
2025-05-20 18:57:52 Checking for update using Github
2025-05-20 18:57:52 Success.
2025-05-20 18:57:52 Latest version is 1.8.10
2025-05-20 18:57:52 App is up to date.
2025-05-20 19:57:51 Checking for update using Github
2025-05-20 19:57:51 Success.
2025-05-20 19:57:51 Latest version is 1.8.10
2025-05-20 19:57:51 App is up to date.
2025-05-20 20:57:51 Checking for update using Github
2025-05-20 20:57:52 Success.
2025-05-20 20:57:52 Latest version is 1.8.10
2025-05-20 20:57:52 App is up to date.
2025-05-22 19:00:07 Loading main app package /usr/lib/obsidian/obsidian.asar
2025-05-22 19:00:08 Checking for update using Github
2025-05-22 19:00:08 Success.
2025-05-22 19:00:08 Latest version is 1.8.10
2025-05-22 19:00:08 App is up to date.
2025-05-22 20:00:07 Checking for update using Github
2025-05-22 20:00:07 Success.
2025-05-22 20:00:07 Latest version is 1.8.10
2025-05-22 20:00:07 App is up to date.
2025-05-22 21:00:07 Checking for update using Github
2025-05-22 21:00:07 Success.
2025-05-22 21:00:07 Latest version is 1.8.10
2025-05-22 21:00:07 App is up to date.
2025-05-29 19:00:02 Loading main app package /usr/lib/obsidian/obsidian.asar
2025-05-29 19:00:02 Checking for update using Github
2025-05-29 19:00:02 Success.
2025-05-29 19:00:02 Latest version is 1.8.10
2025-05-29 19:00:02 App is up to date.
2025-05-29 19:00:17 Loading main app package /usr/lib/obsidian/obsidian.asar
2025-05-29 19:00:18 Checking for update using Github
2025-05-29 19:00:18 Success.
2025-05-29 19:00:18 Latest version is 1.8.10
2025-05-29 19:00:18 App is up to date.
2025-05-29 20:00:17 Checking for update using Github
2025-05-29 20:00:17 Success.
2025-05-29 20:00:17 Latest version is 1.8.10
2025-05-29 20:00:17 App is up to date.
2025-05-29 21:00:17 Checking for update using Github
2025-05-29 21:00:17 Success.
2025-05-29 21:00:17 Latest version is 1.8.10
2025-05-29 21:00:17 App is up to date.
2025-06-03 19:00:11 Loading main app package /usr/lib/obsidian/obsidian.asar
2025-06-03 19:00:12 Checking for update using Github
2025-06-03 19:00:12 Success.
2025-06-03 19:00:12 Latest version is 1.8.10
2025-06-03 19:00:12 App is up to date.
2025-06-03 20:00:11 Checking for update using Github
2025-06-03 20:00:11 Success.
2025-06-03 20:00:11 Latest version is 1.8.10
2025-06-03 20:00:11 App is up to date.
2025-06-03 21:00:11 Checking for update using Github
2025-06-03 21:00:11 Success.
2025-06-03 21:00:11 Latest version is 1.8.10
2025-06-03 21:00:11 App is up to date.
2025-06-05 19:03:54 Loading main app package /usr/lib/obsidian/obsidian.asar
2025-06-05 19:03:54 Checking for update using Github
2025-06-05 19:03:55 Success.
2025-06-05 19:03:55 Latest version is 1.8.10
2025-06-05 19:03:55 App is up to date.
