2025-05-01 22:18:51.891 [info] Extension host with pid 475997 started
2025-05-01 22:18:51.892 [info] Skipping acquiring lock for /home/mochi/.config/Code - OSS/User/workspaceStorage/69d5a36b6ebfab33d82ecfbc1ebf4366.
2025-05-01 22:18:52.156 [info] ExtensionService#_doActivateExtension vscode.emmet, startup: false, activationEvent: 'onLanguage'
2025-05-01 22:18:52.184 [info] ExtensionService#_doActivateExtension svelte.svelte-vscode, startup: false, activationEvent: 'onLanguage:svelte'
2025-05-01 22:18:52.295 [info] ExtensionService#_doActivateExtension vscode.css-language-features, startup: false, activationEvent: 'onLanguage:css'
2025-05-01 22:18:52.711 [info] ExtensionService#_doActivateExtension vscode.typescript-language-features, startup: false, activationEvent: 'onCommand:_typescript.configurePlugin'
2025-05-01 22:18:52.793 [info] ExtensionService#_doActivateExtension vscode.git-base, startup: true, activationEvent: '*', root cause: vscode.git
2025-05-01 22:18:52.798 [info] ExtensionService#_doActivateExtension vscode.npm, startup: true, activationEvent: 'workspaceContains:package.json'
2025-05-01 22:18:52.905 [info] ExtensionService#_doActivateExtension vscode.git, startup: true, activationEvent: '*'
2025-05-01 22:18:52.966 [info] ExtensionService#_doActivateExtension vscode.github, startup: true, activationEvent: '*'
2025-05-01 22:18:53.055 [info] Eager extensions activated
2025-05-01 22:18:53.116 [info] ExtensionService#_doActivateExtension vscode.debug-auto-launch, startup: false, activationEvent: 'onStartupFinished'
2025-05-01 22:18:53.119 [info] ExtensionService#_doActivateExtension vscode.merge-conflict, startup: false, activationEvent: 'onStartupFinished'
2025-05-01 22:18:53.395 [info] ExtensionService#_doActivateExtension vscode.github-authentication, startup: false, activationEvent: 'onAuthenticationRequest:github'
2025-05-01 22:18:58.106 [info] ExtensionService#_doActivateExtension vscode.configuration-editing, startup: false, activationEvent: 'onLanguage:json'
2025-05-01 22:18:58.118 [info] ExtensionService#_doActivateExtension vscode.extension-editing, startup: false, activationEvent: 'onLanguage:json'
2025-05-01 22:18:58.131 [info] ExtensionService#_doActivateExtension vscode.json-language-features, startup: false, activationEvent: 'onLanguage:json'
2025-05-01 22:19:09.096 [error] [svelte.svelte-vscode] provider FAILED
2025-05-01 22:19:09.096 [error] Error: Request textDocument/codeLens failed with message: Cannot read properties of undefined (reading 'filter')
	at handleResponse (/home/mochi/.vscode-oss/extensions/svelte.svelte-vscode-109.5.4-universal/node_modules/vscode-jsonrpc/lib/common/connection.js:565:48)
	at handleMessage (/home/mochi/.vscode-oss/extensions/svelte.svelte-vscode-109.5.4-universal/node_modules/vscode-jsonrpc/lib/common/connection.js:345:13)
	at processMessageQueue (/home/mochi/.vscode-oss/extensions/svelte.svelte-vscode-109.5.4-universal/node_modules/vscode-jsonrpc/lib/common/connection.js:362:17)
	at Immediate.<anonymous> (/home/mochi/.vscode-oss/extensions/svelte.svelte-vscode-109.5.4-universal/node_modules/vscode-jsonrpc/lib/common/connection.js:334:13)
	at process.processImmediate (node:internal/timers:483:21)
2025-05-01 22:20:33.443 [info] ExtensionService#_doActivateExtension vscode.html-language-features, startup: false, activationEvent: 'onLanguage:html'
2025-05-01 22:48:29.509 [info] ExtensionService#_doActivateExtension vscode.simple-browser, startup: false, activationEvent: 'onOpenExternalUri:https'
2025-05-02 08:28:19.447 [info] Extension host terminating: renderer closed the MessagePort
2025-05-02 08:28:19.465 [error] Canceled: Canceled
	at new HR (file:///usr/lib/code/out/vs/workbench/api/node/extensionHostProcess.js:29:111362)
	at i4.U (file:///usr/lib/code/out/vs/workbench/api/node/extensionHostProcess.js:29:115973)
	at s.<computed>.n.charCodeAt.s.<computed> (file:///usr/lib/code/out/vs/workbench/api/node/extensionHostProcess.js:29:113467)
	at vw.g (file:///usr/lib/code/out/vs/workbench/api/node/extensionHostProcess.js:111:40983)
	at vw.executeCommand (file:///usr/lib/code/out/vs/workbench/api/node/extensionHostProcess.js:111:40487)
	at r.registerCommand.description (file:///usr/lib/code/out/vs/workbench/api/node/extensionHostProcess.js:111:39817)
	at vw.h (file:///usr/lib/code/out/vs/workbench/api/node/extensionHostProcess.js:111:41503)
	at vw.g (file:///usr/lib/code/out/vs/workbench/api/node/extensionHostProcess.js:111:40580)
	at vw.executeCommand (file:///usr/lib/code/out/vs/workbench/api/node/extensionHostProcess.js:111:40487)
	at Object.executeCommand (file:///usr/lib/code/out/vs/workbench/api/node/extensionHostProcess.js:173:30346)
	at Ah.L [as value] (/usr/lib/code/extensions/git/dist/main.js:2:511809)
	at D.B (file:///usr/lib/code/out/vs/workbench/api/node/extensionHostProcess.js:27:2375)
	at D.C (file:///usr/lib/code/out/vs/workbench/api/node/extensionHostProcess.js:27:2445)
	at D.fire (file:///usr/lib/code/out/vs/workbench/api/node/extensionHostProcess.js:27:2662)
	at Object.g [as dispose] (/usr/lib/code/extensions/git/dist/main.js:2:534449)
	at /usr/lib/code/extensions/git/dist/main.js:2:540767
	at Array.forEach (<anonymous>)
	at b.dispose (/usr/lib/code/extensions/git/dist/main.js:2:540753)
	at iv.<anonymous> (file:///usr/lib/code/out/vs/workbench/api/node/extensionHostProcess.js:107:8922)
	at iv.dispose (file:///usr/lib/code/out/vs/workbench/api/node/extensionHostProcess.js:107:9018)
	at iv.<anonymous> (/usr/lib/code/extensions/git/dist/main.js:2:514293)
	at iv.dispose (file:///usr/lib/code/out/vs/workbench/api/node/extensionHostProcess.js:107:9018)
	at pi (file:///usr/lib/code/out/vs/workbench/api/node/extensionHostProcess.js:25:701)
	at file:///usr/lib/code/out/vs/workbench/api/node/extensionHostProcess.js:115:14994
	at file:///usr/lib/code/out/vs/workbench/api/node/extensionHostProcess.js:25:1011
	at Object.dispose (file:///usr/lib/code/out/vs/workbench/api/node/extensionHostProcess.js:8:705)
	at vV.eb (file:///usr/lib/code/out/vs/workbench/api/node/extensionHostProcess.js:115:11921)
	at file:///usr/lib/code/out/vs/workbench/api/node/extensionHostProcess.js:115:9876
	at Array.map (<anonymous>)
	at vV.$ (file:///usr/lib/code/out/vs/workbench/api/node/extensionHostProcess.js:115:9864)
	at vV.terminate (file:///usr/lib/code/out/vs/workbench/api/node/extensionHostProcess.js:115:10107)
	at oD.terminate (file:///usr/lib/code/out/vs/workbench/api/node/extensionHostProcess.js:116:1434)
	at es (file:///usr/lib/code/out/vs/workbench/api/node/extensionHostProcess.js:197:5701)
	at MessagePortMain.<anonymous> (file:///usr/lib/code/out/vs/workbench/api/node/extensionHostProcess.js:197:2249)
	at MessagePortMain.emit (node:events:524:28)
	at MessagePortMain._internalPort.emit (node:electron/js2c/utility_init:2:2949) setContext undefined
2025-05-02 08:28:19.466 [error] Canceled: Canceled
	at new HR (file:///usr/lib/code/out/vs/workbench/api/node/extensionHostProcess.js:29:111362)
	at i4.U (file:///usr/lib/code/out/vs/workbench/api/node/extensionHostProcess.js:29:115973)
	at s.<computed>.n.charCodeAt.s.<computed> (file:///usr/lib/code/out/vs/workbench/api/node/extensionHostProcess.js:29:113467)
	at vw.g (file:///usr/lib/code/out/vs/workbench/api/node/extensionHostProcess.js:111:40983)
	at vw.executeCommand (file:///usr/lib/code/out/vs/workbench/api/node/extensionHostProcess.js:111:40487)
	at r.registerCommand.description (file:///usr/lib/code/out/vs/workbench/api/node/extensionHostProcess.js:111:39817)
	at vw.h (file:///usr/lib/code/out/vs/workbench/api/node/extensionHostProcess.js:111:41503)
	at vw.g (file:///usr/lib/code/out/vs/workbench/api/node/extensionHostProcess.js:111:40580)
	at vw.executeCommand (file:///usr/lib/code/out/vs/workbench/api/node/extensionHostProcess.js:111:40487)
	at Object.executeCommand (file:///usr/lib/code/out/vs/workbench/api/node/extensionHostProcess.js:173:30346)
	at set hasGitHubRepositories (/usr/lib/code/extensions/github/dist/extension.js:2:217805)
	at /usr/lib/code/extensions/github/dist/extension.js:2:218764
	at Ah.value (/usr/lib/code/extensions/git/dist/main.js:2:631688)
	at D.B (file:///usr/lib/code/out/vs/workbench/api/node/extensionHostProcess.js:27:2375)
	at D.C (file:///usr/lib/code/out/vs/workbench/api/node/extensionHostProcess.js:27:2445)
	at D.fire (file:///usr/lib/code/out/vs/workbench/api/node/extensionHostProcess.js:27:2662)
	at Object.g [as dispose] (/usr/lib/code/extensions/git/dist/main.js:2:534449)
	at /usr/lib/code/extensions/git/dist/main.js:2:540767
	at Array.forEach (<anonymous>)
	at b.dispose (/usr/lib/code/extensions/git/dist/main.js:2:540753)
	at iv.<anonymous> (file:///usr/lib/code/out/vs/workbench/api/node/extensionHostProcess.js:107:8922)
	at iv.dispose (file:///usr/lib/code/out/vs/workbench/api/node/extensionHostProcess.js:107:9018)
	at iv.<anonymous> (/usr/lib/code/extensions/git/dist/main.js:2:514293)
	at iv.dispose (file:///usr/lib/code/out/vs/workbench/api/node/extensionHostProcess.js:107:9018)
	at pi (file:///usr/lib/code/out/vs/workbench/api/node/extensionHostProcess.js:25:701)
	at file:///usr/lib/code/out/vs/workbench/api/node/extensionHostProcess.js:115:14994
	at file:///usr/lib/code/out/vs/workbench/api/node/extensionHostProcess.js:25:1011
	at Object.dispose (file:///usr/lib/code/out/vs/workbench/api/node/extensionHostProcess.js:8:705)
	at vV.eb (file:///usr/lib/code/out/vs/workbench/api/node/extensionHostProcess.js:115:11921)
	at file:///usr/lib/code/out/vs/workbench/api/node/extensionHostProcess.js:115:9876
	at Array.map (<anonymous>)
	at vV.$ (file:///usr/lib/code/out/vs/workbench/api/node/extensionHostProcess.js:115:9864)
	at vV.terminate (file:///usr/lib/code/out/vs/workbench/api/node/extensionHostProcess.js:115:10107)
	at oD.terminate (file:///usr/lib/code/out/vs/workbench/api/node/extensionHostProcess.js:116:1434)
	at es (file:///usr/lib/code/out/vs/workbench/api/node/extensionHostProcess.js:197:5701)
	at MessagePortMain.<anonymous> (file:///usr/lib/code/out/vs/workbench/api/node/extensionHostProcess.js:197:2249)
	at MessagePortMain.emit (node:events:524:28)
	at MessagePortMain._internalPort.emit (node:electron/js2c/utility_init:2:2949) setContext undefined
2025-05-02 08:28:19.469 [info] Extension host with pid 475997 exiting with code 0
